#
# There is insufficient memory for the Java Runtime Environment to continue.
# Native memory allocation (malloc) failed to allocate 1756848 bytes. Error detail: Chunk::new
# Possible reasons:
#   The system is out of physical RAM or swap space
#   This process is running with CompressedOops enabled, and the Java Heap may be blocking the growth of the native heap
# Possible solutions:
#   Reduce memory load on the system
#   Increase physical memory or swap space
#   Check if swap backing store is full
#   Decrease Java heap size (-Xmx/-Xms)
#   Decrease number of Java threads
#   Decrease Java thread stack sizes (-Xss)
#   Set larger code cache with -XX:ReservedCodeCacheSize=
#   JVM is running with Unscaled Compressed Oops mode in which the Java heap is
#     placed in the first 4GB address space. The Java Heap base address is the
#     maximum limit for the native heap growth. Please use -XX:HeapBaseMinAddress
#     to set the Java Heap base and to place the Java Heap above 4GB virtual address.
# This output file may be truncated or incomplete.
#
#  Out of Memory Error (arena.cpp:168), pid=15152, tid=14424
#
# JRE version: OpenJDK Runtime Environment Temurin-21.0.6+7 (21.0.6+7) (build 21.0.6+7-LTS)
# Java VM: OpenJDK 64-Bit Server VM Temurin-21.0.6+7 (21.0.6+7-LTS, mixed mode, sharing, tiered, compressed oops, compressed class ptrs, parallel gc, windows-amd64)
# No core dump will be written. Minidumps are not enabled by default on client versions of Windows
#

---------------  S U M M A R Y ------------

Command Line: --add-modules=ALL-SYSTEM --add-opens=java.base/java.util=ALL-UNNAMED --add-opens=java.base/java.lang=ALL-UNNAMED --add-opens=java.base/sun.nio.fs=ALL-UNNAMED -Declipse.application=org.eclipse.jdt.ls.core.id1 -Dosgi.bundles.defaultStartLevel=4 -Declipse.product=org.eclipse.jdt.ls.core.product -Djava.import.generatesMetadataFilesAtProjectRoot=false -DDetectVMInstallationsJob.disabled=true -Dfile.encoding=utf8 -XX:+UseParallelGC -XX:GCTimeRatio=4 -XX:AdaptiveSizePolicyWeight=90 -Dsun.zip.disableMemoryMapping=true -Xmx1G -Xms100m -Xlog:disable -javaagent:c:\Users\Sathishkumar\.vscode\extensions\redhat.java-1.41.1-win32-x64\lombok\lombok-1.18.36.jar -XX:+HeapDumpOnOutOfMemoryError -XX:HeapDumpPath=c:\Users\Sathishkumar\AppData\Roaming\Code\User\workspaceStorage\c89724eef4cea2055b3623321f8559ac\redhat.java -Daether.dependencyCollector.impl=bf c:\Users\Sathishkumar\.vscode\extensions\redhat.java-1.41.1-win32-x64\server\plugins\org.eclipse.equinox.launcher_1.7.0.v20250331-1702.jar -configuration c:\Users\Sathishkumar\AppData\Roaming\Code\User\globalStorage\redhat.java\1.41.1\config_win -data c:\Users\Sathishkumar\AppData\Roaming\Code\User\workspaceStorage\c89724eef4cea2055b3623321f8559ac\redhat.java\jdt_ws --pipe=\\.\pipe\lsp-dd3ed8ff7e3c4e6d8f4389b57c8bc2ef-sock

Host: AMD Ryzen 5 5500U with Radeon Graphics         , 12 cores, 5G,  Windows 11 , 64 bit Build 22621 (10.0.22621.5124)
Time: Sun Apr 20 01:29:51 2025 Malay Peninsula Standard Time elapsed time: 9.047172 seconds (0d 0h 0m 9s)

---------------  T H R E A D  ---------------

Current thread (0x000001ef63685910):  JavaThread "C2 CompilerThread2" daemon [_thread_in_native, id=14424, stack(0x000000690d000000,0x000000690d100000) (1024K)]


Current CompileTask:
C2:9047 7864       4       org.eclipse.jdt.internal.core.search.indexing.BinaryIndexer::extractReferenceFromConstantPool (358 bytes)

Stack: [0x000000690d000000,0x000000690d100000]
Native frames: (J=compiled Java code, j=interpreted, Vv=VM code, C=native code)
V  [jvm.dll+0x6cdee9]
V  [jvm.dll+0x8a83d1]
V  [jvm.dll+0x8aa8fe]
V  [jvm.dll+0x8aafe3]
V  [jvm.dll+0x27f706]
V  [jvm.dll+0xc500d]
V  [jvm.dll+0xc5543]
V  [jvm.dll+0x3b678c]
V  [jvm.dll+0x1e0009]
V  [jvm.dll+0x247b42]
V  [jvm.dll+0x246fcf]
V  [jvm.dll+0x1c75ee]
V  [jvm.dll+0x25685a]
V  [jvm.dll+0x254dfa]
V  [jvm.dll+0x3f0256]
V  [jvm.dll+0x851f8b]
V  [jvm.dll+0x6cc5ed]
C  [ucrtbase.dll+0x29333]
C  [KERNEL32.DLL+0x1259d]
C  [ntdll.dll+0x5af38]


---------------  P R O C E S S  ---------------

Threads class SMR info:
_java_thread_list=0x000001ef62945bc0, length=66, elements={
0x000001ef4365ef90, 0x000001ef43703390, 0x000001ef57a4bf60, 0x000001ef437050e0,
0x000001ef43706270, 0x000001ef437099b0, 0x000001ef4370cc50, 0x000001ef4370e3f0,
0x000001ef43719570, 0x000001ef436cd650, 0x000001ef590d79a0, 0x000001ef59260d30,
0x000001ef5e691de0, 0x000001ef5e6b23b0, 0x000001ef5e650ec0, 0x000001ef5e8073d0,
0x000001ef5eabadf0, 0x000001ef5efcc390, 0x000001ef5ebfc490, 0x000001ef5ebfbe00,
0x000001ef5ebfd1b0, 0x000001ef5ebfb0e0, 0x000001ef5ebfd840, 0x000001ef5ebfded0,
0x000001ef5ebfe560, 0x000001ef6060d4e0, 0x000001ef6060db70, 0x000001ef6060a060,
0x000001ef6060e200, 0x000001ef6060a6f0, 0x000001ef60607270, 0x000001ef6060e890,
0x000001ef60607900, 0x000001ef60607f90, 0x000001ef60608620, 0x000001ef60608cb0,
0x000001ef60609340, 0x000001ef6060baa0, 0x000001ef6060c130, 0x000001ef606099d0,
0x000001ef6060c7c0, 0x000001ef6060ce50, 0x000001ef6060ad80, 0x000001ef6060b410,
0x000001ef60d6f4e0, 0x000001ef60d74a30, 0x000001ef60d750c0, 0x000001ef60d70890,
0x000001ef60d76470, 0x000001ef60d75750, 0x000001ef60d75de0, 0x000001ef60d70f20,
0x000001ef60d76b00, 0x000001ef60d6fb70, 0x000001ef60d73680, 0x000001ef60d70200,
0x000001ef60d722d0, 0x000001ef60d72960, 0x000001ef60d715b0, 0x000001ef60d71c40,
0x000001ef60d72ff0, 0x000001ef60d73d10, 0x000001ef61e497c0, 0x000001ef61e49e50,
0x000001ef61e4a4e0, 0x000001ef63685910
}

Java Threads: ( => current thread )
  0x000001ef4365ef90 JavaThread "main"                              [_thread_blocked, id=5608, stack(0x000000690b200000,0x000000690b300000) (1024K)]
  0x000001ef43703390 JavaThread "Reference Handler"          daemon [_thread_blocked, id=2200, stack(0x000000690b600000,0x000000690b700000) (1024K)]
  0x000001ef57a4bf60 JavaThread "Finalizer"                  daemon [_thread_blocked, id=13840, stack(0x000000690b700000,0x000000690b800000) (1024K)]
  0x000001ef437050e0 JavaThread "Signal Dispatcher"          daemon [_thread_blocked, id=4344, stack(0x000000690b800000,0x000000690b900000) (1024K)]
  0x000001ef43706270 JavaThread "Attach Listener"            daemon [_thread_blocked, id=21184, stack(0x000000690b900000,0x000000690ba00000) (1024K)]
  0x000001ef437099b0 JavaThread "Service Thread"             daemon [_thread_blocked, id=8604, stack(0x000000690ba00000,0x000000690bb00000) (1024K)]
  0x000001ef4370cc50 JavaThread "Monitor Deflation Thread"   daemon [_thread_blocked, id=9628, stack(0x000000690bb00000,0x000000690bc00000) (1024K)]
  0x000001ef4370e3f0 JavaThread "C2 CompilerThread0"         daemon [_thread_in_native, id=2212, stack(0x000000690bc00000,0x000000690bd00000) (1024K)]
  0x000001ef43719570 JavaThread "C1 CompilerThread0"         daemon [_thread_blocked, id=8624, stack(0x000000690bd00000,0x000000690be00000) (1024K)]
  0x000001ef436cd650 JavaThread "Common-Cleaner"             daemon [_thread_blocked, id=16176, stack(0x000000690be00000,0x000000690bf00000) (1024K)]
  0x000001ef590d79a0 JavaThread "C2 CompilerThread1"         daemon [_thread_in_native, id=4128, stack(0x000000690bf00000,0x000000690c000000) (1024K)]
  0x000001ef59260d30 JavaThread "Notification Thread"        daemon [_thread_blocked, id=22188, stack(0x000000690c000000,0x000000690c100000) (1024K)]
  0x000001ef5e691de0 JavaThread "Active Thread: Equinox Container: 5ce60ecc-ca02-49a2-a5af-81dbbc60076d"        [_thread_blocked, id=12664, stack(0x000000690c700000,0x000000690c800000) (1024K)]
  0x000001ef5e6b23b0 JavaThread "Refresh Thread: Equinox Container: 5ce60ecc-ca02-49a2-a5af-81dbbc60076d" daemon [_thread_blocked, id=5508, stack(0x000000690c800000,0x000000690c900000) (1024K)]
  0x000001ef5e650ec0 JavaThread "Framework Event Dispatcher: Equinox Container: 5ce60ecc-ca02-49a2-a5af-81dbbc60076d" daemon [_thread_blocked, id=7284, stack(0x000000690ca00000,0x000000690cb00000) (1024K)]
  0x000001ef5e8073d0 JavaThread "Start Level: Equinox Container: 5ce60ecc-ca02-49a2-a5af-81dbbc60076d" daemon [_thread_blocked, id=14696, stack(0x000000690cb00000,0x000000690cc00000) (1024K)]
  0x000001ef5eabadf0 JavaThread "Bundle File Closer"         daemon [_thread_blocked, id=12188, stack(0x000000690cc00000,0x000000690cd00000) (1024K)]
  0x000001ef5efcc390 JavaThread "SCR Component Actor"        daemon [_thread_blocked, id=11892, stack(0x000000690cf00000,0x000000690d000000) (1024K)]
  0x000001ef5ebfc490 JavaThread "Worker-JM"                         [_thread_blocked, id=20516, stack(0x000000690d100000,0x000000690d200000) (1024K)]
  0x000001ef5ebfbe00 JavaThread "JNA Cleaner"                daemon [_thread_blocked, id=13724, stack(0x000000690d200000,0x000000690d300000) (1024K)]
  0x000001ef5ebfd1b0 JavaThread "Worker-0"                          [_thread_blocked, id=10316, stack(0x000000690d300000,0x000000690d400000) (1024K)]
  0x000001ef5ebfb0e0 JavaThread "Worker-1: Java indexing... "        [_thread_blocked, id=21324, stack(0x000000690d400000,0x000000690d500000) (1024K)]
  0x000001ef5ebfd840 JavaThread "Java indexing"              daemon [_thread_in_Java, id=21408, stack(0x000000690d500000,0x000000690d600000) (1024K)]
  0x000001ef5ebfded0 JavaThread "Worker-2"                          [_thread_blocked, id=21664, stack(0x000000690d600000,0x000000690d700000) (1024K)]
  0x000001ef5ebfe560 JavaThread "Worker-3"                          [_thread_blocked, id=19376, stack(0x000000690d700000,0x000000690d800000) (1024K)]
  0x000001ef6060d4e0 JavaThread "Thread-2"                   daemon [_thread_in_native, id=3180, stack(0x000000690d800000,0x000000690d900000) (1024K)]
  0x000001ef6060db70 JavaThread "Thread-3"                   daemon [_thread_in_native, id=6888, stack(0x000000690d900000,0x000000690da00000) (1024K)]
  0x000001ef6060a060 JavaThread "Thread-4"                   daemon [_thread_in_native, id=2588, stack(0x000000690da00000,0x000000690db00000) (1024K)]
  0x000001ef6060e200 JavaThread "Thread-5"                   daemon [_thread_in_native, id=5904, stack(0x000000690db00000,0x000000690dc00000) (1024K)]
  0x000001ef6060a6f0 JavaThread "Thread-6"                   daemon [_thread_in_native, id=9540, stack(0x000000690dc00000,0x000000690dd00000) (1024K)]
  0x000001ef60607270 JavaThread "Thread-7"                   daemon [_thread_in_native, id=7376, stack(0x000000690dd00000,0x000000690de00000) (1024K)]
  0x000001ef6060e890 JavaThread "Thread-8"                   daemon [_thread_in_native, id=7424, stack(0x000000690de00000,0x000000690df00000) (1024K)]
  0x000001ef60607900 JavaThread "Thread-9"                   daemon [_thread_in_native, id=10368, stack(0x000000690df00000,0x000000690e000000) (1024K)]
  0x000001ef60607f90 JavaThread "Thread-10"                  daemon [_thread_in_native, id=5212, stack(0x000000690e000000,0x000000690e100000) (1024K)]
  0x000001ef60608620 JavaThread "Thread-11"                  daemon [_thread_in_native, id=11372, stack(0x000000690e100000,0x000000690e200000) (1024K)]
  0x000001ef60608cb0 JavaThread "Thread-12"                  daemon [_thread_in_native, id=5352, stack(0x000000690e200000,0x000000690e300000) (1024K)]
  0x000001ef60609340 JavaThread "Thread-13"                  daemon [_thread_in_native, id=1784, stack(0x000000690e300000,0x000000690e400000) (1024K)]
  0x000001ef6060baa0 JavaThread "Thread-14"                  daemon [_thread_in_native, id=2520, stack(0x000000690e400000,0x000000690e500000) (1024K)]
  0x000001ef6060c130 JavaThread "pool-2-thread-1"                   [_thread_blocked, id=20344, stack(0x000000690e500000,0x000000690e600000) (1024K)]
  0x000001ef606099d0 JavaThread "Worker-4: Initialize Workspace"        [_thread_in_Java, id=3460, stack(0x000000690e600000,0x000000690e700000) (1024K)]
  0x000001ef6060c7c0 JavaThread "Worker-5"                          [_thread_blocked, id=3268, stack(0x000000690e700000,0x000000690e800000) (1024K)]
  0x000001ef6060ce50 JavaThread "WorkspaceEventsHandler"            [_thread_blocked, id=3132, stack(0x000000690e900000,0x000000690ea00000) (1024K)]
  0x000001ef6060ad80 JavaThread "pool-1-thread-1"                   [_thread_blocked, id=14816, stack(0x000000690ea00000,0x000000690eb00000) (1024K)]
  0x000001ef6060b410 JavaThread "Keep-Alive-Timer"           daemon [_thread_blocked, id=9208, stack(0x000000690eb00000,0x000000690ec00000) (1024K)]
  0x000001ef60d6f4e0 JavaThread "Compiler Source File Reader" daemon [_thread_blocked, id=16108, stack(0x000000690ec00000,0x000000690ed00000) (1024K)]
  0x000001ef60d74a30 JavaThread "Compiler Source File Reader" daemon [_thread_blocked, id=15148, stack(0x000000690ed00000,0x000000690ee00000) (1024K)]
  0x000001ef60d750c0 JavaThread "Compiler Source File Reader" daemon [_thread_blocked, id=3292, stack(0x000000690ee00000,0x000000690ef00000) (1024K)]
  0x000001ef60d70890 JavaThread "Compiler Source File Reader" daemon [_thread_blocked, id=15784, stack(0x000000690ef00000,0x000000690f000000) (1024K)]
  0x000001ef60d76470 JavaThread "Compiler Source File Reader" daemon [_thread_blocked, id=7724, stack(0x000000690f000000,0x000000690f100000) (1024K)]
  0x000001ef60d75750 JavaThread "Compiler Source File Reader" daemon [_thread_blocked, id=2980, stack(0x000000690f100000,0x000000690f200000) (1024K)]
  0x000001ef60d75de0 JavaThread "Compiler Source File Reader" daemon [_thread_blocked, id=18388, stack(0x000000690f200000,0x000000690f300000) (1024K)]
  0x000001ef60d70f20 JavaThread "Compiler Source File Reader" daemon [_thread_blocked, id=13416, stack(0x000000690f300000,0x000000690f400000) (1024K)]
  0x000001ef60d76b00 JavaThread "Compiler Source File Reader" daemon [_thread_blocked, id=15836, stack(0x000000690f400000,0x000000690f500000) (1024K)]
  0x000001ef60d6fb70 JavaThread "Compiler Source File Reader" daemon [_thread_blocked, id=8912, stack(0x000000690f500000,0x000000690f600000) (1024K)]
  0x000001ef60d73680 JavaThread "Compiler Processing Task"   daemon [_thread_blocked, id=12252, stack(0x000000690f600000,0x000000690f700000) (1024K)]
  0x000001ef60d70200 JavaThread "Compiler Class File Writer" daemon [_thread_blocked, id=14716, stack(0x000000690f700000,0x000000690f800000) (1024K)]
  0x000001ef60d722d0 JavaThread "Compiler Class File Writer" daemon [_thread_blocked, id=14492, stack(0x000000690f800000,0x000000690f900000) (1024K)]
  0x000001ef60d72960 JavaThread "Compiler Class File Writer" daemon [_thread_blocked, id=14064, stack(0x000000690f900000,0x000000690fa00000) (1024K)]
  0x000001ef60d715b0 JavaThread "Compiler Class File Writer" daemon [_thread_blocked, id=20392, stack(0x000000690fa00000,0x000000690fb00000) (1024K)]
  0x000001ef60d71c40 JavaThread "Compiler Class File Writer" daemon [_thread_blocked, id=13296, stack(0x000000690fb00000,0x000000690fc00000) (1024K)]
  0x000001ef60d72ff0 JavaThread "Compiler Class File Writer" daemon [_thread_blocked, id=13080, stack(0x000000690fc00000,0x000000690fd00000) (1024K)]
  0x000001ef60d73d10 JavaThread "Compiler Class File Writer" daemon [_thread_blocked, id=21872, stack(0x000000690fd00000,0x000000690fe00000) (1024K)]
  0x000001ef61e497c0 JavaThread "Compiler Class File Writer" daemon [_thread_blocked, id=1840, stack(0x000000690fe00000,0x000000690ff00000) (1024K)]
  0x000001ef61e49e50 JavaThread "Compiler Class File Writer" daemon [_thread_blocked, id=21848, stack(0x000000690ff00000,0x0000006910000000) (1024K)]
  0x000001ef61e4a4e0 JavaThread "Compiler Class File Writer" daemon [_thread_blocked, id=16860, stack(0x0000006910000000,0x0000006910100000) (1024K)]
=>0x000001ef63685910 JavaThread "C2 CompilerThread2"         daemon [_thread_in_native, id=14424, stack(0x000000690d000000,0x000000690d100000) (1024K)]
Total: 66

Other Threads:
  0x000001ef436febc0 VMThread "VM Thread"                           [id=17648, stack(0x000000690b500000,0x000000690b600000) (1024K)]
  0x000001ef5792ca00 WatcherThread "VM Periodic Task Thread"        [id=8812, stack(0x000000690b400000,0x000000690b500000) (1024K)]
  0x000001ef4367e1a0 WorkerThread "GC Thread#0"                     [id=12272, stack(0x000000690b300000,0x000000690b400000) (1024K)]
  0x000001ef5e25a380 WorkerThread "GC Thread#1"                     [id=21380, stack(0x000000690c100000,0x000000690c200000) (1024K)]
  0x000001ef5e25a720 WorkerThread "GC Thread#2"                     [id=8680, stack(0x000000690c200000,0x000000690c300000) (1024K)]
  0x000001ef5e0410a0 WorkerThread "GC Thread#3"                     [id=16612, stack(0x000000690c300000,0x000000690c400000) (1024K)]
  0x000001ef5e041440 WorkerThread "GC Thread#4"                     [id=18256, stack(0x000000690c400000,0x000000690c500000) (1024K)]
  0x000001ef5e0417e0 WorkerThread "GC Thread#5"                     [id=20328, stack(0x000000690c500000,0x000000690c600000) (1024K)]
  0x000001ef5e256d50 WorkerThread "GC Thread#6"                     [id=15852, stack(0x000000690c600000,0x000000690c700000) (1024K)]
  0x000001ef5e80c0c0 WorkerThread "GC Thread#7"                     [id=4692, stack(0x000000690c900000,0x000000690ca00000) (1024K)]
  0x000001ef5e9a5dd0 WorkerThread "GC Thread#8"                     [id=15760, stack(0x000000690cd00000,0x000000690ce00000) (1024K)]
  0x000001ef5eed7460 WorkerThread "GC Thread#9"                     [id=14952, stack(0x000000690ce00000,0x000000690cf00000) (1024K)]
Total: 12

Threads with active compile tasks:
C2 CompilerThread0  9074 7914       4       org.eclipse.jdt.internal.core.search.indexing.BinaryIndexer::extractArgCount (316 bytes)
C2 CompilerThread1  9074 7872   !   4       org.eclipse.jdt.internal.core.search.indexing.BinaryIndexer::indexDocument (1204 bytes)
C2 CompilerThread2  9074 7864       4       org.eclipse.jdt.internal.core.search.indexing.BinaryIndexer::extractReferenceFromConstantPool (358 bytes)
Total: 3

VM state: not at safepoint (normal execution)

VM Mutex/Monitor currently owned by a thread: None

Heap address: 0x00000000c0000000, size: 1024 MB, Compressed Oops mode: 32-bit

CDS archive(s) mapped at: [0x000001ef00000000-0x000001ef00ba0000-0x000001ef00ba0000), size 12189696, SharedBaseAddress: 0x000001ef00000000, ArchiveRelocationMode: 1.
Compressed class space mapped at: 0x000001ef01000000-0x000001ef41000000, reserved size: 1073741824
Narrow klass base: 0x000001ef00000000, Narrow klass shift: 0, Narrow klass range: 0x100000000

GC Precious Log:
 CardTable entry size: 512
 CPUs: 12 total, 12 available
 Memory: 5989M
 Large Page Support: Disabled
 NUMA Support: Disabled
 Compressed Oops: Enabled (32-bit)
 Alignments: Space 512K, Generation 512K, Heap 2M
 Heap Min Capacity: 100M
 Heap Initial Capacity: 100M
 Heap Max Capacity: 1G
 Pre-touch: Disabled
 Parallel Workers: 10

Heap:
 PSYoungGen      total 12288K, used 6566K [0x00000000eab00000, 0x00000000eb800000, 0x0000000100000000)
  eden space 11264K, 50% used [0x00000000eab00000,0x00000000eb0898b8,0x00000000eb600000)
  from space 1024K, 87% used [0x00000000eb600000,0x00000000eb6e0000,0x00000000eb700000)
  to   space 1024K, 0% used [0x00000000eb700000,0x00000000eb700000,0x00000000eb800000)
 ParOldGen       total 92160K, used 91884K [0x00000000c0000000, 0x00000000c5a00000, 0x00000000eab00000)
  object space 92160K, 99% used [0x00000000c0000000,0x00000000c59bb180,0x00000000c5a00000)
 Metaspace       used 58870K, committed 59968K, reserved 1114112K
  class space    used 6188K, committed 6656K, reserved 1048576K

Card table byte_map: [0x000001ef43030000,0x000001ef43240000] _byte_map_base: 0x000001ef42a30000

Marking Bits: (ParMarkBitMap*) 0x00007ffa99eb3260
 Begin Bits: [0x000001ef55850000, 0x000001ef56850000)
 End Bits:   [0x000001ef56850000, 0x000001ef57850000)

Polling page: 0x000001ef42e20000

Metaspace:

Usage:
  Non-class:     51.45 MB used.
      Class:      6.04 MB used.
       Both:     57.49 MB used.

Virtual space:
  Non-class space:       64.00 MB reserved,      52.06 MB ( 81%) committed,  1 nodes.
      Class space:        1.00 GB reserved,       6.50 MB ( <1%) committed,  1 nodes.
             Both:        1.06 GB reserved,      58.56 MB (  5%) committed. 

Chunk freelists:
   Non-Class:  11.77 MB
       Class:  9.32 MB
        Both:  21.09 MB

MaxMetaspaceSize: unlimited
CompressedClassSpaceSize: 1.00 GB
Initial GC threshold: 21.00 MB
Current GC threshold: 97.31 MB
CDS: on
 - commit_granule_bytes: 65536.
 - commit_granule_words: 8192.
 - virtual_space_node_default_size: 8388608.
 - enlarge_chunks_in_place: 1.
 - use_allocation_guard: 0.


Internal statistics:

num_allocs_failed_limit: 9.
num_arena_births: 852.
num_arena_deaths: 14.
num_vsnodes_births: 2.
num_vsnodes_deaths: 0.
num_space_committed: 937.
num_space_uncommitted: 0.
num_chunks_returned_to_freelist: 23.
num_chunks_taken_from_freelist: 3239.
num_chunk_merges: 12.
num_chunk_splits: 2048.
num_chunks_enlarged: 1269.
num_inconsistent_stats: 0.

CodeHeap 'non-profiled nmethods': size=120000Kb used=3563Kb max_used=3563Kb free=116437Kb
 bounds [0x000001ef4e320000, 0x000001ef4e6b0000, 0x000001ef55850000]
CodeHeap 'profiled nmethods': size=120000Kb used=15864Kb max_used=15864Kb free=104135Kb
 bounds [0x000001ef46850000, 0x000001ef477d0000, 0x000001ef4dd80000]
CodeHeap 'non-nmethods': size=5760Kb used=1438Kb max_used=1500Kb free=4321Kb
 bounds [0x000001ef4dd80000, 0x000001ef4dff0000, 0x000001ef4e320000]
 total_blobs=7925 nmethods=7175 adapters=656
 compilation: enabled
              stopped_count=0, restarted_count=0
 full_count=0

Compilation events (20 events):
Event: 9.021 Thread 0x000001ef43719570 nmethod 7970 0x000001ef46e30910 code [0x000001ef46e30b60, 0x000001ef46e31450]
Event: 9.021 Thread 0x000001ef43719570 7971       3       org.eclipse.jdt.internal.core.util.Util::splitOn (134 bytes)
Event: 9.023 Thread 0x000001ef43719570 nmethod 7971 0x000001ef46e2ec90 code [0x000001ef46e2ef60, 0x000001ef46e30190]
Event: 9.023 Thread 0x000001ef43719570 7972 %     3       sun.nio.fs.WindowsPath::normalize @ 33 (365 bytes)
Event: 9.026 Thread 0x000001ef43719570 nmethod 7972% 0x000001ef46b21e10 code [0x000001ef46b22320, 0x000001ef46b24e98]
Event: 9.027 Thread 0x000001ef43719570 7973       3       sun.nio.fs.WindowsPath::normalize (5 bytes)
Event: 9.027 Thread 0x000001ef43719570 nmethod 7973 0x000001ef46e2e890 code [0x000001ef46e2ea40, 0x000001ef46e2ec00]
Event: 9.032 Thread 0x000001ef43719570 7975       3       java.util.ArrayList$SubList::hashCode (27 bytes)
Event: 9.032 Thread 0x000001ef43719570 nmethod 7975 0x000001ef46e2df10 code [0x000001ef46e2e0e0, 0x000001ef46e2e448]
Event: 9.033 Thread 0x000001ef43719570 7976       2       org.eclipse.jdt.core.JavaConventions::validateIdentifier (33 bytes)
Event: 9.033 Thread 0x000001ef43719570 nmethod 7976 0x000001ef46b21910 code [0x000001ef46b21ae0, 0x000001ef46b21d10]
Event: 9.036 Thread 0x000001ef43719570 7978       3       java.util.ArrayList::<init> (65 bytes)
Event: 9.037 Thread 0x000001ef43719570 nmethod 7978 0x000001ef46b21010 code [0x000001ef46b21220, 0x000001ef46b21788]
Event: 9.038 Thread 0x000001ef43719570 7980  s!   2       org.eclipse.jdt.core.JavaConventions::scannedIdentifier (147 bytes)
Event: 9.039 Thread 0x000001ef43719570 nmethod 7980 0x000001ef46b20390 code [0x000001ef46b20600, 0x000001ef46b20ce0]
Event: 9.040 Thread 0x000001ef43719570 7981       3       sun.nio.fs.WindowsPath::normalize (365 bytes)
Event: 9.042 Thread 0x000001ef43719570 nmethod 7981 0x000001ef477c3710 code [0x000001ef477c3c00, 0x000001ef477c6538]
Event: 9.044 Thread 0x000001ef43719570 7982       3       java.util.ArrayList$SubList::equals (47 bytes)
Event: 9.044 Thread 0x000001ef43719570 nmethod 7982 0x000001ef46b1f990 code [0x000001ef46b1fb80, 0x000001ef46b201b8]
Event: 9.045 Thread 0x000001ef43719570 7988       3       sun.nio.fs.WindowsPath::startsWith (105 bytes)

GC Heap History (20 events):
Event: 8.730 GC heap before
{Heap before GC invocations=68 (full 3):
 PSYoungGen      total 12800K, used 12512K [0x00000000eab00000, 0x00000000eb980000, 0x0000000100000000)
  eden space 11264K, 100% used [0x00000000eab00000,0x00000000eb600000,0x00000000eb600000)
  from space 1536K, 81% used [0x00000000eb800000,0x00000000eb938000,0x00000000eb980000)
  to   space 1536K, 0% used [0x00000000eb600000,0x00000000eb600000,0x00000000eb780000)
 ParOldGen       total 85504K, used 79422K [0x00000000c0000000, 0x00000000c5380000, 0x00000000eab00000)
  object space 85504K, 92% used [0x00000000c0000000,0x00000000c4d8f8e0,0x00000000c5380000)
 Metaspace       used 58786K, committed 59968K, reserved 1114112K
  class space    used 6181K, committed 6656K, reserved 1048576K
}
Event: 8.732 GC heap after
{Heap after GC invocations=68 (full 3):
 PSYoungGen      total 12800K, used 1312K [0x00000000eab00000, 0x00000000eb900000, 0x0000000100000000)
  eden space 11264K, 0% used [0x00000000eab00000,0x00000000eab00000,0x00000000eb600000)
  from space 1536K, 85% used [0x00000000eb600000,0x00000000eb748000,0x00000000eb780000)
  to   space 1536K, 0% used [0x00000000eb780000,0x00000000eb780000,0x00000000eb900000)
 ParOldGen       total 85504K, used 80518K [0x00000000c0000000, 0x00000000c5380000, 0x00000000eab00000)
  object space 85504K, 94% used [0x00000000c0000000,0x00000000c4ea18e0,0x00000000c5380000)
 Metaspace       used 58786K, committed 59968K, reserved 1114112K
  class space    used 6181K, committed 6656K, reserved 1048576K
}
Event: 8.762 GC heap before
{Heap before GC invocations=69 (full 3):
 PSYoungGen      total 12800K, used 12576K [0x00000000eab00000, 0x00000000eb900000, 0x0000000100000000)
  eden space 11264K, 100% used [0x00000000eab00000,0x00000000eb600000,0x00000000eb600000)
  from space 1536K, 85% used [0x00000000eb600000,0x00000000eb748000,0x00000000eb780000)
  to   space 1536K, 0% used [0x00000000eb780000,0x00000000eb780000,0x00000000eb900000)
 ParOldGen       total 85504K, used 80518K [0x00000000c0000000, 0x00000000c5380000, 0x00000000eab00000)
  object space 85504K, 94% used [0x00000000c0000000,0x00000000c4ea18e0,0x00000000c5380000)
 Metaspace       used 58787K, committed 59968K, reserved 1114112K
  class space    used 6181K, committed 6656K, reserved 1048576K
}
Event: 8.764 GC heap after
{Heap after GC invocations=69 (full 3):
 PSYoungGen      total 12800K, used 1280K [0x00000000eab00000, 0x00000000eb900000, 0x0000000100000000)
  eden space 11264K, 0% used [0x00000000eab00000,0x00000000eab00000,0x00000000eb600000)
  from space 1536K, 83% used [0x00000000eb780000,0x00000000eb8c0000,0x00000000eb900000)
  to   space 1536K, 0% used [0x00000000eb600000,0x00000000eb600000,0x00000000eb780000)
 ParOldGen       total 85504K, used 81646K [0x00000000c0000000, 0x00000000c5380000, 0x00000000eab00000)
  object space 85504K, 95% used [0x00000000c0000000,0x00000000c4fbb8e0,0x00000000c5380000)
 Metaspace       used 58787K, committed 59968K, reserved 1114112K
  class space    used 6181K, committed 6656K, reserved 1048576K
}
Event: 8.790 GC heap before
{Heap before GC invocations=70 (full 3):
 PSYoungGen      total 12800K, used 12544K [0x00000000eab00000, 0x00000000eb900000, 0x0000000100000000)
  eden space 11264K, 100% used [0x00000000eab00000,0x00000000eb600000,0x00000000eb600000)
  from space 1536K, 83% used [0x00000000eb780000,0x00000000eb8c0000,0x00000000eb900000)
  to   space 1536K, 0% used [0x00000000eb600000,0x00000000eb600000,0x00000000eb780000)
 ParOldGen       total 85504K, used 81646K [0x00000000c0000000, 0x00000000c5380000, 0x00000000eab00000)
  object space 85504K, 95% used [0x00000000c0000000,0x00000000c4fbb8e0,0x00000000c5380000)
 Metaspace       used 58787K, committed 59968K, reserved 1114112K
  class space    used 6181K, committed 6656K, reserved 1048576K
}
Event: 8.792 GC heap after
{Heap after GC invocations=70 (full 3):
 PSYoungGen      total 12800K, used 1312K [0x00000000eab00000, 0x00000000eb900000, 0x0000000100000000)
  eden space 11264K, 0% used [0x00000000eab00000,0x00000000eab00000,0x00000000eb600000)
  from space 1536K, 85% used [0x00000000eb600000,0x00000000eb748000,0x00000000eb780000)
  to   space 1536K, 0% used [0x00000000eb780000,0x00000000eb780000,0x00000000eb900000)
 ParOldGen       total 85504K, used 82806K [0x00000000c0000000, 0x00000000c5380000, 0x00000000eab00000)
  object space 85504K, 96% used [0x00000000c0000000,0x00000000c50dd8e0,0x00000000c5380000)
 Metaspace       used 58787K, committed 59968K, reserved 1114112K
  class space    used 6181K, committed 6656K, reserved 1048576K
}
Event: 8.821 GC heap before
{Heap before GC invocations=71 (full 3):
 PSYoungGen      total 12800K, used 12576K [0x00000000eab00000, 0x00000000eb900000, 0x0000000100000000)
  eden space 11264K, 100% used [0x00000000eab00000,0x00000000eb600000,0x00000000eb600000)
  from space 1536K, 85% used [0x00000000eb600000,0x00000000eb748000,0x00000000eb780000)
  to   space 1536K, 0% used [0x00000000eb780000,0x00000000eb780000,0x00000000eb900000)
 ParOldGen       total 85504K, used 82806K [0x00000000c0000000, 0x00000000c5380000, 0x00000000eab00000)
  object space 85504K, 96% used [0x00000000c0000000,0x00000000c50dd8e0,0x00000000c5380000)
 Metaspace       used 58787K, committed 59968K, reserved 1114112K
  class space    used 6181K, committed 6656K, reserved 1048576K
}
Event: 8.823 GC heap after
{Heap after GC invocations=71 (full 3):
 PSYoungGen      total 12800K, used 1376K [0x00000000eab00000, 0x00000000eb900000, 0x0000000100000000)
  eden space 11264K, 0% used [0x00000000eab00000,0x00000000eab00000,0x00000000eb600000)
  from space 1536K, 89% used [0x00000000eb780000,0x00000000eb8d8000,0x00000000eb900000)
  to   space 1536K, 0% used [0x00000000eb600000,0x00000000eb600000,0x00000000eb780000)
 ParOldGen       total 85504K, used 83910K [0x00000000c0000000, 0x00000000c5380000, 0x00000000eab00000)
  object space 85504K, 98% used [0x00000000c0000000,0x00000000c51f18e0,0x00000000c5380000)
 Metaspace       used 58787K, committed 59968K, reserved 1114112K
  class space    used 6181K, committed 6656K, reserved 1048576K
}
Event: 8.859 GC heap before
{Heap before GC invocations=72 (full 3):
 PSYoungGen      total 12800K, used 12640K [0x00000000eab00000, 0x00000000eb900000, 0x0000000100000000)
  eden space 11264K, 100% used [0x00000000eab00000,0x00000000eb600000,0x00000000eb600000)
  from space 1536K, 89% used [0x00000000eb780000,0x00000000eb8d8000,0x00000000eb900000)
  to   space 1536K, 0% used [0x00000000eb600000,0x00000000eb600000,0x00000000eb780000)
 ParOldGen       total 85504K, used 83910K [0x00000000c0000000, 0x00000000c5380000, 0x00000000eab00000)
  object space 85504K, 98% used [0x00000000c0000000,0x00000000c51f18e0,0x00000000c5380000)
 Metaspace       used 58795K, committed 59968K, reserved 1114112K
  class space    used 6181K, committed 6656K, reserved 1048576K
}
Event: 8.862 GC heap after
{Heap after GC invocations=72 (full 3):
 PSYoungGen      total 12800K, used 1504K [0x00000000eab00000, 0x00000000eb900000, 0x0000000100000000)
  eden space 11264K, 0% used [0x00000000eab00000,0x00000000eab00000,0x00000000eb600000)
  from space 1536K, 97% used [0x00000000eb600000,0x00000000eb778000,0x00000000eb780000)
  to   space 1536K, 0% used [0x00000000eb780000,0x00000000eb780000,0x00000000eb900000)
 ParOldGen       total 85504K, used 85142K [0x00000000c0000000, 0x00000000c5380000, 0x00000000eab00000)
  object space 85504K, 99% used [0x00000000c0000000,0x00000000c53258e0,0x00000000c5380000)
 Metaspace       used 58795K, committed 59968K, reserved 1114112K
  class space    used 6181K, committed 6656K, reserved 1048576K
}
Event: 8.894 GC heap before
{Heap before GC invocations=73 (full 3):
 PSYoungGen      total 12800K, used 12768K [0x00000000eab00000, 0x00000000eb900000, 0x0000000100000000)
  eden space 11264K, 100% used [0x00000000eab00000,0x00000000eb600000,0x00000000eb600000)
  from space 1536K, 97% used [0x00000000eb600000,0x00000000eb778000,0x00000000eb780000)
  to   space 1536K, 0% used [0x00000000eb780000,0x00000000eb780000,0x00000000eb900000)
 ParOldGen       total 85504K, used 85142K [0x00000000c0000000, 0x00000000c5380000, 0x00000000eab00000)
  object space 85504K, 99% used [0x00000000c0000000,0x00000000c53258e0,0x00000000c5380000)
 Metaspace       used 58799K, committed 59968K, reserved 1114112K
  class space    used 6181K, committed 6656K, reserved 1048576K
}
Event: 8.896 GC heap after
{Heap after GC invocations=73 (full 3):
 PSYoungGen      total 12800K, used 1312K [0x00000000eab00000, 0x00000000eb900000, 0x0000000100000000)
  eden space 11264K, 0% used [0x00000000eab00000,0x00000000eab00000,0x00000000eb600000)
  from space 1536K, 85% used [0x00000000eb780000,0x00000000eb8c8000,0x00000000eb900000)
  to   space 1536K, 0% used [0x00000000eb600000,0x00000000eb600000,0x00000000eb780000)
 ParOldGen       total 86528K, used 86494K [0x00000000c0000000, 0x00000000c5480000, 0x00000000eab00000)
  object space 86528K, 99% used [0x00000000c0000000,0x00000000c54778e0,0x00000000c5480000)
 Metaspace       used 58799K, committed 59968K, reserved 1114112K
  class space    used 6181K, committed 6656K, reserved 1048576K
}
Event: 8.934 GC heap before
{Heap before GC invocations=74 (full 3):
 PSYoungGen      total 12800K, used 12576K [0x00000000eab00000, 0x00000000eb900000, 0x0000000100000000)
  eden space 11264K, 100% used [0x00000000eab00000,0x00000000eb600000,0x00000000eb600000)
  from space 1536K, 85% used [0x00000000eb780000,0x00000000eb8c8000,0x00000000eb900000)
  to   space 1536K, 0% used [0x00000000eb600000,0x00000000eb600000,0x00000000eb780000)
 ParOldGen       total 86528K, used 86494K [0x00000000c0000000, 0x00000000c5480000, 0x00000000eab00000)
  object space 86528K, 99% used [0x00000000c0000000,0x00000000c54778e0,0x00000000c5480000)
 Metaspace       used 58800K, committed 59968K, reserved 1114112K
  class space    used 6181K, committed 6656K, reserved 1048576K
}
Event: 8.937 GC heap after
{Heap after GC invocations=74 (full 3):
 PSYoungGen      total 12800K, used 1280K [0x00000000eab00000, 0x00000000eb900000, 0x0000000100000000)
  eden space 11264K, 0% used [0x00000000eab00000,0x00000000eab00000,0x00000000eb600000)
  from space 1536K, 83% used [0x00000000eb600000,0x00000000eb740000,0x00000000eb780000)
  to   space 1536K, 0% used [0x00000000eb780000,0x00000000eb780000,0x00000000eb900000)
 ParOldGen       total 88064K, used 87670K [0x00000000c0000000, 0x00000000c5600000, 0x00000000eab00000)
  object space 88064K, 99% used [0x00000000c0000000,0x00000000c559d8e0,0x00000000c5600000)
 Metaspace       used 58800K, committed 59968K, reserved 1114112K
  class space    used 6181K, committed 6656K, reserved 1048576K
}
Event: 8.980 GC heap before
{Heap before GC invocations=75 (full 3):
 PSYoungGen      total 12800K, used 12544K [0x00000000eab00000, 0x00000000eb900000, 0x0000000100000000)
  eden space 11264K, 100% used [0x00000000eab00000,0x00000000eb600000,0x00000000eb600000)
  from space 1536K, 83% used [0x00000000eb600000,0x00000000eb740000,0x00000000eb780000)
  to   space 1536K, 0% used [0x00000000eb780000,0x00000000eb780000,0x00000000eb900000)
 ParOldGen       total 88064K, used 87670K [0x00000000c0000000, 0x00000000c5600000, 0x00000000eab00000)
  object space 88064K, 99% used [0x00000000c0000000,0x00000000c559d8e0,0x00000000c5600000)
 Metaspace       used 58807K, committed 59968K, reserved 1114112K
  class space    used 6183K, committed 6656K, reserved 1048576K
}
Event: 8.982 GC heap after
{Heap after GC invocations=75 (full 3):
 PSYoungGen      total 12800K, used 1399K [0x00000000eab00000, 0x00000000eb900000, 0x0000000100000000)
  eden space 11264K, 0% used [0x00000000eab00000,0x00000000eab00000,0x00000000eb600000)
  from space 1536K, 91% used [0x00000000eb780000,0x00000000eb8ddda0,0x00000000eb900000)
  to   space 1536K, 0% used [0x00000000eb600000,0x00000000eb600000,0x00000000eb780000)
 ParOldGen       total 89088K, used 88838K [0x00000000c0000000, 0x00000000c5700000, 0x00000000eab00000)
  object space 89088K, 99% used [0x00000000c0000000,0x00000000c56c18e0,0x00000000c5700000)
 Metaspace       used 58807K, committed 59968K, reserved 1114112K
  class space    used 6183K, committed 6656K, reserved 1048576K
}
Event: 9.016 GC heap before
{Heap before GC invocations=76 (full 3):
 PSYoungGen      total 12800K, used 12663K [0x00000000eab00000, 0x00000000eb900000, 0x0000000100000000)
  eden space 11264K, 100% used [0x00000000eab00000,0x00000000eb600000,0x00000000eb600000)
  from space 1536K, 91% used [0x00000000eb780000,0x00000000eb8ddda0,0x00000000eb900000)
  to   space 1536K, 0% used [0x00000000eb600000,0x00000000eb600000,0x00000000eb780000)
 ParOldGen       total 89088K, used 88838K [0x00000000c0000000, 0x00000000c5700000, 0x00000000eab00000)
  object space 89088K, 99% used [0x00000000c0000000,0x00000000c56c18e0,0x00000000c5700000)
 Metaspace       used 58866K, committed 59968K, reserved 1114112K
  class space    used 6188K, committed 6656K, reserved 1048576K
}
Event: 9.017 GC heap after
{Heap after GC invocations=76 (full 3):
 PSYoungGen      total 12800K, used 1280K [0x00000000eab00000, 0x00000000eb900000, 0x0000000100000000)
  eden space 11264K, 0% used [0x00000000eab00000,0x00000000eab00000,0x00000000eb600000)
  from space 1536K, 83% used [0x00000000eb600000,0x00000000eb740020,0x00000000eb780000)
  to   space 1536K, 0% used [0x00000000eb780000,0x00000000eb780000,0x00000000eb900000)
 ParOldGen       total 90112K, used 89974K [0x00000000c0000000, 0x00000000c5800000, 0x00000000eab00000)
  object space 90112K, 99% used [0x00000000c0000000,0x00000000c57dd8e0,0x00000000c5800000)
 Metaspace       used 58866K, committed 59968K, reserved 1114112K
  class space    used 6188K, committed 6656K, reserved 1048576K
}
Event: 9.042 GC heap before
{Heap before GC invocations=77 (full 3):
 PSYoungGen      total 12800K, used 12544K [0x00000000eab00000, 0x00000000eb900000, 0x0000000100000000)
  eden space 11264K, 100% used [0x00000000eab00000,0x00000000eb600000,0x00000000eb600000)
  from space 1536K, 83% used [0x00000000eb600000,0x00000000eb740020,0x00000000eb780000)
  to   space 1536K, 0% used [0x00000000eb780000,0x00000000eb780000,0x00000000eb900000)
 ParOldGen       total 90112K, used 89974K [0x00000000c0000000, 0x00000000c5800000, 0x00000000eab00000)
  object space 90112K, 99% used [0x00000000c0000000,0x00000000c57dd8e0,0x00000000c5800000)
 Metaspace       used 58869K, committed 59968K, reserved 1114112K
  class space    used 6188K, committed 6656K, reserved 1048576K
}
Event: 9.043 GC heap after
{Heap after GC invocations=77 (full 3):
 PSYoungGen      total 12800K, used 864K [0x00000000eab00000, 0x00000000eb900000, 0x0000000100000000)
  eden space 11264K, 0% used [0x00000000eab00000,0x00000000eab00000,0x00000000eb600000)
  from space 1536K, 56% used [0x00000000eb780000,0x00000000eb858000,0x00000000eb900000)
  to   space 1536K, 0% used [0x00000000eb600000,0x00000000eb600000,0x00000000eb780000)
 ParOldGen       total 91136K, used 91092K [0x00000000c0000000, 0x00000000c5900000, 0x00000000eab00000)
  object space 91136K, 99% used [0x00000000c0000000,0x00000000c58f5180,0x00000000c5900000)
 Metaspace       used 58869K, committed 59968K, reserved 1114112K
  class space    used 6188K, committed 6656K, reserved 1048576K
}

Dll operation events (12 events):
Event: 0.011 Loaded shared library c:\Users\Sathishkumar\.vscode\extensions\redhat.java-1.41.1-win32-x64\jre\21.0.6-win32-x86_64\bin\java.dll
Event: 0.071 Loaded shared library c:\Users\Sathishkumar\.vscode\extensions\redhat.java-1.41.1-win32-x64\jre\21.0.6-win32-x86_64\bin\zip.dll
Event: 0.089 Loaded shared library C:\Users\Sathishkumar\.vscode\extensions\redhat.java-1.41.1-win32-x64\jre\21.0.6-win32-x86_64\bin\instrument.dll
Event: 0.093 Loaded shared library C:\Users\Sathishkumar\.vscode\extensions\redhat.java-1.41.1-win32-x64\jre\21.0.6-win32-x86_64\bin\net.dll
Event: 0.095 Loaded shared library C:\Users\Sathishkumar\.vscode\extensions\redhat.java-1.41.1-win32-x64\jre\21.0.6-win32-x86_64\bin\nio.dll
Event: 0.097 Loaded shared library C:\Users\Sathishkumar\.vscode\extensions\redhat.java-1.41.1-win32-x64\jre\21.0.6-win32-x86_64\bin\zip.dll
Event: 0.112 Loaded shared library C:\Users\Sathishkumar\.vscode\extensions\redhat.java-1.41.1-win32-x64\jre\21.0.6-win32-x86_64\bin\jimage.dll
Event: 0.181 Loaded shared library c:\Users\Sathishkumar\.vscode\extensions\redhat.java-1.41.1-win32-x64\jre\21.0.6-win32-x86_64\bin\verify.dll
Event: 1.423 Loaded shared library C:\Users\Sathishkumar\AppData\Roaming\Code\User\globalStorage\redhat.java\1.41.1\config_win\org.eclipse.equinox.launcher\org.eclipse.equinox.launcher.win32.win32.x86_64_1.2.1300.v20250331-1702\eclipse_11911.dll
Event: 3.017 Loaded shared library C:\Users\Sathishkumar\AppData\Local\Temp\jna--324050600\jna14040928904486029391.dll
Event: 4.388 Loaded shared library C:\Users\Sathishkumar\.vscode\extensions\redhat.java-1.41.1-win32-x64\jre\21.0.6-win32-x86_64\bin\sunmscapi.dll
Event: 4.719 Loaded shared library C:\Users\Sathishkumar\.vscode\extensions\redhat.java-1.41.1-win32-x64\jre\21.0.6-win32-x86_64\bin\extnet.dll

Deoptimization events (20 events):
Event: 9.039 Thread 0x000001ef5ebfd840 DEOPT PACKING pc=0x000001ef46deb8d3 sp=0x000000690d5fe8f0
Event: 9.039 Thread 0x000001ef5ebfd840 DEOPT UNPACKING pc=0x000001ef4ddd4242 sp=0x000000690d5fde58 mode 0
Event: 9.039 Thread 0x000001ef5ebfd840 DEOPT PACKING pc=0x000001ef469bc7c2 sp=0x000000690d5fe8b0
Event: 9.039 Thread 0x000001ef5ebfd840 DEOPT UNPACKING pc=0x000001ef4ddd4242 sp=0x000000690d5fdd20 mode 0
Event: 9.040 Thread 0x000001ef606099d0 DEOPT PACKING pc=0x000001ef46a7c07b sp=0x000000690e6fe930
Event: 9.040 Thread 0x000001ef606099d0 DEOPT UNPACKING pc=0x000001ef4ddd4242 sp=0x000000690e6fde28 mode 0
Event: 9.040 Thread 0x000001ef5ebfd840 DEOPT PACKING pc=0x000001ef469bc7c2 sp=0x000000690d5fe7a0
Event: 9.040 Thread 0x000001ef5ebfd840 DEOPT UNPACKING pc=0x000001ef4ddd4242 sp=0x000000690d5fdc10 mode 0
Event: 9.040 Thread 0x000001ef606099d0 DEOPT PACKING pc=0x000001ef473c8846 sp=0x000000690e6fe630
Event: 9.040 Thread 0x000001ef606099d0 DEOPT UNPACKING pc=0x000001ef4ddd4242 sp=0x000000690e6fdbb0 mode 0
Event: 9.041 Thread 0x000001ef5ebfd840 DEOPT PACKING pc=0x000001ef469bc7c2 sp=0x000000690d5fe830
Event: 9.041 Thread 0x000001ef5ebfd840 DEOPT UNPACKING pc=0x000001ef4ddd4242 sp=0x000000690d5fdca0 mode 0
Event: 9.041 Thread 0x000001ef606099d0 DEOPT PACKING pc=0x000001ef473c8846 sp=0x000000690e6fe630
Event: 9.041 Thread 0x000001ef606099d0 DEOPT UNPACKING pc=0x000001ef4ddd4242 sp=0x000000690e6fdbb0 mode 0
Event: 9.042 Thread 0x000001ef5ebfd840 DEOPT PACKING pc=0x000001ef469bc7c2 sp=0x000000690d5fe8b0
Event: 9.042 Thread 0x000001ef5ebfd840 DEOPT UNPACKING pc=0x000001ef4ddd4242 sp=0x000000690d5fdd20 mode 0
Event: 9.044 Thread 0x000001ef606099d0 DEOPT PACKING pc=0x000001ef473c8846 sp=0x000000690e6fe630
Event: 9.044 Thread 0x000001ef606099d0 DEOPT UNPACKING pc=0x000001ef4ddd4242 sp=0x000000690e6fdbb0 mode 0
Event: 9.045 Thread 0x000001ef606099d0 DEOPT PACKING pc=0x000001ef473c8846 sp=0x000000690e6fe630
Event: 9.045 Thread 0x000001ef606099d0 DEOPT UNPACKING pc=0x000001ef4ddd4242 sp=0x000000690e6fdbb0 mode 0

Classes loaded (20 events):
Event: 8.431 Loading class java/util/concurrent/CompletionException
Event: 8.431 Loading class java/util/concurrent/CompletionException done
Event: 8.434 Loading class java/nio/file/FileVisitOption
Event: 8.434 Loading class java/nio/file/FileVisitOption done
Event: 8.436 Loading class java/nio/file/SimpleFileVisitor
Event: 8.436 Loading class java/nio/file/SimpleFileVisitor done
Event: 8.436 Loading class java/nio/file/FileTreeWalker
Event: 8.437 Loading class java/nio/file/FileTreeWalker done
Event: 8.437 Loading class java/nio/file/FileTreeWalker$1
Event: 8.438 Loading class java/nio/file/FileTreeWalker$1 done
Event: 8.438 Loading class java/nio/file/FileTreeWalker$DirectoryNode
Event: 8.438 Loading class java/nio/file/FileTreeWalker$DirectoryNode done
Event: 8.438 Loading class java/nio/file/FileTreeWalker$Event
Event: 8.438 Loading class java/nio/file/FileTreeWalker$Event done
Event: 8.438 Loading class java/nio/file/FileTreeWalker$EventType
Event: 8.438 Loading class java/nio/file/FileTreeWalker$EventType done
Event: 8.438 Loading class java/nio/file/Files$3
Event: 8.438 Loading class java/nio/file/Files$3 done
Event: 8.439 Loading class java/nio/file/FileVisitResult
Event: 8.439 Loading class java/nio/file/FileVisitResult done

Classes unloaded (7 events):
Event: 3.557 Thread 0x000001ef436febc0 Unloading class 0x000001ef01195400 'java/lang/invoke/LambdaForm$MH+0x000001ef01195400'
Event: 3.557 Thread 0x000001ef436febc0 Unloading class 0x000001ef01195000 'java/lang/invoke/LambdaForm$MH+0x000001ef01195000'
Event: 3.557 Thread 0x000001ef436febc0 Unloading class 0x000001ef01194c00 'java/lang/invoke/LambdaForm$MH+0x000001ef01194c00'
Event: 3.557 Thread 0x000001ef436febc0 Unloading class 0x000001ef01194800 'java/lang/invoke/LambdaForm$MH+0x000001ef01194800'
Event: 3.557 Thread 0x000001ef436febc0 Unloading class 0x000001ef01194400 'java/lang/invoke/LambdaForm$BMH+0x000001ef01194400'
Event: 3.557 Thread 0x000001ef436febc0 Unloading class 0x000001ef01194000 'java/lang/invoke/LambdaForm$DMH+0x000001ef01194000'
Event: 3.557 Thread 0x000001ef436febc0 Unloading class 0x000001ef01192c00 'java/lang/invoke/LambdaForm$DMH+0x000001ef01192c00'

Classes redefined (0 events):
No events

Internal exceptions (20 events):
Event: 8.952 Thread 0x000001ef606099d0 Exception <a 'sun/nio/fs/WindowsException'{0x00000000eaf55878}> (0x00000000eaf55878) 
thrown [s\src\hotspot\share\prims\jni.cpp, line 520]
Event: 8.953 Thread 0x000001ef606099d0 Exception <a 'sun/nio/fs/WindowsException'{0x00000000eaf92420}> (0x00000000eaf92420) 
thrown [s\src\hotspot\share\prims\jni.cpp, line 520]
Event: 8.954 Thread 0x000001ef606099d0 Exception <a 'sun/nio/fs/WindowsException'{0x00000000eb0041b8}> (0x00000000eb0041b8) 
thrown [s\src\hotspot\share\prims\jni.cpp, line 520]
Event: 8.956 Thread 0x000001ef606099d0 Exception <a 'sun/nio/fs/WindowsException'{0x00000000eb07e290}> (0x00000000eb07e290) 
thrown [s\src\hotspot\share\prims\jni.cpp, line 520]
Event: 8.957 Thread 0x000001ef606099d0 Exception <a 'sun/nio/fs/WindowsException'{0x00000000eb0b6ba8}> (0x00000000eb0b6ba8) 
thrown [s\src\hotspot\share\prims\jni.cpp, line 520]
Event: 8.959 Thread 0x000001ef606099d0 Exception <a 'sun/nio/fs/WindowsException'{0x00000000eb128998}> (0x00000000eb128998) 
thrown [s\src\hotspot\share\prims\jni.cpp, line 520]
Event: 8.960 Thread 0x000001ef606099d0 Exception <a 'sun/nio/fs/WindowsException'{0x00000000eb1614d8}> (0x00000000eb1614d8) 
thrown [s\src\hotspot\share\prims\jni.cpp, line 520]
Event: 8.962 Thread 0x000001ef606099d0 Exception <a 'sun/nio/fs/WindowsException'{0x00000000eb19a6f8}> (0x00000000eb19a6f8) 
thrown [s\src\hotspot\share\prims\jni.cpp, line 520]
Event: 8.963 Thread 0x000001ef606099d0 Exception <a 'sun/nio/fs/WindowsException'{0x00000000eb2087b8}> (0x00000000eb2087b8) 
thrown [s\src\hotspot\share\prims\jni.cpp, line 520]
Event: 8.964 Thread 0x000001ef606099d0 Exception <a 'sun/nio/fs/WindowsException'{0x00000000eb245098}> (0x00000000eb245098) 
thrown [s\src\hotspot\share\prims\jni.cpp, line 520]
Event: 8.965 Thread 0x000001ef606099d0 Exception <a 'sun/nio/fs/WindowsException'{0x00000000eb27d758}> (0x00000000eb27d758) 
thrown [s\src\hotspot\share\prims\jni.cpp, line 520]
Event: 8.966 Thread 0x000001ef606099d0 Exception <a 'sun/nio/fs/WindowsException'{0x00000000eb2b9fe0}> (0x00000000eb2b9fe0) 
thrown [s\src\hotspot\share\prims\jni.cpp, line 520]
Event: 8.967 Thread 0x000001ef606099d0 Exception <a 'sun/nio/fs/WindowsException'{0x00000000eb2f6660}> (0x00000000eb2f6660) 
thrown [s\src\hotspot\share\prims\jni.cpp, line 520]
Event: 8.968 Thread 0x000001ef606099d0 Exception <a 'sun/nio/fs/WindowsException'{0x00000000eb332e98}> (0x00000000eb332e98) 
thrown [s\src\hotspot\share\prims\jni.cpp, line 520]
Event: 8.969 Thread 0x000001ef606099d0 Exception <a 'sun/nio/fs/WindowsException'{0x00000000eb36b9b0}> (0x00000000eb36b9b0) 
thrown [s\src\hotspot\share\prims\jni.cpp, line 520]
Event: 8.971 Thread 0x000001ef606099d0 Exception <a 'sun/nio/fs/WindowsException'{0x00000000eb3a42e8}> (0x00000000eb3a42e8) 
thrown [s\src\hotspot\share\prims\jni.cpp, line 520]
Event: 8.971 Thread 0x000001ef606099d0 Exception <a 'sun/nio/fs/WindowsException'{0x00000000eb3e0668}> (0x00000000eb3e0668) 
thrown [s\src\hotspot\share\prims\jni.cpp, line 520]
Event: 8.972 Thread 0x000001ef606099d0 Exception <a 'sun/nio/fs/WindowsException'{0x00000000eb3e43b0}> (0x00000000eb3e43b0) 
thrown [s\src\hotspot\share\prims\jni.cpp, line 520]
Event: 8.973 Thread 0x000001ef606099d0 Exception <a 'sun/nio/fs/WindowsException'{0x00000000eb41eaa0}> (0x00000000eb41eaa0) 
thrown [s\src\hotspot\share\prims\jni.cpp, line 520]
Event: 8.973 Thread 0x000001ef606099d0 Exception <a 'sun/nio/fs/WindowsException'{0x00000000eb423548}> (0x00000000eb423548) 
thrown [s\src\hotspot\share\prims\jni.cpp, line 520]

ZGC Phase Switch (0 events):
No events

VM Operations (20 events):
Event: 8.730 Executing VM operation: ParallelGCFailedAllocation (Allocation Failure)
Event: 8.732 Executing VM operation: ParallelGCFailedAllocation (Allocation Failure) done
Event: 8.762 Executing VM operation: ParallelGCFailedAllocation (Allocation Failure)
Event: 8.764 Executing VM operation: ParallelGCFailedAllocation (Allocation Failure) done
Event: 8.789 Executing VM operation: ParallelGCFailedAllocation (Allocation Failure)
Event: 8.792 Executing VM operation: ParallelGCFailedAllocation (Allocation Failure) done
Event: 8.821 Executing VM operation: ParallelGCFailedAllocation (Allocation Failure)
Event: 8.823 Executing VM operation: ParallelGCFailedAllocation (Allocation Failure) done
Event: 8.859 Executing VM operation: ParallelGCFailedAllocation (Allocation Failure)
Event: 8.862 Executing VM operation: ParallelGCFailedAllocation (Allocation Failure) done
Event: 8.894 Executing VM operation: ParallelGCFailedAllocation (Allocation Failure)
Event: 8.896 Executing VM operation: ParallelGCFailedAllocation (Allocation Failure) done
Event: 8.934 Executing VM operation: ParallelGCFailedAllocation (Allocation Failure)
Event: 8.937 Executing VM operation: ParallelGCFailedAllocation (Allocation Failure) done
Event: 8.980 Executing VM operation: ParallelGCFailedAllocation (Allocation Failure)
Event: 8.982 Executing VM operation: ParallelGCFailedAllocation (Allocation Failure) done
Event: 9.016 Executing VM operation: ParallelGCFailedAllocation (Allocation Failure)
Event: 9.017 Executing VM operation: ParallelGCFailedAllocation (Allocation Failure) done
Event: 9.042 Executing VM operation: ParallelGCFailedAllocation (Allocation Failure)
Event: 9.044 Executing VM operation: ParallelGCFailedAllocation (Allocation Failure) done

Memory protections (0 events):
No events

Nmethod flushes (20 events):
Event: 8.361 Thread 0x000001ef436febc0 flushing  nmethod 0x000001ef4707b610
Event: 8.361 Thread 0x000001ef436febc0 flushing  nmethod 0x000001ef47098c10
Event: 8.361 Thread 0x000001ef436febc0 flushing  nmethod 0x000001ef4709c690
Event: 8.361 Thread 0x000001ef436febc0 flushing  nmethod 0x000001ef4709d010
Event: 8.361 Thread 0x000001ef436febc0 flushing  nmethod 0x000001ef4709d590
Event: 8.361 Thread 0x000001ef436febc0 flushing  nmethod 0x000001ef470ac190
Event: 8.361 Thread 0x000001ef436febc0 flushing  nmethod 0x000001ef470ac790
Event: 8.361 Thread 0x000001ef436febc0 flushing  nmethod 0x000001ef470ae010
Event: 8.361 Thread 0x000001ef436febc0 flushing  nmethod 0x000001ef470b1510
Event: 8.361 Thread 0x000001ef436febc0 flushing  nmethod 0x000001ef470b1c10
Event: 8.361 Thread 0x000001ef436febc0 flushing  nmethod 0x000001ef470b2390
Event: 8.361 Thread 0x000001ef436febc0 flushing  nmethod 0x000001ef470b2990
Event: 8.361 Thread 0x000001ef436febc0 flushing  nmethod 0x000001ef470b4d10
Event: 8.361 Thread 0x000001ef436febc0 flushing  nmethod 0x000001ef470d6990
Event: 8.361 Thread 0x000001ef436febc0 flushing  nmethod 0x000001ef470d9a10
Event: 8.361 Thread 0x000001ef436febc0 flushing  nmethod 0x000001ef470ee110
Event: 8.361 Thread 0x000001ef436febc0 flushing  nmethod 0x000001ef470f5d10
Event: 8.361 Thread 0x000001ef436febc0 flushing  nmethod 0x000001ef47145c10
Event: 8.361 Thread 0x000001ef436febc0 flushing  nmethod 0x000001ef4717fa10
Event: 8.361 Thread 0x000001ef436febc0 flushing  nmethod 0x000001ef47185490

Events (20 events):
Event: 6.712 Thread 0x000001ef5ebfded0 Thread added: 0x000001ef60d70890
Event: 6.712 Thread 0x000001ef5ebfded0 Thread added: 0x000001ef60d76470
Event: 6.712 Thread 0x000001ef60d750c0 Thread added: 0x000001ef60d75750
Event: 6.712 Thread 0x000001ef60d6f4e0 Thread added: 0x000001ef60d75de0
Event: 6.712 Thread 0x000001ef60d76470 Thread added: 0x000001ef60d70f20
Event: 6.712 Thread 0x000001ef60d75750 Thread added: 0x000001ef60d76b00
Event: 6.713 Thread 0x000001ef60d70890 Thread added: 0x000001ef60d6fb70
Event: 7.726 Thread 0x000001ef5ebfded0 Thread added: 0x000001ef60d73680
Event: 8.142 Thread 0x000001ef5ebfded0 Thread added: 0x000001ef60d70200
Event: 8.152 Thread 0x000001ef5ebfded0 Thread added: 0x000001ef60d722d0
Event: 8.166 Thread 0x000001ef5ebfded0 Thread added: 0x000001ef60d72960
Event: 8.170 Thread 0x000001ef5ebfded0 Thread added: 0x000001ef60d715b0
Event: 8.183 Thread 0x000001ef5ebfded0 Thread added: 0x000001ef60d71c40
Event: 8.201 Thread 0x000001ef5ebfded0 Thread added: 0x000001ef60d72ff0
Event: 8.207 Thread 0x000001ef5ebfded0 Thread added: 0x000001ef60d73d10
Event: 8.232 Thread 0x000001ef5ebfded0 Thread added: 0x000001ef61e497c0
Event: 8.238 Thread 0x000001ef5ebfded0 Thread added: 0x000001ef61e49e50
Event: 8.242 Thread 0x000001ef5ebfded0 Thread added: 0x000001ef61e4a4e0
Event: 8.511 Thread 0x000001ef59202c70 Thread exited: 0x000001ef59202c70
Event: 8.649 Thread 0x000001ef43719570 Thread added: 0x000001ef63685910


Dynamic libraries:
0x00007ff6d7eb0000 - 0x00007ff6d7ebe000 	c:\Users\Sathishkumar\.vscode\extensions\redhat.java-1.41.1-win32-x64\jre\21.0.6-win32-x86_64\bin\java.exe
0x00007ffaf81f0000 - 0x00007ffaf8407000 	C:\WINDOWS\SYSTEM32\ntdll.dll
0x00007ffaf7040000 - 0x00007ffaf7104000 	C:\WINDOWS\System32\KERNEL32.DLL
0x00007ffaf57e0000 - 0x00007ffaf5bb3000 	C:\WINDOWS\System32\KERNELBASE.dll
0x00007ffaf54d0000 - 0x00007ffaf55e1000 	C:\WINDOWS\System32\ucrtbase.dll
0x00007ffaca560000 - 0x00007ffaca578000 	c:\Users\Sathishkumar\.vscode\extensions\redhat.java-1.41.1-win32-x64\jre\21.0.6-win32-x86_64\bin\jli.dll
0x00007ffaccda0000 - 0x00007ffaccdbe000 	c:\Users\Sathishkumar\.vscode\extensions\redhat.java-1.41.1-win32-x64\jre\21.0.6-win32-x86_64\bin\VCRUNTIME140.dll
0x00007ffaf62a0000 - 0x00007ffaf6451000 	C:\WINDOWS\System32\USER32.dll
0x00007ffaf5300000 - 0x00007ffaf5326000 	C:\WINDOWS\System32\win32u.dll
0x00007ffad99e0000 - 0x00007ffad9c78000 	C:\WINDOWS\WinSxS\amd64_microsoft.windows.common-controls_6595b64144ccf1df_6.0.22621.5124_none_270e8f4f7386d69d\COMCTL32.dll
0x00007ffaf6f10000 - 0x00007ffaf6f39000 	C:\WINDOWS\System32\GDI32.dll
0x00007ffaf6d00000 - 0x00007ffaf6da7000 	C:\WINDOWS\System32\msvcrt.dll
0x00007ffaf5330000 - 0x00007ffaf544b000 	C:\WINDOWS\System32\gdi32full.dll
0x00007ffaf5d30000 - 0x00007ffaf5dca000 	C:\WINDOWS\System32\msvcp_win.dll
0x00007ffaf7a80000 - 0x00007ffaf7ab1000 	C:\WINDOWS\System32\IMM32.DLL
0x00007ffacd120000 - 0x00007ffacd12c000 	c:\Users\Sathishkumar\.vscode\extensions\redhat.java-1.41.1-win32-x64\jre\21.0.6-win32-x86_64\bin\vcruntime140_1.dll
0x00007ffab2300000 - 0x00007ffab238d000 	c:\Users\Sathishkumar\.vscode\extensions\redhat.java-1.41.1-win32-x64\jre\21.0.6-win32-x86_64\bin\msvcp140.dll
0x00007ffa99200000 - 0x00007ffa99f90000 	c:\Users\Sathishkumar\.vscode\extensions\redhat.java-1.41.1-win32-x64\jre\21.0.6-win32-x86_64\bin\server\jvm.dll
0x00007ffaf6020000 - 0x00007ffaf60d1000 	C:\WINDOWS\System32\ADVAPI32.dll
0x00007ffaf78f0000 - 0x00007ffaf7998000 	C:\WINDOWS\System32\sechost.dll
0x00007ffaf5d00000 - 0x00007ffaf5d28000 	C:\WINDOWS\System32\bcrypt.dll
0x00007ffaf7260000 - 0x00007ffaf7374000 	C:\WINDOWS\System32\RPCRT4.dll
0x00007ffaf7110000 - 0x00007ffaf7181000 	C:\WINDOWS\System32\WS2_32.dll
0x00007ffaf51d0000 - 0x00007ffaf521d000 	C:\WINDOWS\SYSTEM32\POWRPROF.dll
0x00007ffaef8c0000 - 0x00007ffaef8f4000 	C:\WINDOWS\SYSTEM32\WINMM.dll
0x00007ffaebcf0000 - 0x00007ffaebcfa000 	C:\WINDOWS\SYSTEM32\VERSION.dll
0x00007ffaf51b0000 - 0x00007ffaf51c3000 	C:\WINDOWS\SYSTEM32\UMPDC.dll
0x00007ffaf4330000 - 0x00007ffaf4348000 	C:\WINDOWS\SYSTEM32\kernel.appcore.dll
0x00007ffaccd60000 - 0x00007ffaccd6a000 	c:\Users\Sathishkumar\.vscode\extensions\redhat.java-1.41.1-win32-x64\jre\21.0.6-win32-x86_64\bin\jimage.dll
0x00007ffaf2e00000 - 0x00007ffaf3032000 	C:\WINDOWS\SYSTEM32\DBGHELP.DLL
0x00007ffaf7430000 - 0x00007ffaf77c2000 	C:\WINDOWS\System32\combase.dll
0x00007ffaf79a0000 - 0x00007ffaf7a77000 	C:\WINDOWS\System32\OLEAUT32.dll
0x00007ffaeaef0000 - 0x00007ffaeaf22000 	C:\WINDOWS\SYSTEM32\dbgcore.DLL
0x00007ffaf5450000 - 0x00007ffaf54cb000 	C:\WINDOWS\System32\bcryptPrimitives.dll
0x00007ffacb9f0000 - 0x00007ffacb9ff000 	c:\Users\Sathishkumar\.vscode\extensions\redhat.java-1.41.1-win32-x64\jre\21.0.6-win32-x86_64\bin\instrument.dll
0x00007ffac8260000 - 0x00007ffac827f000 	c:\Users\Sathishkumar\.vscode\extensions\redhat.java-1.41.1-win32-x64\jre\21.0.6-win32-x86_64\bin\java.dll
0x00007ffaf6460000 - 0x00007ffaf6cf6000 	C:\WINDOWS\System32\SHELL32.dll
0x00007ffaf5bc0000 - 0x00007ffaf5cff000 	C:\WINDOWS\System32\wintypes.dll
0x00007ffaf3220000 - 0x00007ffaf3b3a000 	C:\WINDOWS\SYSTEM32\windows.storage.dll
0x00007ffaf5f10000 - 0x00007ffaf601a000 	C:\WINDOWS\System32\SHCORE.dll
0x00007ffaf6f40000 - 0x00007ffaf6fa3000 	C:\WINDOWS\System32\shlwapi.dll
0x00007ffaf5230000 - 0x00007ffaf525b000 	C:\WINDOWS\SYSTEM32\profapi.dll
0x00007ffac3ee0000 - 0x00007ffac3ef8000 	c:\Users\Sathishkumar\.vscode\extensions\redhat.java-1.41.1-win32-x64\jre\21.0.6-win32-x86_64\bin\zip.dll
0x00007ffac9cc0000 - 0x00007ffac9cd0000 	C:\Users\Sathishkumar\.vscode\extensions\redhat.java-1.41.1-win32-x64\jre\21.0.6-win32-x86_64\bin\net.dll
0x00007ffaf0410000 - 0x00007ffaf053c000 	C:\WINDOWS\SYSTEM32\WINHTTP.dll
0x00007ffaf47b0000 - 0x00007ffaf481a000 	C:\WINDOWS\system32\mswsock.dll
0x00007ffac0a80000 - 0x00007ffac0a96000 	C:\Users\Sathishkumar\.vscode\extensions\redhat.java-1.41.1-win32-x64\jre\21.0.6-win32-x86_64\bin\nio.dll
0x00007ffac9830000 - 0x00007ffac9840000 	c:\Users\Sathishkumar\.vscode\extensions\redhat.java-1.41.1-win32-x64\jre\21.0.6-win32-x86_64\bin\verify.dll
0x00007ffab21e0000 - 0x00007ffab2225000 	C:\Users\Sathishkumar\AppData\Roaming\Code\User\globalStorage\redhat.java\1.41.1\config_win\org.eclipse.equinox.launcher\org.eclipse.equinox.launcher.win32.win32.x86_64_1.2.1300.v20250331-1702\eclipse_11911.dll
0x00007ffaf60f0000 - 0x00007ffaf6291000 	C:\WINDOWS\System32\ole32.dll
0x00007ffaf4a10000 - 0x00007ffaf4a2b000 	C:\WINDOWS\SYSTEM32\CRYPTSP.dll
0x00007ffaf4290000 - 0x00007ffaf42c7000 	C:\WINDOWS\system32\rsaenh.dll
0x00007ffaf48a0000 - 0x00007ffaf48c8000 	C:\WINDOWS\SYSTEM32\USERENV.dll
0x00007ffaf4a00000 - 0x00007ffaf4a0c000 	C:\WINDOWS\SYSTEM32\CRYPTBASE.dll
0x00007ffaf3da0000 - 0x00007ffaf3dcd000 	C:\WINDOWS\SYSTEM32\IPHLPAPI.DLL
0x00007ffaf60e0000 - 0x00007ffaf60e9000 	C:\WINDOWS\System32\NSI.dll
0x00007ffac8420000 - 0x00007ffac8469000 	C:\Users\Sathishkumar\AppData\Local\Temp\jna--324050600\jna14040928904486029391.dll
0x00007ffaf77d0000 - 0x00007ffaf77d8000 	C:\WINDOWS\System32\PSAPI.DLL
0x00007ffaf0140000 - 0x00007ffaf0159000 	C:\WINDOWS\SYSTEM32\dhcpcsvc6.DLL
0x00007ffaeff00000 - 0x00007ffaeff1f000 	C:\WINDOWS\SYSTEM32\dhcpcsvc.DLL
0x00007ffae4d30000 - 0x00007ffae4d3e000 	C:\Users\Sathishkumar\.vscode\extensions\redhat.java-1.41.1-win32-x64\jre\21.0.6-win32-x86_64\bin\sunmscapi.dll
0x00007ffaf5670000 - 0x00007ffaf57d7000 	C:\WINDOWS\System32\CRYPT32.dll
0x00007ffaf4ba0000 - 0x00007ffaf4bcd000 	C:\WINDOWS\SYSTEM32\ncrypt.dll
0x00007ffaf4b60000 - 0x00007ffaf4b97000 	C:\WINDOWS\SYSTEM32\NTASN1.dll
0x00007ffaf3e10000 - 0x00007ffaf3f12000 	C:\WINDOWS\SYSTEM32\DNSAPI.dll
0x00007ffaef870000 - 0x00007ffaef87a000 	C:\Windows\System32\rasadhlp.dll
0x00007ffaef1d0000 - 0x00007ffaef253000 	C:\WINDOWS\System32\fwpuclnt.dll
0x00007ffae4d20000 - 0x00007ffae4d29000 	C:\Users\Sathishkumar\.vscode\extensions\redhat.java-1.41.1-win32-x64\jre\21.0.6-win32-x86_64\bin\extnet.dll

dbghelp: loaded successfully - version: 4.0.5 - missing functions: none
symbol engine: initialized successfully - sym options: 0x614 - pdb path: .;c:\Users\Sathishkumar\.vscode\extensions\redhat.java-1.41.1-win32-x64\jre\21.0.6-win32-x86_64\bin;C:\WINDOWS\SYSTEM32;C:\WINDOWS\WinSxS\amd64_microsoft.windows.common-controls_6595b64144ccf1df_6.0.22621.5124_none_270e8f4f7386d69d;c:\Users\Sathishkumar\.vscode\extensions\redhat.java-1.41.1-win32-x64\jre\21.0.6-win32-x86_64\bin\server;C:\Users\Sathishkumar\AppData\Roaming\Code\User\globalStorage\redhat.java\1.41.1\config_win\org.eclipse.equinox.launcher\org.eclipse.equinox.launcher.win32.win32.x86_64_1.2.1300.v20250331-1702;C:\Users\Sathishkumar\AppData\Local\Temp\jna--324050600

VM Arguments:
jvm_args: --add-modules=ALL-SYSTEM --add-opens=java.base/java.util=ALL-UNNAMED --add-opens=java.base/java.lang=ALL-UNNAMED --add-opens=java.base/sun.nio.fs=ALL-UNNAMED -Declipse.application=org.eclipse.jdt.ls.core.id1 -Dosgi.bundles.defaultStartLevel=4 -Declipse.product=org.eclipse.jdt.ls.core.product -Djava.import.generatesMetadataFilesAtProjectRoot=false -DDetectVMInstallationsJob.disabled=true -Dfile.encoding=utf8 -XX:+UseParallelGC -XX:GCTimeRatio=4 -XX:AdaptiveSizePolicyWeight=90 -Dsun.zip.disableMemoryMapping=true -Xmx1G -Xms100m -Xlog:disable -javaagent:c:\Users\Sathishkumar\.vscode\extensions\redhat.java-1.41.1-win32-x64\lombok\lombok-1.18.36.jar -XX:+HeapDumpOnOutOfMemoryError -XX:HeapDumpPath=c:\Users\Sathishkumar\AppData\Roaming\Code\User\workspaceStorage\c89724eef4cea2055b3623321f8559ac\redhat.java -Daether.dependencyCollector.impl=bf 
java_command: c:\Users\Sathishkumar\.vscode\extensions\redhat.java-1.41.1-win32-x64\server\plugins\org.eclipse.equinox.launcher_1.7.0.v20250331-1702.jar -configuration c:\Users\Sathishkumar\AppData\Roaming\Code\User\globalStorage\redhat.java\1.41.1\config_win -data c:\Users\Sathishkumar\AppData\Roaming\Code\User\workspaceStorage\c89724eef4cea2055b3623321f8559ac\redhat.java\jdt_ws --pipe=\\.\pipe\lsp-dd3ed8ff7e3c4e6d8f4389b57c8bc2ef-sock
java_class_path (initial): c:\Users\Sathishkumar\.vscode\extensions\redhat.java-1.41.1-win32-x64\server\plugins\org.eclipse.equinox.launcher_1.7.0.v20250331-1702.jar
Launcher Type: SUN_STANDARD

[Global flags]
    uintx AdaptiveSizePolicyWeight                 = 90                                        {product} {command line}
     intx CICompilerCount                          = 4                                         {product} {ergonomic}
    uintx GCTimeRatio                              = 4                                         {product} {command line}
     bool HeapDumpOnOutOfMemoryError               = true                                   {manageable} {command line}
    ccstr HeapDumpPath                             = c:\Users\Sathishkumar\AppData\Roaming\Code\User\workspaceStorage\c89724eef4cea2055b3623321f8559ac\redhat.java         {manageable} {command line}
   size_t InitialHeapSize                          = 104857600                                 {product} {command line}
   size_t MaxHeapSize                              = 1073741824                                {product} {command line}
   size_t MaxNewSize                               = 357564416                                 {product} {ergonomic}
   size_t MinHeapDeltaBytes                        = 524288                                    {product} {ergonomic}
   size_t MinHeapSize                              = 104857600                                 {product} {command line}
   size_t NewSize                                  = 34603008                                  {product} {ergonomic}
    uintx NonNMethodCodeHeapSize                   = 5839372                                {pd product} {ergonomic}
    uintx NonProfiledCodeHeapSize                  = 122909434                              {pd product} {ergonomic}
   size_t OldSize                                  = 70254592                                  {product} {ergonomic}
    uintx ProfiledCodeHeapSize                     = 122909434                              {pd product} {ergonomic}
    uintx ReservedCodeCacheSize                    = 251658240                              {pd product} {ergonomic}
     bool SegmentedCodeCache                       = true                                      {product} {ergonomic}
   size_t SoftMaxHeapSize                          = 1073741824                             {manageable} {ergonomic}
     bool UseCompressedOops                        = true                           {product lp64_product} {ergonomic}
     bool UseLargePagesIndividualAllocation        = false                                  {pd product} {ergonomic}
     bool UseParallelGC                            = true                                      {product} {command line}

Logging:
Log output configuration:
 #0: stdout all=off uptime,level,tags foldmultilines=false
 #1: stderr all=off uptime,level,tags foldmultilines=false

Environment Variables:
JAVA_HOME=C:\Program Files\Java\jre1.8.0_251\jre1.8.0_251
PATH=C:\Python312\Scripts\;C:\Python312\;D:\BUS TRACKING\flutter;C:\Users\Sathishkumar\AppData\Roaming\Microsoft\Windows\Start Menu\Programs\Python 3.7;C:\Users\Sathishkumar\anaconda3\Scripts;C:\Program Files\Common Files\Oracle\Java\javapath;C:\Program Files (x86)\Common Files\Oracle\Java\java8path;C:\Program Files (x86)\Common Files\Oracle\Java\javapath;C:\WINDOWS\system32;C:\WINDOWS;C:\WINDOWS\System32\Wbem;C:\WINDOWS\System32\WindowsPowerShell\v1.0\;C:\WINDOWS\System32\OpenSSH\;C:\MinGW\bin;C:\Users\Sathishkumar\AppData\Local\Microsoft\WindowsApps;C:\Users\Sathishkumar\AppData\Local\Programs\Microsoft VS Code\bin;C:\Users\Sathishkumar\AppData\Roaming\npm;C:\adb;C:\WINDOWS\system32;C:\WINDOWS;C:\WINDOWS\System32\Wbem;C:\WINDOWS\System32\WindowsPowerShell\v1.0\;C:\WINDOWS\System32\OpenSSH\;C:\Program Files\Git\cmd;C:\Program Files\dotnet\;C:\Program Files\nodejs\;C:\ProgramData\chocolatey\bin;C:\Program Files\CMake\bin;E:\tttt\runtime\win64;E:\tttt\bin;C:\Program Files\Microsoft SQL Server\150\Tools\Binn\;C:\Program Files\Microsoft SQL Server\Client SDK\ODBC\170\Tools\Binn\;C:\Program Files (x86)\Microsoft SQL Server\160\Tools\Binn\;C:\Program Files\Microsoft SQL Server\160\Tools\Binn\;C:\Program Files\Microsoft SQL Server\160\DTS\Binn\;C:\Program Files (x86)\Microsoft SQL Server\160\DTS\Binn\;e:\CODESPACES\New folder (2)\Trae\bin;C:\Users\Sathishkumar\AppData\Local\Programs\Python\Python37\Scripts\;C:\Users\Sathishkumar\AppData\Local\Programs\Python\Python37\;C:\Program Files\MySQL\MySQL Shell 8.0\bin\;C:\MinGW\bin;C:\Users\Sathishkumar\AppData\Local\Microsoft\WindowsApps;C:\Users\Sathishkumar\AppData\Local\Programs\Microsoft VS Code\bin;C:\Program Files\Tesseract-OCR;C:\Program Files\poppler-24.02.0\Library\bin;C:\Users\Sathishkumar\AppData\Roaming\npm;C:\Users\Sathishkumar\.dotnet\tools;
USERNAME=Sathishkumar
OS=Windows_NT
PROCESSOR_IDENTIFIER=AMD64 Family 23 Model 104 Stepping 1, AuthenticAMD
TMP=C:\Users\SATHIS~1\AppData\Local\Temp
TEMP=C:\Users\SATHIS~1\AppData\Local\Temp




Periodic native trim disabled

---------------  S Y S T E M  ---------------

OS:
 Windows 11 , 64 bit Build 22621 (10.0.22621.5124)
OS uptime: 0 days 0:47 hours

CPU: total 12 (initial active 12) (12 cores per cpu, 2 threads per core) family 23 model 104 stepping 1 microcode 0x0, cx8, cmov, fxsr, ht, mmx, 3dnowpref, sse, sse2, sse3, ssse3, sse4a, sse4.1, sse4.2, popcnt, lzcnt, tsc, tscinvbit, avx, avx2, aes, clmul, bmi1, bmi2, adx, sha, fma, vzeroupper, clflush, clflushopt, rdtscp, rdpid, f16c
Processor Information for the first 12 processors :
  Max Mhz: 2100, Current Mhz: 2100, Mhz Limit: 2100

Memory: 4k page, system-wide physical 5989M (610M free)
TotalPageFile size 10611M (AvailPageFile size 8M)
current process WorkingSet (physical memory assigned to process): 328M, peak: 336M
current process commit charge ("private bytes"): 372M, peak: 378M

vm_info: OpenJDK 64-Bit Server VM (21.0.6+7-LTS) for windows-amd64 JRE (21.0.6+7-LTS), built on 2025-01-21T00:00:00Z by "admin" with MS VC++ 17.7 (VS2022)

END.
