#
# There is insufficient memory for the Java Runtime Environment to continue.
# Native memory allocation (malloc) failed to allocate 1942352 bytes. Error detail: Chunk::new
# Possible reasons:
#   The system is out of physical RAM or swap space
#   This process is running with CompressedOops enabled, and the Java Heap may be blocking the growth of the native heap
# Possible solutions:
#   Reduce memory load on the system
#   Increase physical memory or swap space
#   Check if swap backing store is full
#   Decrease Java heap size (-Xmx/-Xms)
#   Decrease number of Java threads
#   Decrease Java thread stack sizes (-Xss)
#   Set larger code cache with -XX:ReservedCodeCacheSize=
#   JVM is running with Unscaled Compressed Oops mode in which the Java heap is
#     placed in the first 4GB address space. The Java Heap base address is the
#     maximum limit for the native heap growth. Please use -XX:HeapBaseMinAddress
#     to set the Java Heap base and to place the Java Heap above 4GB virtual address.
# This output file may be truncated or incomplete.
#
#  Out of Memory Error (arena.cpp:168), pid=11552, tid=13440
#
# JRE version: OpenJDK Runtime Environment Temurin-21.0.6+7 (21.0.6+7) (build 21.0.6+7-LTS)
# Java VM: OpenJDK 64-Bit Server VM Temurin-21.0.6+7 (21.0.6+7-LTS, mixed mode, sharing, tiered, compressed oops, compressed class ptrs, parallel gc, windows-amd64)
# No core dump will be written. Minidumps are not enabled by default on client versions of Windows
#

---------------  S U M M A R Y ------------

Command Line: --add-modules=ALL-SYSTEM --add-opens=java.base/java.util=ALL-UNNAMED --add-opens=java.base/java.lang=ALL-UNNAMED --add-opens=java.base/sun.nio.fs=ALL-UNNAMED -Declipse.application=org.eclipse.jdt.ls.core.id1 -Dosgi.bundles.defaultStartLevel=4 -Declipse.product=org.eclipse.jdt.ls.core.product -Djava.import.generatesMetadataFilesAtProjectRoot=false -DDetectVMInstallationsJob.disabled=true -Dfile.encoding=utf8 -XX:+UseParallelGC -XX:GCTimeRatio=4 -XX:AdaptiveSizePolicyWeight=90 -Dsun.zip.disableMemoryMapping=true -Xmx1G -Xms100m -Xlog:disable -javaagent:c:\Users\Sathishkumar\.vscode\extensions\redhat.java-1.41.1-win32-x64\lombok\lombok-1.18.36.jar -XX:+HeapDumpOnOutOfMemoryError -XX:HeapDumpPath=c:\Users\Sathishkumar\AppData\Roaming\Code\User\workspaceStorage\c89724eef4cea2055b3623321f8559ac\redhat.java -Daether.dependencyCollector.impl=bf c:\Users\Sathishkumar\.vscode\extensions\redhat.java-1.41.1-win32-x64\server\plugins\org.eclipse.equinox.launcher_1.7.0.v20250331-1702.jar -configuration c:\Users\Sathishkumar\AppData\Roaming\Code\User\globalStorage\redhat.java\1.41.1\config_win -data c:\Users\Sathishkumar\AppData\Roaming\Code\User\workspaceStorage\c89724eef4cea2055b3623321f8559ac\redhat.java\jdt_ws --pipe=\\.\pipe\lsp-37cfd0c1da2cc96d1ec58ecce4cf1cb4-sock

Host: AMD Ryzen 5 5500U with Radeon Graphics         , 12 cores, 5G,  Windows 11 , 64 bit Build 22621 (10.0.22621.5124)
Time: Sun Apr 20 01:30:10 2025 Malay Peninsula Standard Time elapsed time: 6.788300 seconds (0d 0h 0m 6s)

---------------  T H R E A D  ---------------

Current thread (0x000001bb7e3c19a0):  JavaThread "C2 CompilerThread2" daemon [_thread_in_native, id=13440, stack(0x0000000a2ac00000,0x0000000a2ad00000) (1024K)]


Current CompileTask:
C2:6788 6897 %     4       org.lombokweb.asm.SymbolTable::<init> @ 98 (536 bytes)

Stack: [0x0000000a2ac00000,0x0000000a2ad00000]
Native frames: (J=compiled Java code, j=interpreted, Vv=VM code, C=native code)
V  [jvm.dll+0x6cdee9]
V  [jvm.dll+0x8a83d1]
V  [jvm.dll+0x8aa8fe]
V  [jvm.dll+0x8aafe3]
V  [jvm.dll+0x27f706]
V  [jvm.dll+0xc500d]
V  [jvm.dll+0xc5543]
V  [jvm.dll+0x3b678c]
V  [jvm.dll+0x382935]
V  [jvm.dll+0x381d9a]
V  [jvm.dll+0x2479f0]
V  [jvm.dll+0x246fcf]
V  [jvm.dll+0x1c75ee]
V  [jvm.dll+0x25685a]
V  [jvm.dll+0x254dfa]
V  [jvm.dll+0x3f0256]
V  [jvm.dll+0x851f8b]
V  [jvm.dll+0x6cc5ed]
C  [ucrtbase.dll+0x29333]
C  [KERNEL32.DLL+0x1259d]
C  [ntdll.dll+0x5af38]


---------------  P R O C E S S  ---------------

Threads class SMR info:
_java_thread_list=0x000001bb7ed056b0, length=65, elements={
0x000001bb614ae6e0, 0x000001bb7589d730, 0x000001bb7589e5e0, 0x000001bb61552d40,
0x000001bb61554000, 0x000001bb61559a70, 0x000001bb61564220, 0x000001bb61568e70,
0x000001bb61569fb0, 0x000001bb76df9190, 0x000001bb76f3fb90, 0x000001bb7703ec30,
0x000001bb7c8671d0, 0x000001bb7cb76e80, 0x000001bb7ca876d0, 0x000001bb7ca88100,
0x000001bb7d1c8190, 0x000001bb7d067e40, 0x000001bb7c0d8310, 0x000001bb7cc1b770,
0x000001bb7cc1aa50, 0x000001bb7cc1a3c0, 0x000001bb7cc1c490, 0x000001bb7cc196a0,
0x000001bb7e3c19a0, 0x000001bb7cc19010, 0x000001bb7cc1b0e0, 0x000001bb7cc19d30,
0x000001bb7cc1be00, 0x000001bb7f561c30, 0x000001bb7f562950, 0x000001bb7f5615a0,
0x000001bb7f562fe0, 0x000001bb7f563d00, 0x000001bb7f565740, 0x000001bb7f55ee40,
0x000001bb7f564390, 0x000001bb7f563670, 0x000001bb7f55f4d0, 0x000001bb7f55e7b0,
0x000001bb7f564a20, 0x000001bb7f5650b0, 0x000001bb7f565dd0, 0x000001bb7f55fb60,
0x000001bb7f560f10, 0x000001bb7f5622c0, 0x000001bb7c31a8a0, 0x000001bb7c31af30,
0x000001bb7c31dd20, 0x000001bb7c31f0d0, 0x000001bb7c31f760, 0x000001bb7c31a210,
0x000001bb7c31bc50, 0x000001bb7c31b5c0, 0x000001bb7c320b10, 0x000001bb7c31fdf0,
0x000001bb7c31e3b0, 0x000001bb7c31c2e0, 0x000001bb7c320480, 0x000001bb7c31ea40,
0x000001bb7c31c970, 0x000001bb7c3211a0, 0x000001bb7c31d000, 0x000001bb7c31d690,
0x000001bb7c321830
}

Java Threads: ( => current thread )
  0x000001bb614ae6e0 JavaThread "main"                              [_thread_blocked, id=10520, stack(0x0000000a28800000,0x0000000a28900000) (1024K)]
  0x000001bb7589d730 JavaThread "Reference Handler"          daemon [_thread_blocked, id=16348, stack(0x0000000a28c00000,0x0000000a28d00000) (1024K)]
  0x000001bb7589e5e0 JavaThread "Finalizer"                  daemon [_thread_blocked, id=20224, stack(0x0000000a28d00000,0x0000000a28e00000) (1024K)]
  0x000001bb61552d40 JavaThread "Signal Dispatcher"          daemon [_thread_blocked, id=20744, stack(0x0000000a28e00000,0x0000000a28f00000) (1024K)]
  0x000001bb61554000 JavaThread "Attach Listener"            daemon [_thread_blocked, id=5448, stack(0x0000000a28f00000,0x0000000a29000000) (1024K)]
  0x000001bb61559a70 JavaThread "Service Thread"             daemon [_thread_blocked, id=3956, stack(0x0000000a29000000,0x0000000a29100000) (1024K)]
  0x000001bb61564220 JavaThread "Monitor Deflation Thread"   daemon [_thread_blocked, id=18060, stack(0x0000000a29100000,0x0000000a29200000) (1024K)]
  0x000001bb61568e70 JavaThread "C2 CompilerThread0"         daemon [_thread_in_native, id=15404, stack(0x0000000a29200000,0x0000000a29300000) (1024K)]
  0x000001bb61569fb0 JavaThread "C1 CompilerThread0"         daemon [_thread_blocked, id=17892, stack(0x0000000a29300000,0x0000000a29400000) (1024K)]
  0x000001bb76df9190 JavaThread "Common-Cleaner"             daemon [_thread_blocked, id=22168, stack(0x0000000a29400000,0x0000000a29500000) (1024K)]
  0x000001bb76f3fb90 JavaThread "C2 CompilerThread1"         daemon [_thread_in_native, id=17852, stack(0x0000000a29500000,0x0000000a29600000) (1024K)]
  0x000001bb7703ec30 JavaThread "Notification Thread"        daemon [_thread_blocked, id=9312, stack(0x0000000a29600000,0x0000000a29700000) (1024K)]
  0x000001bb7c8671d0 JavaThread "Active Thread: Equinox Container: 09f1fd97-8ee0-4984-9f43-047b86085e70"        [_thread_blocked, id=11028, stack(0x0000000a29e00000,0x0000000a29f00000) (1024K)]
  0x000001bb7cb76e80 JavaThread "Refresh Thread: Equinox Container: 09f1fd97-8ee0-4984-9f43-047b86085e70" daemon [_thread_blocked, id=10964, stack(0x0000000a29f00000,0x0000000a2a000000) (1024K)]
  0x000001bb7ca876d0 JavaThread "Framework Event Dispatcher: Equinox Container: 09f1fd97-8ee0-4984-9f43-047b86085e70" daemon [_thread_blocked, id=14100, stack(0x0000000a2a100000,0x0000000a2a200000) (1024K)]
  0x000001bb7ca88100 JavaThread "Start Level: Equinox Container: 09f1fd97-8ee0-4984-9f43-047b86085e70" daemon [_thread_blocked, id=18352, stack(0x0000000a2a200000,0x0000000a2a300000) (1024K)]
  0x000001bb7d1c8190 JavaThread "Bundle File Closer"         daemon [_thread_blocked, id=20580, stack(0x0000000a2a300000,0x0000000a2a400000) (1024K)]
  0x000001bb7d067e40 JavaThread "SCR Component Actor"        daemon [_thread_blocked, id=15512, stack(0x0000000a2a600000,0x0000000a2a700000) (1024K)]
  0x000001bb7c0d8310 JavaThread "SCR Component Registry"     daemon [_thread_blocked, id=8712, stack(0x0000000a29700000,0x0000000a29800000) (1024K)]
  0x000001bb7cc1b770 JavaThread "Worker-JM"                         [_thread_blocked, id=21468, stack(0x0000000a2a700000,0x0000000a2a800000) (1024K)]
  0x000001bb7cc1aa50 JavaThread "JNA Cleaner"                daemon [_thread_blocked, id=14460, stack(0x0000000a2a800000,0x0000000a2a900000) (1024K)]
  0x000001bb7cc1a3c0 JavaThread "Worker-0: Java indexing... "        [_thread_blocked, id=16408, stack(0x0000000a2a900000,0x0000000a2aa00000) (1024K)]
  0x000001bb7cc1c490 JavaThread "Worker-1"                          [_thread_blocked, id=22016, stack(0x0000000a2aa00000,0x0000000a2ab00000) (1024K)]
  0x000001bb7cc196a0 JavaThread "Java indexing"              daemon [_thread_in_native, id=9128, stack(0x0000000a2ab00000,0x0000000a2ac00000) (1024K)]
=>0x000001bb7e3c19a0 JavaThread "C2 CompilerThread2"         daemon [_thread_in_native, id=13440, stack(0x0000000a2ac00000,0x0000000a2ad00000) (1024K)]
  0x000001bb7cc19010 JavaThread "Worker-2"                          [_thread_blocked, id=17616, stack(0x0000000a2ad00000,0x0000000a2ae00000) (1024K)]
  0x000001bb7cc1b0e0 JavaThread "Worker-3: Initialize Workspace"        [_thread_in_native, id=17996, stack(0x0000000a2ae00000,0x0000000a2af00000) (1024K)]
  0x000001bb7cc19d30 JavaThread "Thread-2"                   daemon [_thread_in_native, id=7212, stack(0x0000000a2af00000,0x0000000a2b000000) (1024K)]
  0x000001bb7cc1be00 JavaThread "Thread-3"                   daemon [_thread_in_native, id=12492, stack(0x0000000a2b000000,0x0000000a2b100000) (1024K)]
  0x000001bb7f561c30 JavaThread "Thread-4"                   daemon [_thread_in_native, id=15180, stack(0x0000000a2b100000,0x0000000a2b200000) (1024K)]
  0x000001bb7f562950 JavaThread "Thread-5"                   daemon [_thread_in_native, id=20752, stack(0x0000000a2b200000,0x0000000a2b300000) (1024K)]
  0x000001bb7f5615a0 JavaThread "Thread-6"                   daemon [_thread_in_native, id=10772, stack(0x0000000a2b300000,0x0000000a2b400000) (1024K)]
  0x000001bb7f562fe0 JavaThread "Thread-7"                   daemon [_thread_in_native, id=21860, stack(0x0000000a2b400000,0x0000000a2b500000) (1024K)]
  0x000001bb7f563d00 JavaThread "Thread-8"                   daemon [_thread_in_native, id=4020, stack(0x0000000a2b500000,0x0000000a2b600000) (1024K)]
  0x000001bb7f565740 JavaThread "Thread-9"                   daemon [_thread_in_native, id=12780, stack(0x0000000a2b600000,0x0000000a2b700000) (1024K)]
  0x000001bb7f55ee40 JavaThread "Thread-10"                  daemon [_thread_in_native, id=5760, stack(0x0000000a2b700000,0x0000000a2b800000) (1024K)]
  0x000001bb7f564390 JavaThread "Thread-11"                  daemon [_thread_in_native, id=9932, stack(0x0000000a2b800000,0x0000000a2b900000) (1024K)]
  0x000001bb7f563670 JavaThread "Thread-12"                  daemon [_thread_in_native, id=14720, stack(0x0000000a2b900000,0x0000000a2ba00000) (1024K)]
  0x000001bb7f55f4d0 JavaThread "Thread-13"                  daemon [_thread_in_native, id=4168, stack(0x0000000a2ba00000,0x0000000a2bb00000) (1024K)]
  0x000001bb7f55e7b0 JavaThread "Thread-14"                  daemon [_thread_in_native, id=5276, stack(0x0000000a2bb00000,0x0000000a2bc00000) (1024K)]
  0x000001bb7f564a20 JavaThread "pool-2-thread-1"                   [_thread_blocked, id=11616, stack(0x0000000a2bc00000,0x0000000a2bd00000) (1024K)]
  0x000001bb7f5650b0 JavaThread "WorkspaceEventsHandler"            [_thread_blocked, id=5520, stack(0x0000000a2bd00000,0x0000000a2be00000) (1024K)]
  0x000001bb7f565dd0 JavaThread "pool-1-thread-1"                   [_thread_blocked, id=21952, stack(0x0000000a2be00000,0x0000000a2bf00000) (1024K)]
  0x000001bb7f55fb60 JavaThread "Worker-4"                          [_thread_blocked, id=7560, stack(0x0000000a2bf00000,0x0000000a2c000000) (1024K)]
  0x000001bb7f560f10 JavaThread "Compiler Source File Reader" daemon [_thread_blocked, id=19700, stack(0x0000000a2c000000,0x0000000a2c100000) (1024K)]
  0x000001bb7f5622c0 JavaThread "Compiler Source File Reader" daemon [_thread_blocked, id=22388, stack(0x0000000a2c100000,0x0000000a2c200000) (1024K)]
  0x000001bb7c31a8a0 JavaThread "Compiler Source File Reader" daemon [_thread_blocked, id=21924, stack(0x0000000a2c200000,0x0000000a2c300000) (1024K)]
  0x000001bb7c31af30 JavaThread "Compiler Source File Reader" daemon [_thread_blocked, id=20612, stack(0x0000000a2c300000,0x0000000a2c400000) (1024K)]
  0x000001bb7c31dd20 JavaThread "Compiler Source File Reader" daemon [_thread_blocked, id=14244, stack(0x0000000a2c400000,0x0000000a2c500000) (1024K)]
  0x000001bb7c31f0d0 JavaThread "Compiler Source File Reader" daemon [_thread_blocked, id=4816, stack(0x0000000a2c500000,0x0000000a2c600000) (1024K)]
  0x000001bb7c31f760 JavaThread "Compiler Source File Reader" daemon [_thread_blocked, id=2328, stack(0x0000000a2c600000,0x0000000a2c700000) (1024K)]
  0x000001bb7c31a210 JavaThread "Compiler Source File Reader" daemon [_thread_blocked, id=18528, stack(0x0000000a2c700000,0x0000000a2c800000) (1024K)]
  0x000001bb7c31bc50 JavaThread "Compiler Source File Reader" daemon [_thread_blocked, id=13032, stack(0x0000000a2c800000,0x0000000a2c900000) (1024K)]
  0x000001bb7c31b5c0 JavaThread "Compiler Source File Reader" daemon [_thread_blocked, id=15244, stack(0x0000000a2c900000,0x0000000a2ca00000) (1024K)]
  0x000001bb7c320b10 JavaThread "Compiler Processing Task"   daemon [_thread_blocked, id=4876, stack(0x0000000a2ca00000,0x0000000a2cb00000) (1024K)]
  0x000001bb7c31fdf0 JavaThread "Compiler Class File Writer" daemon [_thread_blocked, id=19948, stack(0x0000000a2cb00000,0x0000000a2cc00000) (1024K)]
  0x000001bb7c31e3b0 JavaThread "Compiler Class File Writer" daemon [_thread_blocked, id=22132, stack(0x0000000a2cc00000,0x0000000a2cd00000) (1024K)]
  0x000001bb7c31c2e0 JavaThread "Compiler Class File Writer" daemon [_thread_blocked, id=10280, stack(0x0000000a2cd00000,0x0000000a2ce00000) (1024K)]
  0x000001bb7c320480 JavaThread "Compiler Class File Writer" daemon [_thread_blocked, id=2672, stack(0x0000000a2ce00000,0x0000000a2cf00000) (1024K)]
  0x000001bb7c31ea40 JavaThread "Compiler Class File Writer" daemon [_thread_blocked, id=15840, stack(0x0000000a2cf00000,0x0000000a2d000000) (1024K)]
  0x000001bb7c31c970 JavaThread "Compiler Class File Writer" daemon [_thread_blocked, id=10716, stack(0x0000000a2d000000,0x0000000a2d100000) (1024K)]
  0x000001bb7c3211a0 JavaThread "Compiler Class File Writer" daemon [_thread_blocked, id=16052, stack(0x0000000a2d100000,0x0000000a2d200000) (1024K)]
  0x000001bb7c31d000 JavaThread "Compiler Class File Writer" daemon [_thread_blocked, id=11636, stack(0x0000000a2d200000,0x0000000a2d300000) (1024K)]
  0x000001bb7c31d690 JavaThread "Compiler Class File Writer" daemon [_thread_blocked, id=9940, stack(0x0000000a2d300000,0x0000000a2d400000) (1024K)]
  0x000001bb7c321830 JavaThread "Compiler Class File Writer" daemon [_thread_blocked, id=11644, stack(0x0000000a2d400000,0x0000000a2d500000) (1024K)]
Total: 65

Other Threads:
  0x000001bb75883b80 VMThread "VM Thread"                           [id=19704, stack(0x0000000a28b00000,0x0000000a28c00000) (1024K)]
  0x000001bb6151ab70 WatcherThread "VM Periodic Task Thread"        [id=10552, stack(0x0000000a28a00000,0x0000000a28b00000) (1024K)]
  0x000001bb614cd1e0 WorkerThread "GC Thread#0"                     [id=2340, stack(0x0000000a28900000,0x0000000a28a00000) (1024K)]
  0x000001bb7c401ad0 WorkerThread "GC Thread#1"                     [id=6340, stack(0x0000000a29800000,0x0000000a29900000) (1024K)]
  0x000001bb7c401e70 WorkerThread "GC Thread#2"                     [id=2168, stack(0x0000000a29900000,0x0000000a29a00000) (1024K)]
  0x000001bb7c402210 WorkerThread "GC Thread#3"                     [id=14136, stack(0x0000000a29a00000,0x0000000a29b00000) (1024K)]
  0x000001bb7c4025b0 WorkerThread "GC Thread#4"                     [id=15344, stack(0x0000000a29b00000,0x0000000a29c00000) (1024K)]
  0x000001bb7c602e30 WorkerThread "GC Thread#5"                     [id=8324, stack(0x0000000a29c00000,0x0000000a29d00000) (1024K)]
  0x000001bb7c7d20a0 WorkerThread "GC Thread#6"                     [id=12200, stack(0x0000000a29d00000,0x0000000a29e00000) (1024K)]
  0x000001bb7cb78040 WorkerThread "GC Thread#7"                     [id=20056, stack(0x0000000a2a000000,0x0000000a2a100000) (1024K)]
  0x000001bb7d25a050 WorkerThread "GC Thread#8"                     [id=10252, stack(0x0000000a2a400000,0x0000000a2a500000) (1024K)]
  0x000001bb7d068590 WorkerThread "GC Thread#9"                     [id=10712, stack(0x0000000a2a500000,0x0000000a2a600000) (1024K)]
Total: 12

Threads with active compile tasks:
C2 CompilerThread0  6818 6818   !   4       org.eclipse.jdt.internal.core.search.indexing.BinaryIndexer::indexDocument (1204 bytes)
C2 CompilerThread1  6818 7055       4       org.eclipse.jdt.internal.core.search.indexing.BinaryIndexer::extractReferenceFromConstantPool (358 bytes)
C2 CompilerThread2  6818 6897 %     4       org.lombokweb.asm.SymbolTable::<init> @ 98 (536 bytes)
Total: 3

VM state: not at safepoint (normal execution)

VM Mutex/Monitor currently owned by a thread: None

Heap address: 0x00000000c0000000, size: 1024 MB, Compressed Oops mode: 32-bit

CDS archive(s) mapped at: [0x000001bb00000000-0x000001bb00ba0000-0x000001bb00ba0000), size 12189696, SharedBaseAddress: 0x000001bb00000000, ArchiveRelocationMode: 1.
Compressed class space mapped at: 0x000001bb01000000-0x000001bb41000000, reserved size: 1073741824
Narrow klass base: 0x000001bb00000000, Narrow klass shift: 0, Narrow klass range: 0x100000000

GC Precious Log:
 CardTable entry size: 512
 CPUs: 12 total, 12 available
 Memory: 5989M
 Large Page Support: Disabled
 NUMA Support: Disabled
 Compressed Oops: Enabled (32-bit)
 Alignments: Space 512K, Generation 512K, Heap 2M
 Heap Min Capacity: 100M
 Heap Initial Capacity: 100M
 Heap Max Capacity: 1G
 Pre-touch: Disabled
 Parallel Workers: 10

Heap:
 PSYoungGen      total 17920K, used 13885K [0x00000000eab00000, 0x00000000ebe80000, 0x0000000100000000)
  eden space 15872K, 76% used [0x00000000eab00000,0x00000000eb6cf788,0x00000000eba80000)
  from space 2048K, 87% used [0x00000000eba80000,0x00000000ebc40000,0x00000000ebc80000)
  to   space 2048K, 0% used [0x00000000ebc80000,0x00000000ebc80000,0x00000000ebe80000)
 ParOldGen       total 93184K, used 93086K [0x00000000c0000000, 0x00000000c5b00000, 0x00000000eab00000)
  object space 93184K, 99% used [0x00000000c0000000,0x00000000c5ae7ab8,0x00000000c5b00000)
 Metaspace       used 54075K, committed 55232K, reserved 1114112K
  class space    used 5624K, committed 6080K, reserved 1048576K

Card table byte_map: [0x000001bb60e80000,0x000001bb61090000] _byte_map_base: 0x000001bb60880000

Marking Bits: (ParMarkBitMap*) 0x00007ffa99eb3260
 Begin Bits: [0x000001bb736a0000, 0x000001bb746a0000)
 End Bits:   [0x000001bb746a0000, 0x000001bb756a0000)

Polling page: 0x000001bb60c70000

Metaspace:

Usage:
  Non-class:     47.32 MB used.
      Class:      5.49 MB used.
       Both:     52.81 MB used.

Virtual space:
  Non-class space:       64.00 MB reserved,      48.00 MB ( 75%) committed,  1 nodes.
      Class space:        1.00 GB reserved,       5.94 MB ( <1%) committed,  1 nodes.
             Both:        1.06 GB reserved,      53.94 MB (  5%) committed. 

Chunk freelists:
   Non-Class:  32.00 KB
       Class:  10.06 MB
        Both:  10.09 MB

MaxMetaspaceSize: unlimited
CompressedClassSpaceSize: 1.00 GB
Initial GC threshold: 21.00 MB
Current GC threshold: 58.38 MB
CDS: on
 - commit_granule_bytes: 65536.
 - commit_granule_words: 8192.
 - virtual_space_node_default_size: 8388608.
 - enlarge_chunks_in_place: 1.
 - use_allocation_guard: 0.


Internal statistics:

num_allocs_failed_limit: 6.
num_arena_births: 838.
num_arena_deaths: 14.
num_vsnodes_births: 2.
num_vsnodes_deaths: 0.
num_space_committed: 863.
num_space_uncommitted: 0.
num_chunks_returned_to_freelist: 20.
num_chunks_taken_from_freelist: 3170.
num_chunk_merges: 12.
num_chunk_splits: 2038.
num_chunks_enlarged: 1270.
num_inconsistent_stats: 0.

CodeHeap 'non-profiled nmethods': size=120000Kb used=3841Kb max_used=3841Kb free=116158Kb
 bounds [0x000001bb6c170000, 0x000001bb6c540000, 0x000001bb736a0000]
CodeHeap 'profiled nmethods': size=120000Kb used=14878Kb max_used=14878Kb free=105121Kb
 bounds [0x000001bb646a0000, 0x000001bb65530000, 0x000001bb6bbd0000]
CodeHeap 'non-nmethods': size=5760Kb used=1403Kb max_used=1467Kb free=4356Kb
 bounds [0x000001bb6bbd0000, 0x000001bb6be40000, 0x000001bb6c170000]
 total_blobs=7354 nmethods=6645 adapters=615
 compilation: enabled
              stopped_count=0, restarted_count=0
 full_count=0

Compilation events (20 events):
Event: 6.758 Thread 0x000001bb61569fb0 7241       2       java.util.Calendar::get (10 bytes)
Event: 6.759 Thread 0x000001bb61569fb0 nmethod 7241 0x000001bb6551b110 code [0x000001bb6551b2c0, 0x000001bb6551b430]
Event: 6.759 Thread 0x000001bb61569fb0 7240       1       sun.util.calendar.CalendarDate::setNormalized (6 bytes)
Event: 6.759 Thread 0x000001bb61569fb0 nmethod 7240 0x000001bb6c52fe90 code [0x000001bb6c530020, 0x000001bb6c5300f0]
Event: 6.760 Thread 0x000001bb61569fb0 7243       2       java.lang.invoke.MethodHandles::argumentsWithCombinerChecks (197 bytes)
Event: 6.761 Thread 0x000001bb61569fb0 nmethod 7243 0x000001bb6551b590 code [0x000001bb6551b880, 0x000001bb6551c138]
Event: 6.761 Thread 0x000001bb61569fb0 7242       2       java.lang.invoke.MethodHandles::argumentsWithCombiner (130 bytes)
Event: 6.762 Thread 0x000001bb61569fb0 nmethod 7242 0x000001bb6551c890 code [0x000001bb6551cac0, 0x000001bb6551cfa8]
Event: 6.766 Thread 0x000001bb61569fb0 7244       2       java.util.LinkedList::linkLast (59 bytes)
Event: 6.766 Thread 0x000001bb61569fb0 nmethod 7244 0x000001bb6551d510 code [0x000001bb6551d6a0, 0x000001bb6551d8a8]
Event: 6.771 Thread 0x000001bb61569fb0 7245       2       org.osgi.util.tracker.BundleTracker$Tracked::bundleChanged (48 bytes)
Event: 6.772 Thread 0x000001bb61569fb0 nmethod 7245 0x000001bb6551d990 code [0x000001bb6551db60, 0x000001bb6551dd80]
Event: 6.776 Thread 0x000001bb61569fb0 7246       2       java.lang.invoke.DirectMethodHandle$Holder::newInvokeSpecial (28 bytes)
Event: 6.776 Thread 0x000001bb61569fb0 nmethod 7246 0x000001bb6551df10 code [0x000001bb6551e0e0, 0x000001bb6551e2e8]
Event: 6.780 Thread 0x000001bb61569fb0 7247       2       org.eclipse.core.runtime.Path::append (264 bytes)
Event: 6.781 Thread 0x000001bb61569fb0 nmethod 7247 0x000001bb6551e490 code [0x000001bb6551e760, 0x000001bb6551f300]
Event: 6.781 Thread 0x000001bb61569fb0 7250       2       java.lang.invoke.InvokerBytecodeGenerator::resolveFrom (81 bytes)
Event: 6.781 Thread 0x000001bb61569fb0 nmethod 7250 0x000001bb6551fa90 code [0x000001bb6551fc60, 0x000001bb6551fe80]
Event: 6.781 Thread 0x000001bb61569fb0 7249       2       java.lang.invoke.MethodType::invokerType (9 bytes)
Event: 6.781 Thread 0x000001bb61569fb0 nmethod 7249 0x000001bb6551ff90 code [0x000001bb65520140, 0x000001bb65520278]

GC Heap History (20 events):
Event: 6.277 GC heap before
{Heap before GC invocations=49 (full 2):
 PSYoungGen      total 17920K, used 17553K [0x00000000eab00000, 0x00000000ec180000, 0x0000000100000000)
  eden space 15872K, 99% used [0x00000000eab00000,0x00000000eba79f60,0x00000000eba80000)
  from space 2048K, 83% used [0x00000000ebf80000,0x00000000ec12a658,0x00000000ec180000)
  to   space 2048K, 0% used [0x00000000ebd80000,0x00000000ebd80000,0x00000000ebf80000)
 ParOldGen       total 77312K, used 77102K [0x00000000c0000000, 0x00000000c4b80000, 0x00000000eab00000)
  object space 77312K, 99% used [0x00000000c0000000,0x00000000c4b4b888,0x00000000c4b80000)
 Metaspace       used 51110K, committed 52288K, reserved 1114112K
  class space    used 5358K, committed 5824K, reserved 1048576K
}
Event: 6.279 GC heap after
{Heap after GC invocations=49 (full 2):
 PSYoungGen      total 17408K, used 1089K [0x00000000eab00000, 0x00000000ec000000, 0x0000000100000000)
  eden space 15872K, 0% used [0x00000000eab00000,0x00000000eab00000,0x00000000eba80000)
  from space 1536K, 70% used [0x00000000ebd80000,0x00000000ebe90590,0x00000000ebf00000)
  to   space 1024K, 0% used [0x00000000ebf00000,0x00000000ebf00000,0x00000000ec000000)
 ParOldGen       total 78336K, used 77950K [0x00000000c0000000, 0x00000000c4c80000, 0x00000000eab00000)
  object space 78336K, 99% used [0x00000000c0000000,0x00000000c4c1f888,0x00000000c4c80000)
 Metaspace       used 51110K, committed 52288K, reserved 1114112K
  class space    used 5358K, committed 5824K, reserved 1048576K
}
Event: 6.321 GC heap before
{Heap before GC invocations=50 (full 2):
 PSYoungGen      total 17408K, used 16961K [0x00000000eab00000, 0x00000000ec000000, 0x0000000100000000)
  eden space 15872K, 100% used [0x00000000eab00000,0x00000000eba80000,0x00000000eba80000)
  from space 1536K, 70% used [0x00000000ebd80000,0x00000000ebe90590,0x00000000ebf00000)
  to   space 1024K, 0% used [0x00000000ebf00000,0x00000000ebf00000,0x00000000ec000000)
 ParOldGen       total 78336K, used 77952K [0x00000000c0000000, 0x00000000c4c80000, 0x00000000eab00000)
  object space 78336K, 99% used [0x00000000c0000000,0x00000000c4c20018,0x00000000c4c80000)
 Metaspace       used 51696K, committed 52928K, reserved 1114112K
  class space    used 5408K, committed 5888K, reserved 1048576K
}
Event: 6.324 GC heap after
{Heap after GC invocations=50 (full 2):
 PSYoungGen      total 16896K, used 1024K [0x00000000eab00000, 0x00000000ec000000, 0x0000000100000000)
  eden space 15872K, 0% used [0x00000000eab00000,0x00000000eab00000,0x00000000eba80000)
  from space 1024K, 100% used [0x00000000ebf00000,0x00000000ec000000,0x00000000ec000000)
  to   space 2560K, 0% used [0x00000000ebb00000,0x00000000ebb00000,0x00000000ebd80000)
 ParOldGen       total 79360K, used 78904K [0x00000000c0000000, 0x00000000c4d80000, 0x00000000eab00000)
  object space 79360K, 99% used [0x00000000c0000000,0x00000000c4d0e018,0x00000000c4d80000)
 Metaspace       used 51696K, committed 52928K, reserved 1114112K
  class space    used 5408K, committed 5888K, reserved 1048576K
}
Event: 6.366 GC heap before
{Heap before GC invocations=51 (full 2):
 PSYoungGen      total 16896K, used 16896K [0x00000000eab00000, 0x00000000ec000000, 0x0000000100000000)
  eden space 15872K, 100% used [0x00000000eab00000,0x00000000eba80000,0x00000000eba80000)
  from space 1024K, 100% used [0x00000000ebf00000,0x00000000ec000000,0x00000000ec000000)
  to   space 2560K, 0% used [0x00000000ebb00000,0x00000000ebb00000,0x00000000ebd80000)
 ParOldGen       total 79360K, used 78926K [0x00000000c0000000, 0x00000000c4d80000, 0x00000000eab00000)
  object space 79360K, 99% used [0x00000000c0000000,0x00000000c4d13a68,0x00000000c4d80000)
 Metaspace       used 52175K, committed 53312K, reserved 1114112K
  class space    used 5453K, committed 5888K, reserved 1048576K
}
Event: 6.369 GC heap after
{Heap after GC invocations=51 (full 2):
 PSYoungGen      total 18432K, used 1600K [0x00000000eab00000, 0x00000000ebf80000, 0x0000000100000000)
  eden space 15872K, 0% used [0x00000000eab00000,0x00000000eab00000,0x00000000eba80000)
  from space 2560K, 62% used [0x00000000ebb00000,0x00000000ebc90010,0x00000000ebd80000)
  to   space 2048K, 0% used [0x00000000ebd80000,0x00000000ebd80000,0x00000000ebf80000)
 ParOldGen       total 80384K, used 79934K [0x00000000c0000000, 0x00000000c4e80000, 0x00000000eab00000)
  object space 80384K, 99% used [0x00000000c0000000,0x00000000c4e0fa68,0x00000000c4e80000)
 Metaspace       used 52175K, committed 53312K, reserved 1114112K
  class space    used 5453K, committed 5888K, reserved 1048576K
}
Event: 6.424 GC heap before
{Heap before GC invocations=52 (full 2):
 PSYoungGen      total 18432K, used 17472K [0x00000000eab00000, 0x00000000ebf80000, 0x0000000100000000)
  eden space 15872K, 100% used [0x00000000eab00000,0x00000000eba80000,0x00000000eba80000)
  from space 2560K, 62% used [0x00000000ebb00000,0x00000000ebc90010,0x00000000ebd80000)
  to   space 2048K, 0% used [0x00000000ebd80000,0x00000000ebd80000,0x00000000ebf80000)
 ParOldGen       total 80384K, used 79934K [0x00000000c0000000, 0x00000000c4e80000, 0x00000000eab00000)
  object space 80384K, 99% used [0x00000000c0000000,0x00000000c4e0fa68,0x00000000c4e80000)
 Metaspace       used 52565K, committed 53760K, reserved 1114112K
  class space    used 5475K, committed 5952K, reserved 1048576K
}
Event: 6.427 GC heap after
{Heap after GC invocations=52 (full 2):
 PSYoungGen      total 17920K, used 2016K [0x00000000eab00000, 0x00000000ebf80000, 0x0000000100000000)
  eden space 15872K, 0% used [0x00000000eab00000,0x00000000eab00000,0x00000000eba80000)
  from space 2048K, 98% used [0x00000000ebd80000,0x00000000ebf78020,0x00000000ebf80000)
  to   space 2560K, 0% used [0x00000000eba80000,0x00000000eba80000,0x00000000ebd00000)
 ParOldGen       total 81408K, used 81294K [0x00000000c0000000, 0x00000000c4f80000, 0x00000000eab00000)
  object space 81408K, 99% used [0x00000000c0000000,0x00000000c4f63a68,0x00000000c4f80000)
 Metaspace       used 52565K, committed 53760K, reserved 1114112K
  class space    used 5475K, committed 5952K, reserved 1048576K
}
Event: 6.476 GC heap before
{Heap before GC invocations=53 (full 2):
 PSYoungGen      total 17920K, used 17888K [0x00000000eab00000, 0x00000000ebf80000, 0x0000000100000000)
  eden space 15872K, 100% used [0x00000000eab00000,0x00000000eba80000,0x00000000eba80000)
  from space 2048K, 98% used [0x00000000ebd80000,0x00000000ebf78020,0x00000000ebf80000)
  to   space 2560K, 0% used [0x00000000eba80000,0x00000000eba80000,0x00000000ebd00000)
 ParOldGen       total 81408K, used 81294K [0x00000000c0000000, 0x00000000c4f80000, 0x00000000eab00000)
  object space 81408K, 99% used [0x00000000c0000000,0x00000000c4f63a68,0x00000000c4f80000)
 Metaspace       used 52861K, committed 54016K, reserved 1114112K
  class space    used 5502K, committed 5952K, reserved 1048576K
}
Event: 6.479 GC heap after
{Heap after GC invocations=53 (full 2):
 PSYoungGen      total 17920K, used 1944K [0x00000000eab00000, 0x00000000ebe80000, 0x0000000100000000)
  eden space 15872K, 0% used [0x00000000eab00000,0x00000000eab00000,0x00000000eba80000)
  from space 2048K, 94% used [0x00000000eba80000,0x00000000ebc66010,0x00000000ebc80000)
  to   space 2048K, 0% used [0x00000000ebc80000,0x00000000ebc80000,0x00000000ebe80000)
 ParOldGen       total 83456K, used 83134K [0x00000000c0000000, 0x00000000c5180000, 0x00000000eab00000)
  object space 83456K, 99% used [0x00000000c0000000,0x00000000c512fa88,0x00000000c5180000)
 Metaspace       used 52861K, committed 54016K, reserved 1114112K
  class space    used 5502K, committed 5952K, reserved 1048576K
}
Event: 6.528 GC heap before
{Heap before GC invocations=54 (full 2):
 PSYoungGen      total 17920K, used 17816K [0x00000000eab00000, 0x00000000ebe80000, 0x0000000100000000)
  eden space 15872K, 100% used [0x00000000eab00000,0x00000000eba80000,0x00000000eba80000)
  from space 2048K, 94% used [0x00000000eba80000,0x00000000ebc66010,0x00000000ebc80000)
  to   space 2048K, 0% used [0x00000000ebc80000,0x00000000ebc80000,0x00000000ebe80000)
 ParOldGen       total 83456K, used 83134K [0x00000000c0000000, 0x00000000c5180000, 0x00000000eab00000)
  object space 83456K, 99% used [0x00000000c0000000,0x00000000c512fa88,0x00000000c5180000)
 Metaspace       used 53128K, committed 54336K, reserved 1114112K
  class space    used 5529K, committed 6016K, reserved 1048576K
}
Event: 6.531 GC heap after
{Heap after GC invocations=54 (full 2):
 PSYoungGen      total 17920K, used 1920K [0x00000000eab00000, 0x00000000ebe80000, 0x0000000100000000)
  eden space 15872K, 0% used [0x00000000eab00000,0x00000000eab00000,0x00000000eba80000)
  from space 2048K, 93% used [0x00000000ebc80000,0x00000000ebe60000,0x00000000ebe80000)
  to   space 2048K, 0% used [0x00000000eba80000,0x00000000eba80000,0x00000000ebc80000)
 ParOldGen       total 84992K, used 84846K [0x00000000c0000000, 0x00000000c5300000, 0x00000000eab00000)
  object space 84992K, 99% used [0x00000000c0000000,0x00000000c52dba98,0x00000000c5300000)
 Metaspace       used 53128K, committed 54336K, reserved 1114112K
  class space    used 5529K, committed 6016K, reserved 1048576K
}
Event: 6.576 GC heap before
{Heap before GC invocations=55 (full 2):
 PSYoungGen      total 17920K, used 17792K [0x00000000eab00000, 0x00000000ebe80000, 0x0000000100000000)
  eden space 15872K, 100% used [0x00000000eab00000,0x00000000eba80000,0x00000000eba80000)
  from space 2048K, 93% used [0x00000000ebc80000,0x00000000ebe60000,0x00000000ebe80000)
  to   space 2048K, 0% used [0x00000000eba80000,0x00000000eba80000,0x00000000ebc80000)
 ParOldGen       total 84992K, used 84846K [0x00000000c0000000, 0x00000000c5300000, 0x00000000eab00000)
  object space 84992K, 99% used [0x00000000c0000000,0x00000000c52dba98,0x00000000c5300000)
 Metaspace       used 53353K, committed 54528K, reserved 1114112K
  class space    used 5571K, committed 6080K, reserved 1048576K
}
Event: 6.579 GC heap after
{Heap after GC invocations=55 (full 2):
 PSYoungGen      total 17920K, used 1696K [0x00000000eab00000, 0x00000000ebe80000, 0x0000000100000000)
  eden space 15872K, 0% used [0x00000000eab00000,0x00000000eab00000,0x00000000eba80000)
  from space 2048K, 82% used [0x00000000eba80000,0x00000000ebc28000,0x00000000ebc80000)
  to   space 2048K, 0% used [0x00000000ebc80000,0x00000000ebc80000,0x00000000ebe80000)
 ParOldGen       total 87040K, used 86542K [0x00000000c0000000, 0x00000000c5500000, 0x00000000eab00000)
  object space 87040K, 99% used [0x00000000c0000000,0x00000000c5483a98,0x00000000c5500000)
 Metaspace       used 53353K, committed 54528K, reserved 1114112K
  class space    used 5571K, committed 6080K, reserved 1048576K
}
Event: 6.617 GC heap before
{Heap before GC invocations=56 (full 2):
 PSYoungGen      total 17920K, used 17567K [0x00000000eab00000, 0x00000000ebe80000, 0x0000000100000000)
  eden space 15872K, 99% used [0x00000000eab00000,0x00000000eba7fff0,0x00000000eba80000)
  from space 2048K, 82% used [0x00000000eba80000,0x00000000ebc28000,0x00000000ebc80000)
  to   space 2048K, 0% used [0x00000000ebc80000,0x00000000ebc80000,0x00000000ebe80000)
 ParOldGen       total 87040K, used 86542K [0x00000000c0000000, 0x00000000c5500000, 0x00000000eab00000)
  object space 87040K, 99% used [0x00000000c0000000,0x00000000c5483a98,0x00000000c5500000)
 Metaspace       used 53419K, committed 54656K, reserved 1114112K
  class space    used 5572K, committed 6080K, reserved 1048576K
}
Event: 6.623 GC heap after
{Heap after GC invocations=56 (full 2):
 PSYoungGen      total 17920K, used 1920K [0x00000000eab00000, 0x00000000ebe80000, 0x0000000100000000)
  eden space 15872K, 0% used [0x00000000eab00000,0x00000000eab00000,0x00000000eba80000)
  from space 2048K, 93% used [0x00000000ebc80000,0x00000000ebe60000,0x00000000ebe80000)
  to   space 2048K, 0% used [0x00000000eba80000,0x00000000eba80000,0x00000000ebc80000)
 ParOldGen       total 88064K, used 87982K [0x00000000c0000000, 0x00000000c5600000, 0x00000000eab00000)
  object space 88064K, 99% used [0x00000000c0000000,0x00000000c55eba98,0x00000000c5600000)
 Metaspace       used 53419K, committed 54656K, reserved 1114112K
  class space    used 5572K, committed 6080K, reserved 1048576K
}
Event: 6.715 GC heap before
{Heap before GC invocations=57 (full 2):
 PSYoungGen      total 17920K, used 17792K [0x00000000eab00000, 0x00000000ebe80000, 0x0000000100000000)
  eden space 15872K, 100% used [0x00000000eab00000,0x00000000eba80000,0x00000000eba80000)
  from space 2048K, 93% used [0x00000000ebc80000,0x00000000ebe60000,0x00000000ebe80000)
  to   space 2048K, 0% used [0x00000000eba80000,0x00000000eba80000,0x00000000ebc80000)
 ParOldGen       total 88064K, used 87982K [0x00000000c0000000, 0x00000000c5600000, 0x00000000eab00000)
  object space 88064K, 99% used [0x00000000c0000000,0x00000000c55eba98,0x00000000c5600000)
 Metaspace       used 53521K, committed 54720K, reserved 1114112K
  class space    used 5576K, committed 6080K, reserved 1048576K
}
Event: 6.719 GC heap after
{Heap after GC invocations=57 (full 2):
 PSYoungGen      total 17920K, used 2048K [0x00000000eab00000, 0x00000000ebf80000, 0x0000000100000000)
  eden space 15872K, 0% used [0x00000000eab00000,0x00000000eab00000,0x00000000eba80000)
  from space 2048K, 100% used [0x00000000eba80000,0x00000000ebc80000,0x00000000ebc80000)
  to   space 2560K, 0% used [0x00000000ebd00000,0x00000000ebd00000,0x00000000ebf80000)
 ParOldGen       total 90112K, used 89698K [0x00000000c0000000, 0x00000000c5800000, 0x00000000eab00000)
  object space 90112K, 99% used [0x00000000c0000000,0x00000000c5798aa8,0x00000000c5800000)
 Metaspace       used 53521K, committed 54720K, reserved 1114112K
  class space    used 5576K, committed 6080K, reserved 1048576K
}
Event: 6.753 GC heap before
{Heap before GC invocations=58 (full 2):
 PSYoungGen      total 17920K, used 17920K [0x00000000eab00000, 0x00000000ebf80000, 0x0000000100000000)
  eden space 15872K, 100% used [0x00000000eab00000,0x00000000eba80000,0x00000000eba80000)
  from space 2048K, 100% used [0x00000000eba80000,0x00000000ebc80000,0x00000000ebc80000)
  to   space 2560K, 0% used [0x00000000ebd00000,0x00000000ebd00000,0x00000000ebf80000)
 ParOldGen       total 90112K, used 89698K [0x00000000c0000000, 0x00000000c5800000, 0x00000000eab00000)
  object space 90112K, 99% used [0x00000000c0000000,0x00000000c5798aa8,0x00000000c5800000)
 Metaspace       used 53630K, committed 54848K, reserved 1114112K
  class space    used 5583K, committed 6080K, reserved 1048576K
}
Event: 6.755 GC heap after
{Heap after GC invocations=58 (full 2):
 PSYoungGen      total 17920K, used 1728K [0x00000000eab00000, 0x00000000ebf00000, 0x0000000100000000)
  eden space 15872K, 0% used [0x00000000eab00000,0x00000000eab00000,0x00000000eba80000)
  from space 2048K, 84% used [0x00000000ebd00000,0x00000000ebeb0000,0x00000000ebf00000)
  to   space 2048K, 0% used [0x00000000eba80000,0x00000000eba80000,0x00000000ebc80000)
 ParOldGen       total 91648K, used 91542K [0x00000000c0000000, 0x00000000c5980000, 0x00000000eab00000)
  object space 91648K, 99% used [0x00000000c0000000,0x00000000c5965ab8,0x00000000c5980000)
 Metaspace       used 53630K, committed 54848K, reserved 1114112K
  class space    used 5583K, committed 6080K, reserved 1048576K
}

Dll operation events (10 events):
Event: 0.009 Loaded shared library c:\Users\Sathishkumar\.vscode\extensions\redhat.java-1.41.1-win32-x64\jre\21.0.6-win32-x86_64\bin\java.dll
Event: 0.067 Loaded shared library c:\Users\Sathishkumar\.vscode\extensions\redhat.java-1.41.1-win32-x64\jre\21.0.6-win32-x86_64\bin\zip.dll
Event: 0.087 Loaded shared library C:\Users\Sathishkumar\.vscode\extensions\redhat.java-1.41.1-win32-x64\jre\21.0.6-win32-x86_64\bin\instrument.dll
Event: 0.091 Loaded shared library C:\Users\Sathishkumar\.vscode\extensions\redhat.java-1.41.1-win32-x64\jre\21.0.6-win32-x86_64\bin\net.dll
Event: 0.093 Loaded shared library C:\Users\Sathishkumar\.vscode\extensions\redhat.java-1.41.1-win32-x64\jre\21.0.6-win32-x86_64\bin\nio.dll
Event: 0.097 Loaded shared library C:\Users\Sathishkumar\.vscode\extensions\redhat.java-1.41.1-win32-x64\jre\21.0.6-win32-x86_64\bin\zip.dll
Event: 0.113 Loaded shared library C:\Users\Sathishkumar\.vscode\extensions\redhat.java-1.41.1-win32-x64\jre\21.0.6-win32-x86_64\bin\jimage.dll
Event: 0.175 Loaded shared library c:\Users\Sathishkumar\.vscode\extensions\redhat.java-1.41.1-win32-x64\jre\21.0.6-win32-x86_64\bin\verify.dll
Event: 1.072 Loaded shared library C:\Users\Sathishkumar\AppData\Roaming\Code\User\globalStorage\redhat.java\1.41.1\config_win\org.eclipse.equinox.launcher\org.eclipse.equinox.launcher.win32.win32.x86_64_1.2.1300.v20250331-1702\eclipse_11911.dll
Event: 2.163 Loaded shared library C:\Users\Sathishkumar\AppData\Local\Temp\jna--324050600\jna10678338952946416240.dll

Deoptimization events (20 events):
Event: 6.732 Thread 0x000001bb7cc196a0 DEOPT PACKING pc=0x000001bb65443e53 sp=0x0000000a2abfe8a0
Event: 6.732 Thread 0x000001bb7cc196a0 DEOPT UNPACKING pc=0x000001bb6bc24242 sp=0x0000000a2abfde08 mode 0
Event: 6.735 Thread 0x000001bb7cc196a0 DEOPT PACKING pc=0x000001bb65443e53 sp=0x0000000a2abfe8a0
Event: 6.735 Thread 0x000001bb7cc196a0 DEOPT UNPACKING pc=0x000001bb6bc24242 sp=0x0000000a2abfde08 mode 0
Event: 6.744 Thread 0x000001bb7cc196a0 DEOPT PACKING pc=0x000001bb65443e53 sp=0x0000000a2abfe8a0
Event: 6.744 Thread 0x000001bb7cc196a0 DEOPT UNPACKING pc=0x000001bb6bc24242 sp=0x0000000a2abfde08 mode 0
Event: 6.750 Thread 0x000001bb7cc196a0 DEOPT PACKING pc=0x000001bb65443ff8 sp=0x0000000a2abfe8a0
Event: 6.750 Thread 0x000001bb7cc196a0 DEOPT UNPACKING pc=0x000001bb6bc24242 sp=0x0000000a2abfde08 mode 0
Event: 6.758 Thread 0x000001bb7cc196a0 DEOPT PACKING pc=0x000001bb65443e53 sp=0x0000000a2abfe8a0
Event: 6.758 Thread 0x000001bb7cc196a0 DEOPT UNPACKING pc=0x000001bb6bc24242 sp=0x0000000a2abfde08 mode 0
Event: 6.763 Thread 0x000001bb7cc196a0 DEOPT PACKING pc=0x000001bb65443e53 sp=0x0000000a2abfe8a0
Event: 6.763 Thread 0x000001bb7cc196a0 DEOPT UNPACKING pc=0x000001bb6bc24242 sp=0x0000000a2abfde08 mode 0
Event: 6.767 Thread 0x000001bb7cc196a0 DEOPT PACKING pc=0x000001bb65443e53 sp=0x0000000a2abfe8a0
Event: 6.767 Thread 0x000001bb7cc196a0 DEOPT UNPACKING pc=0x000001bb6bc24242 sp=0x0000000a2abfde08 mode 0
Event: 6.779 Thread 0x000001bb7cc196a0 DEOPT PACKING pc=0x000001bb65443e53 sp=0x0000000a2abfe8a0
Event: 6.779 Thread 0x000001bb7cc196a0 DEOPT UNPACKING pc=0x000001bb6bc24242 sp=0x0000000a2abfde08 mode 0
Event: 6.783 Thread 0x000001bb7cc196a0 DEOPT PACKING pc=0x000001bb65443e53 sp=0x0000000a2abfe8a0
Event: 6.783 Thread 0x000001bb7cc196a0 DEOPT UNPACKING pc=0x000001bb6bc24242 sp=0x0000000a2abfde08 mode 0
Event: 6.786 Thread 0x000001bb7cc196a0 DEOPT PACKING pc=0x000001bb65443ff8 sp=0x0000000a2abfe8a0
Event: 6.786 Thread 0x000001bb7cc196a0 DEOPT UNPACKING pc=0x000001bb6bc24242 sp=0x0000000a2abfde08 mode 0

Classes loaded (20 events):
Event: 6.564 Loading class java/util/concurrent/ConcurrentHashMap$KeySpliterator done
Event: 6.564 Loading class java/util/stream/IntPipeline done
Event: 6.564 Loading class java/util/stream/IntPipeline$StatelessOp done
Event: 6.564 Loading class java/util/stream/ReferencePipeline$4 done
Event: 6.565 Loading class java/util/stream/Nodes$IntFixedNodeBuilder
Event: 6.565 Loading class java/util/stream/Node$Builder$OfInt
Event: 6.565 Loading class java/util/stream/Sink$OfInt
Event: 6.565 Loading class java/util/stream/Sink$OfInt done
Event: 6.565 Loading class java/util/stream/Node$Builder$OfInt done
Event: 6.565 Loading class java/util/stream/Nodes$IntArrayNode
Event: 6.565 Loading class java/util/stream/Nodes$IntArrayNode done
Event: 6.565 Loading class java/util/stream/Nodes$IntFixedNodeBuilder done
Event: 6.566 Loading class java/util/stream/ReferencePipeline$4$1
Event: 6.566 Loading class java/util/stream/ReferencePipeline$4$1 done
Event: 6.572 Loading class sun/nio/ch/ChannelOutputStream
Event: 6.572 Loading class sun/nio/ch/ChannelOutputStream done
Event: 6.777 Loading class java/util/TreeMap$ValueSpliterator
Event: 6.777 Loading class java/util/TreeMap$TreeMapSpliterator
Event: 6.778 Loading class java/util/TreeMap$TreeMapSpliterator done
Event: 6.778 Loading class java/util/TreeMap$ValueSpliterator done

Classes unloaded (7 events):
Event: 2.627 Thread 0x000001bb75883b80 Unloading class 0x000001bb01198c00 'java/lang/invoke/LambdaForm$MH+0x000001bb01198c00'
Event: 2.627 Thread 0x000001bb75883b80 Unloading class 0x000001bb01198800 'java/lang/invoke/LambdaForm$MH+0x000001bb01198800'
Event: 2.627 Thread 0x000001bb75883b80 Unloading class 0x000001bb01198400 'java/lang/invoke/LambdaForm$MH+0x000001bb01198400'
Event: 2.627 Thread 0x000001bb75883b80 Unloading class 0x000001bb01198000 'java/lang/invoke/LambdaForm$MH+0x000001bb01198000'
Event: 2.627 Thread 0x000001bb75883b80 Unloading class 0x000001bb01197c00 'java/lang/invoke/LambdaForm$BMH+0x000001bb01197c00'
Event: 2.627 Thread 0x000001bb75883b80 Unloading class 0x000001bb01197800 'java/lang/invoke/LambdaForm$DMH+0x000001bb01197800'
Event: 2.627 Thread 0x000001bb75883b80 Unloading class 0x000001bb01196400 'java/lang/invoke/LambdaForm$DMH+0x000001bb01196400'

Classes redefined (0 events):
No events

Internal exceptions (20 events):
Event: 4.873 Thread 0x000001bb7cc1c490 Exception <a 'java/io/FileNotFoundException'{0x00000000eb9884c8}> (0x00000000eb9884c8) 
thrown [s\src\hotspot\share\prims\jni.cpp, line 520]
Event: 4.873 Thread 0x000001bb7cc1c490 Exception <a 'java/io/FileNotFoundException'{0x00000000eb989788}> (0x00000000eb989788) 
thrown [s\src\hotspot\share\prims\jni.cpp, line 520]
Event: 4.873 Thread 0x000001bb7cc1c490 Exception <a 'java/io/FileNotFoundException'{0x00000000eb98a780}> (0x00000000eb98a780) 
thrown [s\src\hotspot\share\prims\jni.cpp, line 520]
Event: 4.912 Thread 0x000001bb7f565dd0 Exception <a 'java/io/FileNotFoundException'{0x00000000ebf59338}> (0x00000000ebf59338) 
thrown [s\src\hotspot\share\prims\jni.cpp, line 520]
Event: 4.992 Thread 0x000001bb7f55fb60 Exception <a 'java/lang/NoSuchMethodError'{0x00000000eb3bd320}: 'int java.lang.invoke.DirectMethodHandle$Holder.invokeSpecialIFC(java.lang.Object, java.lang.Object, java.lang.Object, java.lang.Object)'> (0x00000000eb3bd320) 
thrown [s\src\hotspot\share\interpreter\linkResolver.cpp, line 773]
Event: 5.041 Thread 0x000001bb7f565dd0 Exception <a 'java/lang/IncompatibleClassChangeError'{0x00000000ebcc7888}: Found class java.lang.Object, but interface was expected> (0x00000000ebcc7888) 
thrown [s\src\hotspot\share\interpreter\linkResolver.cpp, line 840]
Event: 5.053 Thread 0x000001bb7f55fb60 Exception <a 'java/io/FileNotFoundException'{0x00000000eaba3f48}> (0x00000000eaba3f48) 
thrown [s\src\hotspot\share\prims\jni.cpp, line 520]
Event: 5.053 Thread 0x000001bb7f55fb60 Exception <a 'java/io/FileNotFoundException'{0x00000000eaba4f78}> (0x00000000eaba4f78) 
thrown [s\src\hotspot\share\prims\jni.cpp, line 520]
Event: 5.054 Thread 0x000001bb7f55fb60 Exception <a 'java/io/FileNotFoundException'{0x00000000eac01798}> (0x00000000eac01798) 
thrown [s\src\hotspot\share\prims\jni.cpp, line 520]
Event: 5.054 Thread 0x000001bb7f55fb60 Exception <a 'java/io/FileNotFoundException'{0x00000000eac02a90}> (0x00000000eac02a90) 
thrown [s\src\hotspot\share\prims\jni.cpp, line 520]
Event: 5.054 Thread 0x000001bb7f55fb60 Exception <a 'java/io/FileNotFoundException'{0x00000000eac03ae0}> (0x00000000eac03ae0) 
thrown [s\src\hotspot\share\prims\jni.cpp, line 520]
Event: 5.257 Thread 0x000001bb7f55fb60 Implicit null exception at 0x000001bb6c3e4326 to 0x000001bb6c3e45f4
Event: 5.285 Thread 0x000001bb7f55fb60 Exception <a 'sun/nio/fs/WindowsException'{0x00000000eb73c118}> (0x00000000eb73c118) 
thrown [s\src\hotspot\share\prims\jni.cpp, line 520]
Event: 5.285 Thread 0x000001bb7f55fb60 Exception <a 'sun/nio/fs/WindowsException'{0x00000000eb73c7e0}> (0x00000000eb73c7e0) 
thrown [s\src\hotspot\share\prims\jni.cpp, line 520]
Event: 6.065 Thread 0x000001bb7f55fb60 Exception <a 'java/lang/NoSuchMethodError'{0x00000000eb782568}: 'int java.lang.invoke.DirectMethodHandle$Holder.invokeSpecialIFC(java.lang.Object, java.lang.Object, java.lang.Object)'> (0x00000000eb782568) 
thrown [s\src\hotspot\share\interpreter\linkResolver.cpp, line 773]
Event: 6.568 Thread 0x000001bb7f55fb60 Exception <a 'java/lang/NoSuchMethodError'{0x00000000eb758820}: 'java.lang.Object java.lang.invoke.DirectMethodHandle$Holder.newInvokeSpecial(java.lang.Object, java.lang.Object, int, int, java.lang.Object)'> (0x00000000eb758820) 
thrown [s\src\hotspot\share\interpreter\linkResolver.cpp, line 773]
Event: 6.740 Thread 0x000001bb7f55fb60 Exception <a 'sun/nio/fs/WindowsException'{0x00000000eb45a1b8}> (0x00000000eb45a1b8) 
thrown [s\src\hotspot\share\prims\jni.cpp, line 520]
Event: 6.740 Thread 0x000001bb7f55fb60 Exception <a 'sun/nio/fs/WindowsException'{0x00000000eb45a880}> (0x00000000eb45a880) 
thrown [s\src\hotspot\share\prims\jni.cpp, line 520]
Event: 6.780 Thread 0x000001bb7cc1b0e0 Exception <a 'java/lang/NoSuchMethodError'{0x00000000eb572bb8}: 'int java.lang.invoke.DirectMethodHandle$Holder.invokeInterface(java.lang.Object, java.lang.Object)'> (0x00000000eb572bb8) 
thrown [s\src\hotspot\share\interpreter\linkResolver.cpp, line 773]
Event: 6.780 Thread 0x000001bb7cc1b0e0 Exception <a 'java/lang/IncompatibleClassChangeError'{0x00000000eb575bc8}: Found class java.lang.Object, but interface was expected> (0x00000000eb575bc8) 
thrown [s\src\hotspot\share\interpreter\linkResolver.cpp, line 840]

ZGC Phase Switch (0 events):
No events

VM Operations (20 events):
Event: 6.321 Executing VM operation: ParallelGCFailedAllocation (Allocation Failure)
Event: 6.321 Executing VM operation: ParallelGCFailedAllocation (Allocation Failure) done
Event: 6.321 Executing VM operation: ParallelGCSystemGC (GCLocker Initiated GC)
Event: 6.324 Executing VM operation: ParallelGCSystemGC (GCLocker Initiated GC) done
Event: 6.366 Executing VM operation: ParallelGCFailedAllocation (Allocation Failure)
Event: 6.369 Executing VM operation: ParallelGCFailedAllocation (Allocation Failure) done
Event: 6.421 Executing VM operation: ParallelGCFailedAllocation (Allocation Failure)
Event: 6.427 Executing VM operation: ParallelGCFailedAllocation (Allocation Failure) done
Event: 6.476 Executing VM operation: ParallelGCFailedAllocation (Allocation Failure)
Event: 6.479 Executing VM operation: ParallelGCFailedAllocation (Allocation Failure) done
Event: 6.528 Executing VM operation: ParallelGCFailedAllocation (Allocation Failure)
Event: 6.531 Executing VM operation: ParallelGCFailedAllocation (Allocation Failure) done
Event: 6.576 Executing VM operation: ParallelGCFailedAllocation (Allocation Failure)
Event: 6.579 Executing VM operation: ParallelGCFailedAllocation (Allocation Failure) done
Event: 6.617 Executing VM operation: ParallelGCFailedAllocation (Allocation Failure)
Event: 6.623 Executing VM operation: ParallelGCFailedAllocation (Allocation Failure) done
Event: 6.715 Executing VM operation: ParallelGCFailedAllocation (Allocation Failure)
Event: 6.719 Executing VM operation: ParallelGCFailedAllocation (Allocation Failure) done
Event: 6.753 Executing VM operation: ParallelGCFailedAllocation (Allocation Failure)
Event: 6.755 Executing VM operation: ParallelGCFailedAllocation (Allocation Failure) done

Memory protections (0 events):
No events

Nmethod flushes (20 events):
Event: 3.569 Thread 0x000001bb75883b80 flushing  nmethod 0x000001bb64d04a90
Event: 3.569 Thread 0x000001bb75883b80 flushing  nmethod 0x000001bb64d06590
Event: 3.569 Thread 0x000001bb75883b80 flushing  nmethod 0x000001bb64d06e90
Event: 3.569 Thread 0x000001bb75883b80 flushing  nmethod 0x000001bb64d08090
Event: 3.569 Thread 0x000001bb75883b80 flushing  nmethod 0x000001bb64d08890
Event: 3.569 Thread 0x000001bb75883b80 flushing  nmethod 0x000001bb64d09010
Event: 3.569 Thread 0x000001bb75883b80 flushing  nmethod 0x000001bb64d09990
Event: 3.569 Thread 0x000001bb75883b80 flushing  nmethod 0x000001bb64d0aa90
Event: 3.569 Thread 0x000001bb75883b80 flushing  nmethod 0x000001bb64d0ae90
Event: 3.569 Thread 0x000001bb75883b80 flushing  nmethod 0x000001bb64d0bb90
Event: 3.569 Thread 0x000001bb75883b80 flushing  nmethod 0x000001bb64d0c010
Event: 3.569 Thread 0x000001bb75883b80 flushing  nmethod 0x000001bb64d0cd10
Event: 3.569 Thread 0x000001bb75883b80 flushing  nmethod 0x000001bb64d0e310
Event: 3.569 Thread 0x000001bb75883b80 flushing  nmethod 0x000001bb64d2a610
Event: 3.569 Thread 0x000001bb75883b80 flushing  nmethod 0x000001bb64d39510
Event: 3.569 Thread 0x000001bb75883b80 flushing  nmethod 0x000001bb64d3ed10
Event: 3.569 Thread 0x000001bb75883b80 flushing  nmethod 0x000001bb64d44090
Event: 3.569 Thread 0x000001bb75883b80 flushing  nmethod 0x000001bb64d50f90
Event: 3.569 Thread 0x000001bb75883b80 flushing  nmethod 0x000001bb64d51390
Event: 3.569 Thread 0x000001bb75883b80 flushing  nmethod 0x000001bb64df2890

Events (20 events):
Event: 5.319 Thread 0x000001bb7f55fb60 Thread added: 0x000001bb7f5622c0
Event: 5.319 Thread 0x000001bb7f55fb60 Thread added: 0x000001bb7c31a8a0
Event: 5.319 Thread 0x000001bb7f55fb60 Thread added: 0x000001bb7c31af30
Event: 5.319 Thread 0x000001bb7f55fb60 Thread added: 0x000001bb7c31dd20
Event: 5.319 Thread 0x000001bb7f55fb60 Thread added: 0x000001bb7c31f0d0
Event: 5.320 Thread 0x000001bb7c31af30 Thread added: 0x000001bb7c31f760
Event: 5.320 Thread 0x000001bb7c31dd20 Thread added: 0x000001bb7c31a210
Event: 5.320 Thread 0x000001bb7c31f0d0 Thread added: 0x000001bb7c31bc50
Event: 5.320 Thread 0x000001bb7c31a8a0 Thread added: 0x000001bb7c31b5c0
Event: 6.122 Thread 0x000001bb7f55fb60 Thread added: 0x000001bb7c320b10
Event: 6.569 Thread 0x000001bb7f55fb60 Thread added: 0x000001bb7c31fdf0
Event: 6.581 Thread 0x000001bb7f55fb60 Thread added: 0x000001bb7c31e3b0
Event: 6.595 Thread 0x000001bb7f55fb60 Thread added: 0x000001bb7c31c2e0
Event: 6.601 Thread 0x000001bb7f55fb60 Thread added: 0x000001bb7c320480
Event: 6.609 Thread 0x000001bb7f55fb60 Thread added: 0x000001bb7c31ea40
Event: 6.655 Thread 0x000001bb7f55fb60 Thread added: 0x000001bb7c31c970
Event: 6.670 Thread 0x000001bb7f55fb60 Thread added: 0x000001bb7c3211a0
Event: 6.694 Thread 0x000001bb7f55fb60 Thread added: 0x000001bb7c31d000
Event: 6.702 Thread 0x000001bb7f55fb60 Thread added: 0x000001bb7c31d690
Event: 6.707 Thread 0x000001bb7f55fb60 Thread added: 0x000001bb7c321830


Dynamic libraries:
0x00007ff6d7eb0000 - 0x00007ff6d7ebe000 	c:\Users\Sathishkumar\.vscode\extensions\redhat.java-1.41.1-win32-x64\jre\21.0.6-win32-x86_64\bin\java.exe
0x00007ffaf81f0000 - 0x00007ffaf8407000 	C:\WINDOWS\SYSTEM32\ntdll.dll
0x00007ffaf7040000 - 0x00007ffaf7104000 	C:\WINDOWS\System32\KERNEL32.DLL
0x00007ffaf57e0000 - 0x00007ffaf5bb3000 	C:\WINDOWS\System32\KERNELBASE.dll
0x00007ffaf54d0000 - 0x00007ffaf55e1000 	C:\WINDOWS\System32\ucrtbase.dll
0x00007ffaccda0000 - 0x00007ffaccdbe000 	c:\Users\Sathishkumar\.vscode\extensions\redhat.java-1.41.1-win32-x64\jre\21.0.6-win32-x86_64\bin\VCRUNTIME140.dll
0x00007ffaca560000 - 0x00007ffaca578000 	c:\Users\Sathishkumar\.vscode\extensions\redhat.java-1.41.1-win32-x64\jre\21.0.6-win32-x86_64\bin\jli.dll
0x00007ffaf62a0000 - 0x00007ffaf6451000 	C:\WINDOWS\System32\USER32.dll
0x00007ffaf5300000 - 0x00007ffaf5326000 	C:\WINDOWS\System32\win32u.dll
0x00007ffad99e0000 - 0x00007ffad9c78000 	C:\WINDOWS\WinSxS\amd64_microsoft.windows.common-controls_6595b64144ccf1df_6.0.22621.5124_none_270e8f4f7386d69d\COMCTL32.dll
0x00007ffaf6f10000 - 0x00007ffaf6f39000 	C:\WINDOWS\System32\GDI32.dll
0x00007ffaf6d00000 - 0x00007ffaf6da7000 	C:\WINDOWS\System32\msvcrt.dll
0x00007ffaf5330000 - 0x00007ffaf544b000 	C:\WINDOWS\System32\gdi32full.dll
0x00007ffaf5d30000 - 0x00007ffaf5dca000 	C:\WINDOWS\System32\msvcp_win.dll
0x00007ffaf7a80000 - 0x00007ffaf7ab1000 	C:\WINDOWS\System32\IMM32.DLL
0x00007ffacd120000 - 0x00007ffacd12c000 	c:\Users\Sathishkumar\.vscode\extensions\redhat.java-1.41.1-win32-x64\jre\21.0.6-win32-x86_64\bin\vcruntime140_1.dll
0x00007ffab2300000 - 0x00007ffab238d000 	c:\Users\Sathishkumar\.vscode\extensions\redhat.java-1.41.1-win32-x64\jre\21.0.6-win32-x86_64\bin\msvcp140.dll
0x00007ffa99200000 - 0x00007ffa99f90000 	c:\Users\Sathishkumar\.vscode\extensions\redhat.java-1.41.1-win32-x64\jre\21.0.6-win32-x86_64\bin\server\jvm.dll
0x00007ffaf6020000 - 0x00007ffaf60d1000 	C:\WINDOWS\System32\ADVAPI32.dll
0x00007ffaf78f0000 - 0x00007ffaf7998000 	C:\WINDOWS\System32\sechost.dll
0x00007ffaf5d00000 - 0x00007ffaf5d28000 	C:\WINDOWS\System32\bcrypt.dll
0x00007ffaf7260000 - 0x00007ffaf7374000 	C:\WINDOWS\System32\RPCRT4.dll
0x00007ffaf7110000 - 0x00007ffaf7181000 	C:\WINDOWS\System32\WS2_32.dll
0x00007ffaf51d0000 - 0x00007ffaf521d000 	C:\WINDOWS\SYSTEM32\POWRPROF.dll
0x00007ffaef8c0000 - 0x00007ffaef8f4000 	C:\WINDOWS\SYSTEM32\WINMM.dll
0x00007ffaebcf0000 - 0x00007ffaebcfa000 	C:\WINDOWS\SYSTEM32\VERSION.dll
0x00007ffaf51b0000 - 0x00007ffaf51c3000 	C:\WINDOWS\SYSTEM32\UMPDC.dll
0x00007ffaf4330000 - 0x00007ffaf4348000 	C:\WINDOWS\SYSTEM32\kernel.appcore.dll
0x00007ffae4d30000 - 0x00007ffae4d3a000 	c:\Users\Sathishkumar\.vscode\extensions\redhat.java-1.41.1-win32-x64\jre\21.0.6-win32-x86_64\bin\jimage.dll
0x00007ffaf2e00000 - 0x00007ffaf3032000 	C:\WINDOWS\SYSTEM32\DBGHELP.DLL
0x00007ffaf7430000 - 0x00007ffaf77c2000 	C:\WINDOWS\System32\combase.dll
0x00007ffaf79a0000 - 0x00007ffaf7a77000 	C:\WINDOWS\System32\OLEAUT32.dll
0x00007ffaeaef0000 - 0x00007ffaeaf22000 	C:\WINDOWS\SYSTEM32\dbgcore.DLL
0x00007ffaf5450000 - 0x00007ffaf54cb000 	C:\WINDOWS\System32\bcryptPrimitives.dll
0x00007ffae4d20000 - 0x00007ffae4d2f000 	c:\Users\Sathishkumar\.vscode\extensions\redhat.java-1.41.1-win32-x64\jre\21.0.6-win32-x86_64\bin\instrument.dll
0x00007ffaccf40000 - 0x00007ffaccf5f000 	c:\Users\Sathishkumar\.vscode\extensions\redhat.java-1.41.1-win32-x64\jre\21.0.6-win32-x86_64\bin\java.dll
0x00007ffaf6460000 - 0x00007ffaf6cf6000 	C:\WINDOWS\System32\SHELL32.dll
0x00007ffaf5bc0000 - 0x00007ffaf5cff000 	C:\WINDOWS\System32\wintypes.dll
0x00007ffaf3220000 - 0x00007ffaf3b3a000 	C:\WINDOWS\SYSTEM32\windows.storage.dll
0x00007ffaf5f10000 - 0x00007ffaf601a000 	C:\WINDOWS\System32\SHCORE.dll
0x00007ffaf6f40000 - 0x00007ffaf6fa3000 	C:\WINDOWS\System32\shlwapi.dll
0x00007ffaf5230000 - 0x00007ffaf525b000 	C:\WINDOWS\SYSTEM32\profapi.dll
0x00007ffac8450000 - 0x00007ffac8468000 	c:\Users\Sathishkumar\.vscode\extensions\redhat.java-1.41.1-win32-x64\jre\21.0.6-win32-x86_64\bin\zip.dll
0x00007ffae3830000 - 0x00007ffae3840000 	C:\Users\Sathishkumar\.vscode\extensions\redhat.java-1.41.1-win32-x64\jre\21.0.6-win32-x86_64\bin\net.dll
0x00007ffaf0410000 - 0x00007ffaf053c000 	C:\WINDOWS\SYSTEM32\WINHTTP.dll
0x00007ffaf47b0000 - 0x00007ffaf481a000 	C:\WINDOWS\system32\mswsock.dll
0x00007ffac8430000 - 0x00007ffac8446000 	C:\Users\Sathishkumar\.vscode\extensions\redhat.java-1.41.1-win32-x64\jre\21.0.6-win32-x86_64\bin\nio.dll
0x00007ffaccd60000 - 0x00007ffaccd70000 	c:\Users\Sathishkumar\.vscode\extensions\redhat.java-1.41.1-win32-x64\jre\21.0.6-win32-x86_64\bin\verify.dll
0x00007ffac0830000 - 0x00007ffac0875000 	C:\Users\Sathishkumar\AppData\Roaming\Code\User\globalStorage\redhat.java\1.41.1\config_win\org.eclipse.equinox.launcher\org.eclipse.equinox.launcher.win32.win32.x86_64_1.2.1300.v20250331-1702\eclipse_11911.dll
0x00007ffaf60f0000 - 0x00007ffaf6291000 	C:\WINDOWS\System32\ole32.dll
0x00007ffaf4a10000 - 0x00007ffaf4a2b000 	C:\WINDOWS\SYSTEM32\CRYPTSP.dll
0x00007ffaf4290000 - 0x00007ffaf42c7000 	C:\WINDOWS\system32\rsaenh.dll
0x00007ffaf48a0000 - 0x00007ffaf48c8000 	C:\WINDOWS\SYSTEM32\USERENV.dll
0x00007ffaf4a00000 - 0x00007ffaf4a0c000 	C:\WINDOWS\SYSTEM32\CRYPTBASE.dll
0x00007ffaf3da0000 - 0x00007ffaf3dcd000 	C:\WINDOWS\SYSTEM32\IPHLPAPI.DLL
0x00007ffaf60e0000 - 0x00007ffaf60e9000 	C:\WINDOWS\System32\NSI.dll
0x00007ffac07e0000 - 0x00007ffac0829000 	C:\Users\Sathishkumar\AppData\Local\Temp\jna--324050600\jna10678338952946416240.dll
0x00007ffaf77d0000 - 0x00007ffaf77d8000 	C:\WINDOWS\System32\PSAPI.DLL
0x00007ffaf0140000 - 0x00007ffaf0159000 	C:\WINDOWS\SYSTEM32\dhcpcsvc6.DLL
0x00007ffaeff00000 - 0x00007ffaeff1f000 	C:\WINDOWS\SYSTEM32\dhcpcsvc.DLL

dbghelp: loaded successfully - version: 4.0.5 - missing functions: none
symbol engine: initialized successfully - sym options: 0x614 - pdb path: .;c:\Users\Sathishkumar\.vscode\extensions\redhat.java-1.41.1-win32-x64\jre\21.0.6-win32-x86_64\bin;C:\WINDOWS\SYSTEM32;C:\WINDOWS\WinSxS\amd64_microsoft.windows.common-controls_6595b64144ccf1df_6.0.22621.5124_none_270e8f4f7386d69d;c:\Users\Sathishkumar\.vscode\extensions\redhat.java-1.41.1-win32-x64\jre\21.0.6-win32-x86_64\bin\server;C:\Users\Sathishkumar\AppData\Roaming\Code\User\globalStorage\redhat.java\1.41.1\config_win\org.eclipse.equinox.launcher\org.eclipse.equinox.launcher.win32.win32.x86_64_1.2.1300.v20250331-1702;C:\Users\Sathishkumar\AppData\Local\Temp\jna--324050600

VM Arguments:
jvm_args: --add-modules=ALL-SYSTEM --add-opens=java.base/java.util=ALL-UNNAMED --add-opens=java.base/java.lang=ALL-UNNAMED --add-opens=java.base/sun.nio.fs=ALL-UNNAMED -Declipse.application=org.eclipse.jdt.ls.core.id1 -Dosgi.bundles.defaultStartLevel=4 -Declipse.product=org.eclipse.jdt.ls.core.product -Djava.import.generatesMetadataFilesAtProjectRoot=false -DDetectVMInstallationsJob.disabled=true -Dfile.encoding=utf8 -XX:+UseParallelGC -XX:GCTimeRatio=4 -XX:AdaptiveSizePolicyWeight=90 -Dsun.zip.disableMemoryMapping=true -Xmx1G -Xms100m -Xlog:disable -javaagent:c:\Users\Sathishkumar\.vscode\extensions\redhat.java-1.41.1-win32-x64\lombok\lombok-1.18.36.jar -XX:+HeapDumpOnOutOfMemoryError -XX:HeapDumpPath=c:\Users\Sathishkumar\AppData\Roaming\Code\User\workspaceStorage\c89724eef4cea2055b3623321f8559ac\redhat.java -Daether.dependencyCollector.impl=bf 
java_command: c:\Users\Sathishkumar\.vscode\extensions\redhat.java-1.41.1-win32-x64\server\plugins\org.eclipse.equinox.launcher_1.7.0.v20250331-1702.jar -configuration c:\Users\Sathishkumar\AppData\Roaming\Code\User\globalStorage\redhat.java\1.41.1\config_win -data c:\Users\Sathishkumar\AppData\Roaming\Code\User\workspaceStorage\c89724eef4cea2055b3623321f8559ac\redhat.java\jdt_ws --pipe=\\.\pipe\lsp-37cfd0c1da2cc96d1ec58ecce4cf1cb4-sock
java_class_path (initial): c:\Users\Sathishkumar\.vscode\extensions\redhat.java-1.41.1-win32-x64\server\plugins\org.eclipse.equinox.launcher_1.7.0.v20250331-1702.jar
Launcher Type: SUN_STANDARD

[Global flags]
    uintx AdaptiveSizePolicyWeight                 = 90                                        {product} {command line}
     intx CICompilerCount                          = 4                                         {product} {ergonomic}
    uintx GCTimeRatio                              = 4                                         {product} {command line}
     bool HeapDumpOnOutOfMemoryError               = true                                   {manageable} {command line}
    ccstr HeapDumpPath                             = c:\Users\Sathishkumar\AppData\Roaming\Code\User\workspaceStorage\c89724eef4cea2055b3623321f8559ac\redhat.java         {manageable} {command line}
   size_t InitialHeapSize                          = 104857600                                 {product} {command line}
   size_t MaxHeapSize                              = 1073741824                                {product} {command line}
   size_t MaxNewSize                               = 357564416                                 {product} {ergonomic}
   size_t MinHeapDeltaBytes                        = 524288                                    {product} {ergonomic}
   size_t MinHeapSize                              = 104857600                                 {product} {command line}
   size_t NewSize                                  = 34603008                                  {product} {ergonomic}
    uintx NonNMethodCodeHeapSize                   = 5839372                                {pd product} {ergonomic}
    uintx NonProfiledCodeHeapSize                  = 122909434                              {pd product} {ergonomic}
   size_t OldSize                                  = 70254592                                  {product} {ergonomic}
    uintx ProfiledCodeHeapSize                     = 122909434                              {pd product} {ergonomic}
    uintx ReservedCodeCacheSize                    = 251658240                              {pd product} {ergonomic}
     bool SegmentedCodeCache                       = true                                      {product} {ergonomic}
   size_t SoftMaxHeapSize                          = 1073741824                             {manageable} {ergonomic}
     bool UseCompressedOops                        = true                           {product lp64_product} {ergonomic}
     bool UseLargePagesIndividualAllocation        = false                                  {pd product} {ergonomic}
     bool UseParallelGC                            = true                                      {product} {command line}

Logging:
Log output configuration:
 #0: stdout all=off uptime,level,tags foldmultilines=false
 #1: stderr all=off uptime,level,tags foldmultilines=false

Environment Variables:
JAVA_HOME=C:\Program Files\Java\jre1.8.0_251\jre1.8.0_251
PATH=C:\Python312\Scripts\;C:\Python312\;D:\BUS TRACKING\flutter;C:\Users\Sathishkumar\AppData\Roaming\Microsoft\Windows\Start Menu\Programs\Python 3.7;C:\Users\Sathishkumar\anaconda3\Scripts;C:\Program Files\Common Files\Oracle\Java\javapath;C:\Program Files (x86)\Common Files\Oracle\Java\java8path;C:\Program Files (x86)\Common Files\Oracle\Java\javapath;C:\WINDOWS\system32;C:\WINDOWS;C:\WINDOWS\System32\Wbem;C:\WINDOWS\System32\WindowsPowerShell\v1.0\;C:\WINDOWS\System32\OpenSSH\;C:\MinGW\bin;C:\Users\Sathishkumar\AppData\Local\Microsoft\WindowsApps;C:\Users\Sathishkumar\AppData\Local\Programs\Microsoft VS Code\bin;C:\Users\Sathishkumar\AppData\Roaming\npm;C:\adb;C:\WINDOWS\system32;C:\WINDOWS;C:\WINDOWS\System32\Wbem;C:\WINDOWS\System32\WindowsPowerShell\v1.0\;C:\WINDOWS\System32\OpenSSH\;C:\Program Files\Git\cmd;C:\Program Files\dotnet\;C:\Program Files\nodejs\;C:\ProgramData\chocolatey\bin;C:\Program Files\CMake\bin;E:\tttt\runtime\win64;E:\tttt\bin;C:\Program Files\Microsoft SQL Server\150\Tools\Binn\;C:\Program Files\Microsoft SQL Server\Client SDK\ODBC\170\Tools\Binn\;C:\Program Files (x86)\Microsoft SQL Server\160\Tools\Binn\;C:\Program Files\Microsoft SQL Server\160\Tools\Binn\;C:\Program Files\Microsoft SQL Server\160\DTS\Binn\;C:\Program Files (x86)\Microsoft SQL Server\160\DTS\Binn\;e:\CODESPACES\New folder (2)\Trae\bin;C:\Users\Sathishkumar\AppData\Local\Programs\Python\Python37\Scripts\;C:\Users\Sathishkumar\AppData\Local\Programs\Python\Python37\;C:\Program Files\MySQL\MySQL Shell 8.0\bin\;C:\MinGW\bin;C:\Users\Sathishkumar\AppData\Local\Microsoft\WindowsApps;C:\Users\Sathishkumar\AppData\Local\Programs\Microsoft VS Code\bin;C:\Program Files\Tesseract-OCR;C:\Program Files\poppler-24.02.0\Library\bin;C:\Users\Sathishkumar\AppData\Roaming\npm;C:\Users\Sathishkumar\.dotnet\tools;
USERNAME=Sathishkumar
OS=Windows_NT
PROCESSOR_IDENTIFIER=AMD64 Family 23 Model 104 Stepping 1, AuthenticAMD
TMP=C:\Users\SATHIS~1\AppData\Local\Temp
TEMP=C:\Users\SATHIS~1\AppData\Local\Temp




Periodic native trim disabled

---------------  S Y S T E M  ---------------

OS:
 Windows 11 , 64 bit Build 22621 (10.0.22621.5124)
OS uptime: 0 days 0:48 hours

CPU: total 12 (initial active 12) (12 cores per cpu, 2 threads per core) family 23 model 104 stepping 1 microcode 0x0, cx8, cmov, fxsr, ht, mmx, 3dnowpref, sse, sse2, sse3, ssse3, sse4a, sse4.1, sse4.2, popcnt, lzcnt, tsc, tscinvbit, avx, avx2, aes, clmul, bmi1, bmi2, adx, sha, fma, vzeroupper, clflush, clflushopt, rdtscp, rdpid, f16c
Processor Information for processor 0
  Max Mhz: 2100, Current Mhz: 2100, Mhz Limit: 2100
Processor Information for processor 1
  Max Mhz: 2100, Current Mhz: 2100, Mhz Limit: 2100
Processor Information for processor 2
  Max Mhz: 2100, Current Mhz: 2100, Mhz Limit: 2100
Processor Information for processor 3
  Max Mhz: 2100, Current Mhz: 1988, Mhz Limit: 2100
Processor Information for processor 4
  Max Mhz: 2100, Current Mhz: 2100, Mhz Limit: 2100
Processor Information for processor 5
  Max Mhz: 2100, Current Mhz: 2100, Mhz Limit: 2100
Processor Information for processor 6
  Max Mhz: 2100, Current Mhz: 2100, Mhz Limit: 2100
Processor Information for processor 7
  Max Mhz: 2100, Current Mhz: 1988, Mhz Limit: 2100
Processor Information for processor 8
  Max Mhz: 2100, Current Mhz: 2100, Mhz Limit: 2100
Processor Information for processor 9
  Max Mhz: 2100, Current Mhz: 1988, Mhz Limit: 2100
Processor Information for processor 10
  Max Mhz: 2100, Current Mhz: 2100, Mhz Limit: 2100
Processor Information for processor 11
  Max Mhz: 2100, Current Mhz: 2100, Mhz Limit: 2100

Memory: 4k page, system-wide physical 5989M (567M free)
TotalPageFile size 10611M (AvailPageFile size 5M)
current process WorkingSet (physical memory assigned to process): 327M, peak: 327M
current process commit charge ("private bytes"): 376M, peak: 376M

vm_info: OpenJDK 64-Bit Server VM (21.0.6+7-LTS) for windows-amd64 JRE (21.0.6+7-LTS), built on 2025-01-21T00:00:00Z by "admin" with MS VC++ 17.7 (VS2022)

END.
