#
# There is insufficient memory for the Java Runtime Environment to continue.
# Native memory allocation (malloc) failed to allocate 1448496 bytes. Error detail: Chunk::new
# Possible reasons:
#   The system is out of physical RAM or swap space
#   This process is running with CompressedOops enabled, and the Java Heap may be blocking the growth of the native heap
# Possible solutions:
#   Reduce memory load on the system
#   Increase physical memory or swap space
#   Check if swap backing store is full
#   Decrease Java heap size (-Xmx/-Xms)
#   Decrease number of Java threads
#   Decrease Java thread stack sizes (-Xss)
#   Set larger code cache with -XX:ReservedCodeCacheSize=
#   JVM is running with Unscaled Compressed Oops mode in which the Java heap is
#     placed in the first 4GB address space. The Java Heap base address is the
#     maximum limit for the native heap growth. Please use -XX:HeapBaseMinAddress
#     to set the Java Heap base and to place the Java Heap above 4GB virtual address.
# This output file may be truncated or incomplete.
#
#  Out of Memory Error (arena.cpp:168), pid=19556, tid=21980
#
# JRE version: OpenJDK Runtime Environment Temurin-21.0.6+7 (21.0.6+7) (build 21.0.6+7-LTS)
# Java VM: OpenJDK 64-Bit Server VM Temurin-21.0.6+7 (21.0.6+7-LTS, mixed mode, sharing, tiered, compressed oops, compressed class ptrs, parallel gc, windows-amd64)
# No core dump will be written. Minidumps are not enabled by default on client versions of Windows
#

---------------  S U M M A R Y ------------

Command Line: --add-modules=ALL-SYSTEM --add-opens=java.base/java.util=ALL-UNNAMED --add-opens=java.base/java.lang=ALL-UNNAMED --add-opens=java.base/sun.nio.fs=ALL-UNNAMED -Declipse.application=org.eclipse.jdt.ls.core.id1 -Dosgi.bundles.defaultStartLevel=4 -Declipse.product=org.eclipse.jdt.ls.core.product -Djava.import.generatesMetadataFilesAtProjectRoot=false -DDetectVMInstallationsJob.disabled=true -Dfile.encoding=utf8 -XX:+UseParallelGC -XX:GCTimeRatio=4 -XX:AdaptiveSizePolicyWeight=90 -Dsun.zip.disableMemoryMapping=true -Xmx1G -Xms100m -Xlog:disable -javaagent:c:\Users\Sathishkumar\.vscode\extensions\redhat.java-1.41.1-win32-x64\lombok\lombok-1.18.36.jar -XX:+HeapDumpOnOutOfMemoryError -XX:HeapDumpPath=c:\Users\Sathishkumar\AppData\Roaming\Code\User\workspaceStorage\c89724eef4cea2055b3623321f8559ac\redhat.java -Daether.dependencyCollector.impl=bf c:\Users\Sathishkumar\.vscode\extensions\redhat.java-1.41.1-win32-x64\server\plugins\org.eclipse.equinox.launcher_1.7.0.v20250331-1702.jar -configuration c:\Users\Sathishkumar\AppData\Roaming\Code\User\globalStorage\redhat.java\1.41.1\config_win -data c:\Users\Sathishkumar\AppData\Roaming\Code\User\workspaceStorage\c89724eef4cea2055b3623321f8559ac\redhat.java\jdt_ws --pipe=\\.\pipe\lsp-aea635d0337033c62692d0f734ba8abb-sock

Host: AMD Ryzen 5 5500U with Radeon Graphics         , 12 cores, 5G,  Windows 11 , 64 bit Build 22621 (10.0.22621.5124)
Time: Sun Apr 20 01:30:03 2025 Malay Peninsula Standard Time elapsed time: 6.107373 seconds (0d 0h 0m 6s)

---------------  T H R E A D  ---------------

Current thread (0x00000239cc9beec0):  JavaThread "C2 CompilerThread0" daemon [_thread_in_native, id=21980, stack(0x000000b1c8c00000,0x000000b1c8d00000) (1024K)]


Current CompileTask:
C2:6107 6631   !   4       org.eclipse.jdt.internal.core.search.indexing.BinaryIndexer::indexDocument (1204 bytes)

Stack: [0x000000b1c8c00000,0x000000b1c8d00000]
Native frames: (J=compiled Java code, j=interpreted, Vv=VM code, C=native code)
V  [jvm.dll+0x6cdee9]
V  [jvm.dll+0x8a83d1]
V  [jvm.dll+0x8aa8fe]
V  [jvm.dll+0x8aafe3]
V  [jvm.dll+0x27f706]
V  [jvm.dll+0xc500d]
V  [jvm.dll+0xc5543]
V  [jvm.dll+0x3b678c]
V  [jvm.dll+0x1dfe13]
V  [jvm.dll+0x247b42]
V  [jvm.dll+0x246fcf]
V  [jvm.dll+0x1c75ee]
V  [jvm.dll+0x25685a]
V  [jvm.dll+0x254dfa]
V  [jvm.dll+0x3f0256]
V  [jvm.dll+0x851f8b]
V  [jvm.dll+0x6cc5ed]
C  [ucrtbase.dll+0x29333]
C  [KERNEL32.DLL+0x1259d]
C  [ntdll.dll+0x5af38]


---------------  P R O C E S S  ---------------

Threads class SMR info:
_java_thread_list=0x00000239ec2acf70, length=55, elements={
0x00000239ca5a6920, 0x00000239cc9b33c0, 0x00000239e0cfbb40, 0x00000239e0cfda60,
0x00000239e0cfe770, 0x00000239cc9b6570, 0x00000239cc9bac40, 0x00000239cc9beec0,
0x00000239cc9c41d0, 0x00000239e222af70, 0x00000239e2329130, 0x00000239e3160410,
0x00000239e31a4910, 0x00000239e377a6f0, 0x00000239e80c2f20, 0x00000239e8025460,
0x00000239e83bb390, 0x00000239e822d0d0, 0x00000239e85d4460, 0x00000239e84b4630,
0x00000239e88be8a0, 0x00000239e88bc140, 0x00000239e88be210, 0x00000239e88bd4f0,
0x00000239e88bdb80, 0x00000239e88bc7d0, 0x00000239e88bce60, 0x00000239e88bef30,
0x00000239e88bf5c0, 0x00000239e9b585d0, 0x00000239e9b5a6a0, 0x00000239e9b57f40,
0x00000239e9b5a010, 0x00000239e9b578b0, 0x00000239e9b58c60, 0x00000239e9b59980,
0x00000239e9b57220, 0x00000239e9b592f0, 0x00000239eaaa1d80, 0x00000239eaaa5f20,
0x00000239eaaa2410, 0x00000239eaaa37c0, 0x00000239eaaa44e0, 0x00000239eaaa65b0,
0x00000239eaaa8680, 0x00000239eaaa72d0, 0x00000239eaaa7960, 0x00000239eaaa3130,
0x00000239eaaa16f0, 0x00000239eaaa8d10, 0x00000239eaaa5200, 0x00000239eaaa7ff0,
0x00000239eaaa3e50, 0x00000239eaaa2aa0, 0x00000239eaaa4b70
}

Java Threads: ( => current thread )
  0x00000239ca5a6920 JavaThread "main"                              [_thread_blocked, id=19496, stack(0x000000b1c8200000,0x000000b1c8300000) (1024K)]
  0x00000239cc9b33c0 JavaThread "Reference Handler"          daemon [_thread_blocked, id=12260, stack(0x000000b1c8600000,0x000000b1c8700000) (1024K)]
  0x00000239e0cfbb40 JavaThread "Finalizer"                  daemon [_thread_blocked, id=3428, stack(0x000000b1c8700000,0x000000b1c8800000) (1024K)]
  0x00000239e0cfda60 JavaThread "Signal Dispatcher"          daemon [_thread_blocked, id=10312, stack(0x000000b1c8800000,0x000000b1c8900000) (1024K)]
  0x00000239e0cfe770 JavaThread "Attach Listener"            daemon [_thread_blocked, id=1876, stack(0x000000b1c8900000,0x000000b1c8a00000) (1024K)]
  0x00000239cc9b6570 JavaThread "Service Thread"             daemon [_thread_blocked, id=7972, stack(0x000000b1c8a00000,0x000000b1c8b00000) (1024K)]
  0x00000239cc9bac40 JavaThread "Monitor Deflation Thread"   daemon [_thread_blocked, id=18608, stack(0x000000b1c8b00000,0x000000b1c8c00000) (1024K)]
=>0x00000239cc9beec0 JavaThread "C2 CompilerThread0"         daemon [_thread_in_native, id=21980, stack(0x000000b1c8c00000,0x000000b1c8d00000) (1024K)]
  0x00000239cc9c41d0 JavaThread "C1 CompilerThread0"         daemon [_thread_in_native, id=5220, stack(0x000000b1c8d00000,0x000000b1c8e00000) (1024K)]
  0x00000239e222af70 JavaThread "Common-Cleaner"             daemon [_thread_blocked, id=15800, stack(0x000000b1c8e00000,0x000000b1c8f00000) (1024K)]
  0x00000239e2329130 JavaThread "C2 CompilerThread1"         daemon [_thread_in_native, id=20396, stack(0x000000b1c8f00000,0x000000b1c9000000) (1024K)]
  0x00000239e3160410 JavaThread "Notification Thread"        daemon [_thread_blocked, id=20792, stack(0x000000b1c9000000,0x000000b1c9100000) (1024K)]
  0x00000239e31a4910 JavaThread "C2 CompilerThread2"         daemon [_thread_in_native, id=15452, stack(0x000000b1c9100000,0x000000b1c9200000) (1024K)]
  0x00000239e377a6f0 JavaThread "Active Thread: Equinox Container: 7111c9f4-6ce2-4115-8620-957bfd1ab9fe"        [_thread_blocked, id=3104, stack(0x000000b1c9800000,0x000000b1c9900000) (1024K)]
  0x00000239e80c2f20 JavaThread "Refresh Thread: Equinox Container: 7111c9f4-6ce2-4115-8620-957bfd1ab9fe" daemon [_thread_blocked, id=20780, stack(0x000000b1c9900000,0x000000b1c9a00000) (1024K)]
  0x00000239e8025460 JavaThread "Framework Event Dispatcher: Equinox Container: 7111c9f4-6ce2-4115-8620-957bfd1ab9fe" daemon [_thread_blocked, id=22300, stack(0x000000b1c9b00000,0x000000b1c9c00000) (1024K)]
  0x00000239e83bb390 JavaThread "Start Level: Equinox Container: 7111c9f4-6ce2-4115-8620-957bfd1ab9fe" daemon [_thread_blocked, id=7936, stack(0x000000b1c9c00000,0x000000b1c9d00000) (1024K)]
  0x00000239e822d0d0 JavaThread "Bundle File Closer"         daemon [_thread_blocked, id=15680, stack(0x000000b1c9d00000,0x000000b1c9e00000) (1024K)]
  0x00000239e85d4460 JavaThread "SCR Component Actor"        daemon [_thread_blocked, id=1520, stack(0x000000b1ca000000,0x000000b1ca100000) (1024K)]
  0x00000239e84b4630 JavaThread "SCR Component Registry"     daemon [_thread_blocked, id=21252, stack(0x000000b1ca100000,0x000000b1ca200000) (1024K)]
  0x00000239e88be8a0 JavaThread "Worker-JM"                         [_thread_blocked, id=19508, stack(0x000000b1ca200000,0x000000b1ca300000) (1024K)]
  0x00000239e88bc140 JavaThread "JNA Cleaner"                daemon [_thread_blocked, id=10276, stack(0x000000b1ca300000,0x000000b1ca400000) (1024K)]
  0x00000239e88be210 JavaThread "Worker-0: Java indexing... "        [_thread_blocked, id=9328, stack(0x000000b1ca400000,0x000000b1ca500000) (1024K)]
  0x00000239e88bd4f0 JavaThread "Worker-1"                          [_thread_blocked, id=18296, stack(0x000000b1ca500000,0x000000b1ca600000) (1024K)]
  0x00000239e88bdb80 JavaThread "Java indexing"              daemon [_thread_in_Java, id=9516, stack(0x000000b1ca600000,0x000000b1ca700000) (1024K)]
  0x00000239e88bc7d0 JavaThread "Worker-2"                          [_thread_blocked, id=2004, stack(0x000000b1ca700000,0x000000b1ca800000) (1024K)]
  0x00000239e88bce60 JavaThread "Worker-3"                          [_thread_blocked, id=13928, stack(0x000000b1ca800000,0x000000b1ca900000) (1024K)]
  0x00000239e88bef30 JavaThread "Thread-2"                   daemon [_thread_in_native, id=17684, stack(0x000000b1ca900000,0x000000b1caa00000) (1024K)]
  0x00000239e88bf5c0 JavaThread "Thread-3"                   daemon [_thread_in_native, id=21060, stack(0x000000b1caa00000,0x000000b1cab00000) (1024K)]
  0x00000239e9b585d0 JavaThread "Thread-4"                   daemon [_thread_in_native, id=6640, stack(0x000000b1cab00000,0x000000b1cac00000) (1024K)]
  0x00000239e9b5a6a0 JavaThread "Thread-5"                   daemon [_thread_in_native, id=14320, stack(0x000000b1cac00000,0x000000b1cad00000) (1024K)]
  0x00000239e9b57f40 JavaThread "Thread-6"                   daemon [_thread_in_native, id=19712, stack(0x000000b1cad00000,0x000000b1cae00000) (1024K)]
  0x00000239e9b5a010 JavaThread "Thread-7"                   daemon [_thread_in_native, id=9040, stack(0x000000b1cae00000,0x000000b1caf00000) (1024K)]
  0x00000239e9b578b0 JavaThread "Thread-8"                   daemon [_thread_in_native, id=7192, stack(0x000000b1caf00000,0x000000b1cb000000) (1024K)]
  0x00000239e9b58c60 JavaThread "Thread-9"                   daemon [_thread_in_native, id=4016, stack(0x000000b1cb000000,0x000000b1cb100000) (1024K)]
  0x00000239e9b59980 JavaThread "Thread-10"                  daemon [_thread_in_native, id=19184, stack(0x000000b1cb100000,0x000000b1cb200000) (1024K)]
  0x00000239e9b57220 JavaThread "Thread-11"                  daemon [_thread_in_native, id=22272, stack(0x000000b1cb200000,0x000000b1cb300000) (1024K)]
  0x00000239e9b592f0 JavaThread "Thread-12"                  daemon [_thread_in_native, id=188, stack(0x000000b1cb300000,0x000000b1cb400000) (1024K)]
  0x00000239eaaa1d80 JavaThread "Thread-13"                  daemon [_thread_in_native, id=15136, stack(0x000000b1cb400000,0x000000b1cb500000) (1024K)]
  0x00000239eaaa5f20 JavaThread "Thread-14"                  daemon [_thread_in_native, id=8256, stack(0x000000b1cb500000,0x000000b1cb600000) (1024K)]
  0x00000239eaaa2410 JavaThread "pool-2-thread-1"                   [_thread_blocked, id=12680, stack(0x000000b1cb600000,0x000000b1cb700000) (1024K)]
  0x00000239eaaa37c0 JavaThread "WorkspaceEventsHandler"            [_thread_blocked, id=20380, stack(0x000000b1cb700000,0x000000b1cb800000) (1024K)]
  0x00000239eaaa44e0 JavaThread "pool-1-thread-1"                   [_thread_blocked, id=656, stack(0x000000b1cb800000,0x000000b1cb900000) (1024K)]
  0x00000239eaaa65b0 JavaThread "Worker-4: Building"                [_thread_blocked, id=20628, stack(0x000000b1cb900000,0x000000b1cba00000) (1024K)]
  0x00000239eaaa8680 JavaThread "Compiler Source File Reader" daemon [_thread_blocked, id=12472, stack(0x000000b1cba00000,0x000000b1cbb00000) (1024K)]
  0x00000239eaaa72d0 JavaThread "Compiler Source File Reader" daemon [_thread_blocked, id=13800, stack(0x000000b1cbb00000,0x000000b1cbc00000) (1024K)]
  0x00000239eaaa7960 JavaThread "Compiler Source File Reader" daemon [_thread_blocked, id=5644, stack(0x000000b1cbc00000,0x000000b1cbd00000) (1024K)]
  0x00000239eaaa3130 JavaThread "Compiler Source File Reader" daemon [_thread_blocked, id=16332, stack(0x000000b1cbd00000,0x000000b1cbe00000) (1024K)]
  0x00000239eaaa16f0 JavaThread "Compiler Source File Reader" daemon [_thread_blocked, id=7252, stack(0x000000b1cbe00000,0x000000b1cbf00000) (1024K)]
  0x00000239eaaa8d10 JavaThread "Compiler Source File Reader" daemon [_thread_blocked, id=16244, stack(0x000000b1cbf00000,0x000000b1cc000000) (1024K)]
  0x00000239eaaa5200 JavaThread "Compiler Source File Reader" daemon [_thread_blocked, id=9652, stack(0x000000b1cc000000,0x000000b1cc100000) (1024K)]
  0x00000239eaaa7ff0 JavaThread "Compiler Source File Reader" daemon [_thread_blocked, id=20800, stack(0x000000b1cc100000,0x000000b1cc200000) (1024K)]
  0x00000239eaaa3e50 JavaThread "Compiler Source File Reader" daemon [_thread_blocked, id=18300, stack(0x000000b1cc200000,0x000000b1cc300000) (1024K)]
  0x00000239eaaa2aa0 JavaThread "Compiler Source File Reader" daemon [_thread_blocked, id=1660, stack(0x000000b1cc300000,0x000000b1cc400000) (1024K)]
  0x00000239eaaa4b70 JavaThread "Compiler Processing Task"   daemon [_thread_blocked, id=14568, stack(0x000000b1cc400000,0x000000b1cc500000) (1024K)]
Total: 55

Other Threads:
  0x00000239e0ce79e0 VMThread "VM Thread"                           [id=12652, stack(0x000000b1c8500000,0x000000b1c8600000) (1024K)]
  0x00000239cc97a6c0 WatcherThread "VM Periodic Task Thread"        [id=21448, stack(0x000000b1c8400000,0x000000b1c8500000) (1024K)]
  0x00000239cc92db60 WorkerThread "GC Thread#0"                     [id=3832, stack(0x000000b1c8300000,0x000000b1c8400000) (1024K)]
  0x00000239e329a210 WorkerThread "GC Thread#1"                     [id=14296, stack(0x000000b1c9200000,0x000000b1c9300000) (1024K)]
  0x00000239e3870c60 WorkerThread "GC Thread#2"                     [id=18808, stack(0x000000b1c9300000,0x000000b1c9400000) (1024K)]
  0x00000239e3871000 WorkerThread "GC Thread#3"                     [id=13952, stack(0x000000b1c9400000,0x000000b1c9500000) (1024K)]
  0x00000239e38713a0 WorkerThread "GC Thread#4"                     [id=13600, stack(0x000000b1c9500000,0x000000b1c9600000) (1024K)]
  0x00000239e353c960 WorkerThread "GC Thread#5"                     [id=19404, stack(0x000000b1c9600000,0x000000b1c9700000) (1024K)]
  0x00000239e353cd00 WorkerThread "GC Thread#6"                     [id=20272, stack(0x000000b1c9700000,0x000000b1c9800000) (1024K)]
  0x00000239e801c8d0 WorkerThread "GC Thread#7"                     [id=13292, stack(0x000000b1c9a00000,0x000000b1c9b00000) (1024K)]
  0x00000239e8963bf0 WorkerThread "GC Thread#8"                     [id=5056, stack(0x000000b1c9e00000,0x000000b1c9f00000) (1024K)]
  0x00000239e873efe0 WorkerThread "GC Thread#9"                     [id=3992, stack(0x000000b1c9f00000,0x000000b1ca000000) (1024K)]
Total: 12

Threads with active compile tasks:
C2 CompilerThread0  6142 6631   !   4       org.eclipse.jdt.internal.core.search.indexing.BinaryIndexer::indexDocument (1204 bytes)
C1 CompilerThread0  6142 6833 %     3       org.lombokweb.asm.ClassReader::readCode @ 92 (5117 bytes)
C2 CompilerThread1  6142 6769 % !   4       org.eclipse.jdt.internal.compiler.classfmt.ClassFileReader::<init> @ 81 (2135 bytes)
C2 CompilerThread2  6142 6789       4       java.util.WeakHashMap::remove (131 bytes)
Total: 4

VM state: at safepoint (normal execution)

VM Mutex/Monitor currently owned by a thread:  ([mutex/lock_event])
[0x00007ffa99eae380] Threads_lock - owner thread: 0x00000239e0ce79e0
[0x00007ffa99eae480] Heap_lock - owner thread: 0x00000239eaaa4b70

Heap address: 0x00000000c0000000, size: 1024 MB, Compressed Oops mode: 32-bit

CDS archive(s) mapped at: [0x0000023980000000-0x0000023980ba0000-0x0000023980ba0000), size 12189696, SharedBaseAddress: 0x0000023980000000, ArchiveRelocationMode: 1.
Compressed class space mapped at: 0x0000023981000000-0x00000239c1000000, reserved size: 1073741824
Narrow klass base: 0x0000023980000000, Narrow klass shift: 0, Narrow klass range: 0x100000000

GC Precious Log:
 CardTable entry size: 512
 CPUs: 12 total, 12 available
 Memory: 5989M
 Large Page Support: Disabled
 NUMA Support: Disabled
 Compressed Oops: Enabled (32-bit)
 Alignments: Space 512K, Generation 512K, Heap 2M
 Heap Min Capacity: 100M
 Heap Initial Capacity: 100M
 Heap Max Capacity: 1G
 Pre-touch: Disabled
 Parallel Workers: 10

Heap:
 PSYoungGen      total 17920K, used 17808K [0x00000000eab00000, 0x00000000ebf00000, 0x0000000100000000)
  eden space 16384K, 100% used [0x00000000eab00000,0x00000000ebb00000,0x00000000ebb00000)
  from space 1536K, 92% used [0x00000000ebb80000,0x00000000ebce4090,0x00000000ebd00000)
  to   space 2048K, 99% used [0x00000000ebd00000,0x00000000ebeff750,0x00000000ebf00000)
 ParOldGen       total 78848K, used 78602K [0x00000000c0000000, 0x00000000c4d00000, 0x00000000eab00000)
  object space 78848K, 99% used [0x00000000c0000000,0x00000000c4cc2950,0x00000000c4d00000)
 Metaspace       used 51129K, committed 52352K, reserved 1114112K
  class space    used 5356K, committed 5888K, reserved 1048576K

Card table byte_map: [0x00000239cc2b0000,0x00000239cc4c0000] _byte_map_base: 0x00000239cbcb0000

Marking Bits: (ParMarkBitMap*) 0x00007ffa99eb3260
 Begin Bits: [0x00000239deb00000, 0x00000239dfb00000)
 End Bits:   [0x00000239dfb00000, 0x00000239e0b00000)

Polling page: 0x00000239ca7e0000

Metaspace:

Usage:
  Non-class:     44.70 MB used.
      Class:      5.23 MB used.
       Both:     49.93 MB used.

Virtual space:
  Non-class space:       64.00 MB reserved,      45.38 MB ( 71%) committed,  1 nodes.
      Class space:        1.00 GB reserved,       5.75 MB ( <1%) committed,  1 nodes.
             Both:        1.06 GB reserved,      51.12 MB (  5%) committed. 

Chunk freelists:
   Non-Class:  2.11 MB
       Class:  10.31 MB
        Both:  12.42 MB

MaxMetaspaceSize: unlimited
CompressedClassSpaceSize: 1.00 GB
Initial GC threshold: 21.00 MB
Current GC threshold: 58.38 MB
CDS: on
 - commit_granule_bytes: 65536.
 - commit_granule_words: 8192.
 - virtual_space_node_default_size: 8388608.
 - enlarge_chunks_in_place: 1.
 - use_allocation_guard: 0.


Internal statistics:

num_allocs_failed_limit: 6.
num_arena_births: 798.
num_arena_deaths: 14.
num_vsnodes_births: 2.
num_vsnodes_deaths: 0.
num_space_committed: 818.
num_space_uncommitted: 0.
num_chunks_returned_to_freelist: 20.
num_chunks_taken_from_freelist: 3016.
num_chunk_merges: 12.
num_chunk_splits: 1932.
num_chunks_enlarged: 1198.
num_inconsistent_stats: 0.

CodeHeap 'non-profiled nmethods': size=120000Kb used=3802Kb max_used=3802Kb free=116197Kb
 bounds [0x00000239d75d0000, 0x00000239d7990000, 0x00000239deb00000]
CodeHeap 'profiled nmethods': size=120000Kb used=13225Kb max_used=13225Kb free=106774Kb
 bounds [0x00000239cfb00000, 0x00000239d07f0000, 0x00000239d7030000]
CodeHeap 'non-nmethods': size=5760Kb used=1394Kb max_used=1443Kb free=4365Kb
 bounds [0x00000239d7030000, 0x00000239d72a0000, 0x00000239d75d0000]
 total_blobs=6923 nmethods=6225 adapters=604
 compilation: enabled
              stopped_count=0, restarted_count=0
 full_count=0

Compilation events (20 events):
Event: 6.092 Thread 0x00000239cc9c41d0 nmethod 6813 0x00000239d07d0b90 code [0x00000239d07d0da0, 0x00000239d07d1288]
Event: 6.092 Thread 0x00000239cc9c41d0 6815       2       lombok.patcher.scripts.WrapReturnValuesScript$WrapReturnValues::visitInsn (283 bytes)
Event: 6.093 Thread 0x00000239cc9c41d0 nmethod 6815 0x00000239d07d1590 code [0x00000239d07d1880, 0x00000239d07d20d8]
Event: 6.093 Thread 0x00000239cc9c41d0 6816       2       org.lombokweb.asm.MethodWriter::visitTypeInsn (116 bytes)
Event: 6.094 Thread 0x00000239cc9c41d0 nmethod 6816 0x00000239d07d2790 code [0x00000239d07d2960, 0x00000239d07d2bd0]
Event: 6.094 Thread 0x00000239cc9c41d0 6814       2       java.util.regex.IntHashSet::<init> (42 bytes)
Event: 6.094 Thread 0x00000239cc9c41d0 nmethod 6814 0x00000239d07d2d90 code [0x00000239d07d2f40, 0x00000239d07d3200]
Event: 6.094 Thread 0x00000239cc9c41d0 6817       1       lombok.patcher.scripts.WrapReturnValuesScript::access$4 (5 bytes)
Event: 6.094 Thread 0x00000239cc9c41d0 nmethod 6817 0x00000239d7982a90 code [0x00000239d7982c20, 0x00000239d7982cd0]
Event: 6.094 Thread 0x00000239cc9c41d0 6818       2       lombok.patcher.Hook::getMethodDescriptor (80 bytes)
Event: 6.095 Thread 0x00000239cc9c41d0 nmethod 6818 0x00000239d07d3310 code [0x00000239d07d3560, 0x00000239d07d39d0]
Event: 6.095 Thread 0x00000239cc9c41d0 6819       2       org.eclipse.core.runtime.jobs.Job::getJobManager (4 bytes)
Event: 6.095 Thread 0x00000239cc9c41d0 nmethod 6819 0x00000239d07d3c90 code [0x00000239d07d3e20, 0x00000239d07d3f10]
Event: 6.095 Thread 0x00000239cc9c41d0 6820       2       org.lombokweb.asm.MethodVisitor::visitTypeInsn (17 bytes)
Event: 6.096 Thread 0x00000239cc9c41d0 nmethod 6820 0x00000239d07d3f90 code [0x00000239d07d4140, 0x00000239d07d4280]
Event: 6.097 Thread 0x00000239cc9c41d0 6821       2       lombok.patcher.MethodTarget::decomposeFullDesc (95 bytes)
Event: 6.098 Thread 0x00000239cc9c41d0 nmethod 6821 0x00000239d07d4310 code [0x00000239d07d45a0, 0x00000239d07d4d88]
Event: 6.098 Thread 0x00000239cc9c41d0 6823       2       lombok.patcher.PatchScript$MethodPatcher::visitMethod (158 bytes)
Event: 6.099 Thread 0x00000239cc9c41d0 nmethod 6823 0x00000239d07d5310 code [0x00000239d07d55a0, 0x00000239d07d5c20]
Event: 6.099 Thread 0x00000239cc9c41d0 6822       2       org.lombokweb.asm.ClassReader::readCode (5117 bytes)

GC Heap History (20 events):
Event: 5.766 GC heap before
{Heap before GC invocations=37 (full 2):
 PSYoungGen      total 18944K, used 18688K [0x00000000eab00000, 0x00000000ebf80000, 0x0000000100000000)
  eden space 16896K, 100% used [0x00000000eab00000,0x00000000ebb80000,0x00000000ebb80000)
  from space 2048K, 87% used [0x00000000ebd80000,0x00000000ebf40000,0x00000000ebf80000)
  to   space 2048K, 0% used [0x00000000ebb80000,0x00000000ebb80000,0x00000000ebd80000)
 ParOldGen       total 68608K, used 57090K [0x00000000c0000000, 0x00000000c4300000, 0x00000000eab00000)
  object space 68608K, 83% used [0x00000000c0000000,0x00000000c37c0ae0,0x00000000c4300000)
 Metaspace       used 49418K, committed 50560K, reserved 1114112K
  class space    used 5227K, committed 5696K, reserved 1048576K
}
Event: 5.768 GC heap after
{Heap after GC invocations=37 (full 2):
 PSYoungGen      total 18944K, used 1824K [0x00000000eab00000, 0x00000000ebf80000, 0x0000000100000000)
  eden space 16896K, 0% used [0x00000000eab00000,0x00000000eab00000,0x00000000ebb80000)
  from space 2048K, 89% used [0x00000000ebb80000,0x00000000ebd48000,0x00000000ebd80000)
  to   space 2048K, 0% used [0x00000000ebd80000,0x00000000ebd80000,0x00000000ebf80000)
 ParOldGen       total 68608K, used 58730K [0x00000000c0000000, 0x00000000c4300000, 0x00000000eab00000)
  object space 68608K, 85% used [0x00000000c0000000,0x00000000c395aae0,0x00000000c4300000)
 Metaspace       used 49418K, committed 50560K, reserved 1114112K
  class space    used 5227K, committed 5696K, reserved 1048576K
}
Event: 5.802 GC heap before
{Heap before GC invocations=38 (full 2):
 PSYoungGen      total 18944K, used 18720K [0x00000000eab00000, 0x00000000ebf80000, 0x0000000100000000)
  eden space 16896K, 100% used [0x00000000eab00000,0x00000000ebb80000,0x00000000ebb80000)
  from space 2048K, 89% used [0x00000000ebb80000,0x00000000ebd48000,0x00000000ebd80000)
  to   space 2048K, 0% used [0x00000000ebd80000,0x00000000ebd80000,0x00000000ebf80000)
 ParOldGen       total 68608K, used 58730K [0x00000000c0000000, 0x00000000c4300000, 0x00000000eab00000)
  object space 68608K, 85% used [0x00000000c0000000,0x00000000c395aae0,0x00000000c4300000)
 Metaspace       used 49585K, committed 50752K, reserved 1114112K
  class space    used 5242K, committed 5760K, reserved 1048576K
}
Event: 5.804 GC heap after
{Heap after GC invocations=38 (full 2):
 PSYoungGen      total 18432K, used 2016K [0x00000000eab00000, 0x00000000ec080000, 0x0000000100000000)
  eden space 16384K, 0% used [0x00000000eab00000,0x00000000eab00000,0x00000000ebb00000)
  from space 2048K, 98% used [0x00000000ebd80000,0x00000000ebf78000,0x00000000ebf80000)
  to   space 2560K, 0% used [0x00000000ebb00000,0x00000000ebb00000,0x00000000ebd80000)
 ParOldGen       total 68608K, used 60394K [0x00000000c0000000, 0x00000000c4300000, 0x00000000eab00000)
  object space 68608K, 88% used [0x00000000c0000000,0x00000000c3afaae0,0x00000000c4300000)
 Metaspace       used 49585K, committed 50752K, reserved 1114112K
  class space    used 5242K, committed 5760K, reserved 1048576K
}
Event: 5.842 GC heap before
{Heap before GC invocations=39 (full 2):
 PSYoungGen      total 18432K, used 18400K [0x00000000eab00000, 0x00000000ec080000, 0x0000000100000000)
  eden space 16384K, 100% used [0x00000000eab00000,0x00000000ebb00000,0x00000000ebb00000)
  from space 2048K, 98% used [0x00000000ebd80000,0x00000000ebf78000,0x00000000ebf80000)
  to   space 2560K, 0% used [0x00000000ebb00000,0x00000000ebb00000,0x00000000ebd80000)
 ParOldGen       total 68608K, used 60394K [0x00000000c0000000, 0x00000000c4300000, 0x00000000eab00000)
  object space 68608K, 88% used [0x00000000c0000000,0x00000000c3afaae0,0x00000000c4300000)
 Metaspace       used 49642K, committed 50816K, reserved 1114112K
  class space    used 5250K, committed 5760K, reserved 1048576K
}
Event: 5.844 GC heap after
{Heap after GC invocations=39 (full 2):
 PSYoungGen      total 18432K, used 1952K [0x00000000eab00000, 0x00000000ebf00000, 0x0000000100000000)
  eden space 16384K, 0% used [0x00000000eab00000,0x00000000eab00000,0x00000000ebb00000)
  from space 2048K, 95% used [0x00000000ebb00000,0x00000000ebce8000,0x00000000ebd00000)
  to   space 2048K, 0% used [0x00000000ebd00000,0x00000000ebd00000,0x00000000ebf00000)
 ParOldGen       total 68608K, used 62154K [0x00000000c0000000, 0x00000000c4300000, 0x00000000eab00000)
  object space 68608K, 90% used [0x00000000c0000000,0x00000000c3cb2ae0,0x00000000c4300000)
 Metaspace       used 49642K, committed 50816K, reserved 1114112K
  class space    used 5250K, committed 5760K, reserved 1048576K
}
Event: 5.876 GC heap before
{Heap before GC invocations=40 (full 2):
 PSYoungGen      total 18432K, used 18336K [0x00000000eab00000, 0x00000000ebf00000, 0x0000000100000000)
  eden space 16384K, 100% used [0x00000000eab00000,0x00000000ebb00000,0x00000000ebb00000)
  from space 2048K, 95% used [0x00000000ebb00000,0x00000000ebce8000,0x00000000ebd00000)
  to   space 2048K, 0% used [0x00000000ebd00000,0x00000000ebd00000,0x00000000ebf00000)
 ParOldGen       total 68608K, used 62154K [0x00000000c0000000, 0x00000000c4300000, 0x00000000eab00000)
  object space 68608K, 90% used [0x00000000c0000000,0x00000000c3cb2ae0,0x00000000c4300000)
 Metaspace       used 49786K, committed 50944K, reserved 1114112K
  class space    used 5259K, committed 5760K, reserved 1048576K
}
Event: 5.878 GC heap after
{Heap after GC invocations=40 (full 2):
 PSYoungGen      total 18432K, used 1952K [0x00000000eab00000, 0x00000000ebf00000, 0x0000000100000000)
  eden space 16384K, 0% used [0x00000000eab00000,0x00000000eab00000,0x00000000ebb00000)
  from space 2048K, 95% used [0x00000000ebd00000,0x00000000ebee8000,0x00000000ebf00000)
  to   space 2048K, 0% used [0x00000000ebb00000,0x00000000ebb00000,0x00000000ebd00000)
 ParOldGen       total 68608K, used 63922K [0x00000000c0000000, 0x00000000c4300000, 0x00000000eab00000)
  object space 68608K, 93% used [0x00000000c0000000,0x00000000c3e6cae0,0x00000000c4300000)
 Metaspace       used 49786K, committed 50944K, reserved 1114112K
  class space    used 5259K, committed 5760K, reserved 1048576K
}
Event: 5.917 GC heap before
{Heap before GC invocations=41 (full 2):
 PSYoungGen      total 18432K, used 18325K [0x00000000eab00000, 0x00000000ebf00000, 0x0000000100000000)
  eden space 16384K, 99% used [0x00000000eab00000,0x00000000ebafd4f8,0x00000000ebb00000)
  from space 2048K, 95% used [0x00000000ebd00000,0x00000000ebee8000,0x00000000ebf00000)
  to   space 2048K, 0% used [0x00000000ebb00000,0x00000000ebb00000,0x00000000ebd00000)
 ParOldGen       total 68608K, used 63922K [0x00000000c0000000, 0x00000000c4300000, 0x00000000eab00000)
  object space 68608K, 93% used [0x00000000c0000000,0x00000000c3e6cae0,0x00000000c4300000)
 Metaspace       used 50146K, committed 51328K, reserved 1114112K
  class space    used 5290K, committed 5824K, reserved 1048576K
}
Event: 5.919 GC heap after
{Heap after GC invocations=41 (full 2):
 PSYoungGen      total 18432K, used 1856K [0x00000000eab00000, 0x00000000ebf00000, 0x0000000100000000)
  eden space 16384K, 0% used [0x00000000eab00000,0x00000000eab00000,0x00000000ebb00000)
  from space 2048K, 90% used [0x00000000ebb00000,0x00000000ebcd0000,0x00000000ebd00000)
  to   space 2048K, 0% used [0x00000000ebd00000,0x00000000ebd00000,0x00000000ebf00000)
 ParOldGen       total 68608K, used 65626K [0x00000000c0000000, 0x00000000c4300000, 0x00000000eab00000)
  object space 68608K, 95% used [0x00000000c0000000,0x00000000c4016ae0,0x00000000c4300000)
 Metaspace       used 50146K, committed 51328K, reserved 1114112K
  class space    used 5290K, committed 5824K, reserved 1048576K
}
Event: 5.953 GC heap before
{Heap before GC invocations=42 (full 2):
 PSYoungGen      total 18432K, used 18240K [0x00000000eab00000, 0x00000000ebf00000, 0x0000000100000000)
  eden space 16384K, 100% used [0x00000000eab00000,0x00000000ebb00000,0x00000000ebb00000)
  from space 2048K, 90% used [0x00000000ebb00000,0x00000000ebcd0000,0x00000000ebd00000)
  to   space 2048K, 0% used [0x00000000ebd00000,0x00000000ebd00000,0x00000000ebf00000)
 ParOldGen       total 68608K, used 65626K [0x00000000c0000000, 0x00000000c4300000, 0x00000000eab00000)
  object space 68608K, 95% used [0x00000000c0000000,0x00000000c4016ae0,0x00000000c4300000)
 Metaspace       used 50593K, committed 51712K, reserved 1114112K
  class space    used 5310K, committed 5824K, reserved 1048576K
}
Event: 5.957 GC heap after
{Heap after GC invocations=42 (full 2):
 PSYoungGen      total 18432K, used 1543K [0x00000000eab00000, 0x00000000ebf00000, 0x0000000100000000)
  eden space 16384K, 0% used [0x00000000eab00000,0x00000000eab00000,0x00000000ebb00000)
  from space 2048K, 75% used [0x00000000ebd00000,0x00000000ebe81d90,0x00000000ebf00000)
  to   space 2048K, 0% used [0x00000000ebb00000,0x00000000ebb00000,0x00000000ebd00000)
 ParOldGen       total 69120K, used 69002K [0x00000000c0000000, 0x00000000c4380000, 0x00000000eab00000)
  object space 69120K, 99% used [0x00000000c0000000,0x00000000c4362ae8,0x00000000c4380000)
 Metaspace       used 50593K, committed 51712K, reserved 1114112K
  class space    used 5310K, committed 5824K, reserved 1048576K
}
Event: 5.991 GC heap before
{Heap before GC invocations=43 (full 2):
 PSYoungGen      total 18432K, used 17901K [0x00000000eab00000, 0x00000000ebf00000, 0x0000000100000000)
  eden space 16384K, 99% used [0x00000000eab00000,0x00000000ebaf9a68,0x00000000ebb00000)
  from space 2048K, 75% used [0x00000000ebd00000,0x00000000ebe81d90,0x00000000ebf00000)
  to   space 2048K, 0% used [0x00000000ebb00000,0x00000000ebb00000,0x00000000ebd00000)
 ParOldGen       total 69120K, used 69002K [0x00000000c0000000, 0x00000000c4380000, 0x00000000eab00000)
  object space 69120K, 99% used [0x00000000c0000000,0x00000000c4362ae8,0x00000000c4380000)
 Metaspace       used 50733K, committed 51840K, reserved 1114112K
  class space    used 5326K, committed 5824K, reserved 1048576K
}
Event: 5.994 GC heap after
{Heap after GC invocations=43 (full 2):
 PSYoungGen      total 18432K, used 2033K [0x00000000eab00000, 0x00000000ec400000, 0x0000000100000000)
  eden space 16384K, 0% used [0x00000000eab00000,0x00000000eab00000,0x00000000ebb00000)
  from space 2048K, 99% used [0x00000000ebb00000,0x00000000ebcfc7f8,0x00000000ebd00000)
  to   space 4608K, 0% used [0x00000000ebf80000,0x00000000ebf80000,0x00000000ec400000)
 ParOldGen       total 71168K, used 71027K [0x00000000c0000000, 0x00000000c4580000, 0x00000000eab00000)
  object space 71168K, 99% used [0x00000000c0000000,0x00000000c455ce80,0x00000000c4580000)
 Metaspace       used 50733K, committed 51840K, reserved 1114112K
  class space    used 5326K, committed 5824K, reserved 1048576K
}
Event: 6.024 GC heap before
{Heap before GC invocations=44 (full 2):
 PSYoungGen      total 18432K, used 18417K [0x00000000eab00000, 0x00000000ec400000, 0x0000000100000000)
  eden space 16384K, 100% used [0x00000000eab00000,0x00000000ebb00000,0x00000000ebb00000)
  from space 2048K, 99% used [0x00000000ebb00000,0x00000000ebcfc7f8,0x00000000ebd00000)
  to   space 4608K, 0% used [0x00000000ebf80000,0x00000000ebf80000,0x00000000ec400000)
 ParOldGen       total 71168K, used 71027K [0x00000000c0000000, 0x00000000c4580000, 0x00000000eab00000)
  object space 71168K, 99% used [0x00000000c0000000,0x00000000c455ce80,0x00000000c4580000)
 Metaspace       used 50838K, committed 51968K, reserved 1114112K
  class space    used 5338K, committed 5824K, reserved 1048576K
}
Event: 6.027 GC heap after
{Heap after GC invocations=44 (full 2):
 PSYoungGen      total 18432K, used 1856K [0x00000000eab00000, 0x00000000ec180000, 0x0000000100000000)
  eden space 16384K, 0% used [0x00000000eab00000,0x00000000eab00000,0x00000000ebb00000)
  from space 2048K, 90% used [0x00000000ebf80000,0x00000000ec150000,0x00000000ec180000)
  to   space 3072K, 0% used [0x00000000ebb80000,0x00000000ebb80000,0x00000000ebe80000)
 ParOldGen       total 73216K, used 73006K [0x00000000c0000000, 0x00000000c4780000, 0x00000000eab00000)
  object space 73216K, 99% used [0x00000000c0000000,0x00000000c474ba30,0x00000000c4780000)
 Metaspace       used 50838K, committed 51968K, reserved 1114112K
  class space    used 5338K, committed 5824K, reserved 1048576K
}
Event: 6.055 GC heap before
{Heap before GC invocations=45 (full 2):
 PSYoungGen      total 18432K, used 18240K [0x00000000eab00000, 0x00000000ec180000, 0x0000000100000000)
  eden space 16384K, 100% used [0x00000000eab00000,0x00000000ebb00000,0x00000000ebb00000)
  from space 2048K, 90% used [0x00000000ebf80000,0x00000000ec150000,0x00000000ec180000)
  to   space 3072K, 0% used [0x00000000ebb80000,0x00000000ebb80000,0x00000000ebe80000)
 ParOldGen       total 73216K, used 73006K [0x00000000c0000000, 0x00000000c4780000, 0x00000000eab00000)
  object space 73216K, 99% used [0x00000000c0000000,0x00000000c474ba30,0x00000000c4780000)
 Metaspace       used 51098K, committed 52288K, reserved 1114112K
  class space    used 5356K, committed 5888K, reserved 1048576K
}
Event: 6.059 GC heap after
{Heap after GC invocations=45 (full 2):
 PSYoungGen      total 19456K, used 3000K [0x00000000eab00000, 0x00000000ec200000, 0x0000000100000000)
  eden space 16384K, 0% used [0x00000000eab00000,0x00000000eab00000,0x00000000ebb00000)
  from space 3072K, 97% used [0x00000000ebb80000,0x00000000ebe6e230,0x00000000ebe80000)
  to   space 3584K, 0% used [0x00000000ebe80000,0x00000000ebe80000,0x00000000ec200000)
 ParOldGen       total 74752K, used 74638K [0x00000000c0000000, 0x00000000c4900000, 0x00000000eab00000)
  object space 74752K, 99% used [0x00000000c0000000,0x00000000c48e3a30,0x00000000c4900000)
 Metaspace       used 51098K, committed 52288K, reserved 1114112K
  class space    used 5356K, committed 5888K, reserved 1048576K
}
Event: 6.081 GC heap before
{Heap before GC invocations=46 (full 2):
 PSYoungGen      total 19456K, used 19384K [0x00000000eab00000, 0x00000000ec200000, 0x0000000100000000)
  eden space 16384K, 100% used [0x00000000eab00000,0x00000000ebb00000,0x00000000ebb00000)
  from space 3072K, 97% used [0x00000000ebb80000,0x00000000ebe6e230,0x00000000ebe80000)
  to   space 3584K, 0% used [0x00000000ebe80000,0x00000000ebe80000,0x00000000ec200000)
 ParOldGen       total 74752K, used 74638K [0x00000000c0000000, 0x00000000c4900000, 0x00000000eab00000)
  object space 74752K, 99% used [0x00000000c0000000,0x00000000c48e3a30,0x00000000c4900000)
 Metaspace       used 51109K, committed 52288K, reserved 1114112K
  class space    used 5356K, committed 5888K, reserved 1048576K
}
Event: 6.084 GC heap after
{Heap after GC invocations=46 (full 2):
 PSYoungGen      total 18432K, used 1630K [0x00000000eab00000, 0x00000000ec080000, 0x0000000100000000)
  eden space 16384K, 0% used [0x00000000eab00000,0x00000000eab00000,0x00000000ebb00000)
  from space 2048K, 79% used [0x00000000ebe80000,0x00000000ec0179a0,0x00000000ec080000)
  to   space 2560K, 0% used [0x00000000ebb80000,0x00000000ebb80000,0x00000000ebe00000)
 ParOldGen       total 76800K, used 76690K [0x00000000c0000000, 0x00000000c4b00000, 0x00000000eab00000)
  object space 76800K, 99% used [0x00000000c0000000,0x00000000c4ae4950,0x00000000c4b00000)
 Metaspace       used 51109K, committed 52288K, reserved 1114112K
  class space    used 5356K, committed 5888K, reserved 1048576K
}

Dll operation events (10 events):
Event: 0.008 Loaded shared library c:\Users\Sathishkumar\.vscode\extensions\redhat.java-1.41.1-win32-x64\jre\21.0.6-win32-x86_64\bin\java.dll
Event: 0.063 Loaded shared library c:\Users\Sathishkumar\.vscode\extensions\redhat.java-1.41.1-win32-x64\jre\21.0.6-win32-x86_64\bin\zip.dll
Event: 0.084 Loaded shared library C:\Users\Sathishkumar\.vscode\extensions\redhat.java-1.41.1-win32-x64\jre\21.0.6-win32-x86_64\bin\instrument.dll
Event: 0.089 Loaded shared library C:\Users\Sathishkumar\.vscode\extensions\redhat.java-1.41.1-win32-x64\jre\21.0.6-win32-x86_64\bin\net.dll
Event: 0.091 Loaded shared library C:\Users\Sathishkumar\.vscode\extensions\redhat.java-1.41.1-win32-x64\jre\21.0.6-win32-x86_64\bin\nio.dll
Event: 0.093 Loaded shared library C:\Users\Sathishkumar\.vscode\extensions\redhat.java-1.41.1-win32-x64\jre\21.0.6-win32-x86_64\bin\zip.dll
Event: 0.108 Loaded shared library C:\Users\Sathishkumar\.vscode\extensions\redhat.java-1.41.1-win32-x64\jre\21.0.6-win32-x86_64\bin\jimage.dll
Event: 0.171 Loaded shared library c:\Users\Sathishkumar\.vscode\extensions\redhat.java-1.41.1-win32-x64\jre\21.0.6-win32-x86_64\bin\verify.dll
Event: 1.121 Loaded shared library C:\Users\Sathishkumar\AppData\Roaming\Code\User\globalStorage\redhat.java\1.41.1\config_win\org.eclipse.equinox.launcher\org.eclipse.equinox.launcher.win32.win32.x86_64_1.2.1300.v20250331-1702\eclipse_11911.dll
Event: 2.182 Loaded shared library C:\Users\Sathishkumar\AppData\Local\Temp\jna--324050600\jna1187998148954206718.dll

Deoptimization events (20 events):
Event: 6.090 Thread 0x00000239eaaa4b70 DEOPT PACKING pc=0x00000239d77fb358 sp=0x000000b1cc4fa960
Event: 6.090 Thread 0x00000239eaaa4b70 DEOPT UNPACKING pc=0x00000239d7083aa2 sp=0x000000b1cc4fa908 mode 2
Event: 6.090 Thread 0x00000239eaaa4b70 Uncommon trap: trap_request=0xffffffde fr.pc=0x00000239d77fb358 relative=0x0000000000007a98
Event: 6.090 Thread 0x00000239eaaa4b70 Uncommon trap: reason=class_check action=maybe_recompile pc=0x00000239d77fb358 method=lombok.patcher.PatchScript$MethodPatcher.visitMethod(ILjava/lang/String;Ljava/lang/String;Ljava/lang/String;[Ljava/lang/String;)Lorg/lombokweb/asm/MethodVisitor; @ 101 c
Event: 6.090 Thread 0x00000239eaaa4b70 DEOPT PACKING pc=0x00000239d77fb358 sp=0x000000b1cc4fa960
Event: 6.090 Thread 0x00000239eaaa4b70 DEOPT UNPACKING pc=0x00000239d7083aa2 sp=0x000000b1cc4fa908 mode 2
Event: 6.090 Thread 0x00000239eaaa4b70 Uncommon trap: trap_request=0xffffffde fr.pc=0x00000239d77fb358 relative=0x0000000000007a98
Event: 6.090 Thread 0x00000239eaaa4b70 Uncommon trap: reason=class_check action=maybe_recompile pc=0x00000239d77fb358 method=lombok.patcher.PatchScript$MethodPatcher.visitMethod(ILjava/lang/String;Ljava/lang/String;Ljava/lang/String;[Ljava/lang/String;)Lorg/lombokweb/asm/MethodVisitor; @ 101 c
Event: 6.090 Thread 0x00000239eaaa4b70 DEOPT PACKING pc=0x00000239d77fb358 sp=0x000000b1cc4fa960
Event: 6.090 Thread 0x00000239eaaa4b70 DEOPT UNPACKING pc=0x00000239d7083aa2 sp=0x000000b1cc4fa908 mode 2
Event: 6.090 Thread 0x00000239eaaa4b70 Uncommon trap: trap_request=0xffffffde fr.pc=0x00000239d77fb358 relative=0x0000000000007a98
Event: 6.090 Thread 0x00000239eaaa4b70 Uncommon trap: reason=class_check action=maybe_recompile pc=0x00000239d77fb358 method=lombok.patcher.PatchScript$MethodPatcher.visitMethod(ILjava/lang/String;Ljava/lang/String;Ljava/lang/String;[Ljava/lang/String;)Lorg/lombokweb/asm/MethodVisitor; @ 101 c
Event: 6.090 Thread 0x00000239eaaa4b70 DEOPT PACKING pc=0x00000239d77fb358 sp=0x000000b1cc4fa960
Event: 6.090 Thread 0x00000239eaaa4b70 DEOPT UNPACKING pc=0x00000239d7083aa2 sp=0x000000b1cc4fa908 mode 2
Event: 6.090 Thread 0x00000239eaaa4b70 Uncommon trap: trap_request=0xffffffde fr.pc=0x00000239d77a24a8 relative=0x0000000000001168
Event: 6.090 Thread 0x00000239eaaa4b70 Uncommon trap: reason=class_check action=maybe_recompile pc=0x00000239d77a24a8 method=lombok.patcher.PatchScript$MethodPatcher.visitMethod(ILjava/lang/String;Ljava/lang/String;Ljava/lang/String;[Ljava/lang/String;)Lorg/lombokweb/asm/MethodVisitor; @ 101 c
Event: 6.090 Thread 0x00000239eaaa4b70 DEOPT PACKING pc=0x00000239d77a24a8 sp=0x000000b1cc4fa910
Event: 6.090 Thread 0x00000239eaaa4b70 DEOPT UNPACKING pc=0x00000239d7083aa2 sp=0x000000b1cc4fa908 mode 2
Event: 6.105 Thread 0x00000239eaaa4b70 DEOPT PACKING pc=0x00000239cfeae359 sp=0x000000b1cc4fa470
Event: 6.105 Thread 0x00000239eaaa4b70 DEOPT UNPACKING pc=0x00000239d7084242 sp=0x000000b1cc4f98f8 mode 0

Classes loaded (20 events):
Event: 4.918 Loading class java/util/concurrent/CompletableFuture$AltResult
Event: 4.918 Loading class java/util/concurrent/CompletableFuture$AltResult done
Event: 4.919 Loading class java/util/concurrent/CompletableFuture$Completion
Event: 4.919 Loading class java/util/concurrent/CompletableFuture$AsynchronousCompletionTask
Event: 4.919 Loading class java/util/concurrent/CompletableFuture$AsynchronousCompletionTask done
Event: 4.919 Loading class java/util/concurrent/CompletableFuture$Completion done
Event: 4.923 Loading class sun/nio/ch/WindowsAsynchronousFileChannelImpl$WriteTask
Event: 4.923 Loading class sun/nio/ch/WindowsAsynchronousFileChannelImpl$WriteTask done
Event: 4.933 Loading class jdk/internal/math/FormattedFPDecimal
Event: 4.934 Loading class jdk/internal/math/FormattedFPDecimal done
Event: 5.268 Loading class java/lang/Runtime$VersionPattern
Event: 5.268 Loading class java/lang/Runtime$VersionPattern done
Event: 5.530 Loading class java/util/Vector$1
Event: 5.530 Loading class java/util/Vector$1 done
Event: 5.848 Loading class java/util/regex/Pattern$Caret
Event: 5.848 Loading class java/util/regex/Pattern$Caret done
Event: 5.888 Loading class java/util/regex/Pattern$LazyLoop
Event: 5.888 Loading class java/util/regex/Pattern$LazyLoop done
Event: 6.010 Loading class java/util/concurrent/ArrayBlockingQueue
Event: 6.011 Loading class java/util/concurrent/ArrayBlockingQueue done

Classes unloaded (7 events):
Event: 2.664 Thread 0x00000239e0ce79e0 Unloading class 0x0000023981194c00 'java/lang/invoke/LambdaForm$MH+0x0000023981194c00'
Event: 2.664 Thread 0x00000239e0ce79e0 Unloading class 0x0000023981194800 'java/lang/invoke/LambdaForm$MH+0x0000023981194800'
Event: 2.664 Thread 0x00000239e0ce79e0 Unloading class 0x0000023981194400 'java/lang/invoke/LambdaForm$MH+0x0000023981194400'
Event: 2.664 Thread 0x00000239e0ce79e0 Unloading class 0x0000023981194000 'java/lang/invoke/LambdaForm$MH+0x0000023981194000'
Event: 2.664 Thread 0x00000239e0ce79e0 Unloading class 0x0000023981193c00 'java/lang/invoke/LambdaForm$BMH+0x0000023981193c00'
Event: 2.664 Thread 0x00000239e0ce79e0 Unloading class 0x0000023981193800 'java/lang/invoke/LambdaForm$DMH+0x0000023981193800'
Event: 2.664 Thread 0x00000239e0ce79e0 Unloading class 0x0000023981192400 'java/lang/invoke/LambdaForm$DMH+0x0000023981192400'

Classes redefined (0 events):
No events

Internal exceptions (20 events):
Event: 4.781 Thread 0x00000239e88bdb80 Exception <a 'java/io/FileNotFoundException'{0x00000000eb3c51f0}> (0x00000000eb3c51f0) 
thrown [s\src\hotspot\share\prims\jni.cpp, line 520]
Event: 4.782 Thread 0x00000239e88bdb80 Exception <a 'java/lang/NoSuchMethodError'{0x00000000eb3da1f8}: 'java.lang.Object java.lang.invoke.DirectMethodHandle$Holder.newInvokeSpecial(java.lang.Object, java.lang.Object, java.lang.Object, int)'> (0x00000000eb3da1f8) 
thrown [s\src\hotspot\share\interpreter\linkResolver.cpp, line 773]
Event: 4.783 Thread 0x00000239e88bdb80 Exception <a 'java/lang/NoSuchMethodError'{0x00000000eb43d078}: 'java.lang.Object java.lang.invoke.DirectMethodHandle$Holder.invokeSpecial(java.lang.Object, java.lang.Object, java.lang.Object, java.lang.Object, int)'> (0x00000000eb43d078) 
thrown [s\src\hotspot\share\interpreter\linkResolver.cpp, line 773]
Event: 4.783 Thread 0x00000239e88bdb80 Exception <a 'java/lang/NoSuchMethodError'{0x00000000eb440510}: 'java.lang.Object java.lang.invoke.Invokers$Holder.linkToTargetMethod(java.lang.Object, java.lang.Object, int, java.lang.Object)'> (0x00000000eb440510) 
thrown [s\src\hotspot\share\interpreter\linkResolver.cpp, line 773]
Event: 4.795 Thread 0x00000239e88bdb80 Exception <a 'sun/nio/fs/WindowsException'{0x00000000eb5e0e48}> (0x00000000eb5e0e48) 
thrown [s\src\hotspot\share\prims\jni.cpp, line 520]
Event: 4.812 Thread 0x00000239e88bd4f0 Exception <a 'java/io/FileNotFoundException'{0x00000000eb9d4b70}> (0x00000000eb9d4b70) 
thrown [s\src\hotspot\share\prims\jni.cpp, line 520]
Event: 4.812 Thread 0x00000239e88bd4f0 Exception <a 'java/io/FileNotFoundException'{0x00000000eb9d5df8}> (0x00000000eb9d5df8) 
thrown [s\src\hotspot\share\prims\jni.cpp, line 520]
Event: 4.813 Thread 0x00000239e88bd4f0 Exception <a 'java/io/FileNotFoundException'{0x00000000eb9d6b90}> (0x00000000eb9d6b90) 
thrown [s\src\hotspot\share\prims\jni.cpp, line 520]
Event: 4.850 Thread 0x00000239eaaa44e0 Exception <a 'java/io/FileNotFoundException'{0x00000000ebf98ab0}> (0x00000000ebf98ab0) 
thrown [s\src\hotspot\share\prims\jni.cpp, line 520]
Event: 4.930 Thread 0x00000239eaaa65b0 Exception <a 'java/lang/NoSuchMethodError'{0x00000000eb4d5038}: 'int java.lang.invoke.DirectMethodHandle$Holder.invokeSpecialIFC(java.lang.Object, java.lang.Object, java.lang.Object, java.lang.Object)'> (0x00000000eb4d5038) 
thrown [s\src\hotspot\share\interpreter\linkResolver.cpp, line 773]
Event: 4.983 Thread 0x00000239eaaa44e0 Exception <a 'java/lang/IncompatibleClassChangeError'{0x00000000eacb6560}: Found class java.lang.Object, but interface was expected> (0x00000000eacb6560) 
thrown [s\src\hotspot\share\interpreter\linkResolver.cpp, line 840]
Event: 4.994 Thread 0x00000239eaaa65b0 Exception <a 'java/io/FileNotFoundException'{0x00000000eae9e700}> (0x00000000eae9e700) 
thrown [s\src\hotspot\share\prims\jni.cpp, line 520]
Event: 4.994 Thread 0x00000239eaaa65b0 Exception <a 'java/io/FileNotFoundException'{0x00000000eae9f730}> (0x00000000eae9f730) 
thrown [s\src\hotspot\share\prims\jni.cpp, line 520]
Event: 4.995 Thread 0x00000239eaaa65b0 Exception <a 'java/io/FileNotFoundException'{0x00000000eaea0f18}> (0x00000000eaea0f18) 
thrown [s\src\hotspot\share\prims\jni.cpp, line 520]
Event: 4.995 Thread 0x00000239eaaa65b0 Exception <a 'java/io/FileNotFoundException'{0x00000000eaee20e0}> (0x00000000eaee20e0) 
thrown [s\src\hotspot\share\prims\jni.cpp, line 520]
Event: 4.995 Thread 0x00000239eaaa65b0 Exception <a 'java/io/FileNotFoundException'{0x00000000eaee3130}> (0x00000000eaee3130) 
thrown [s\src\hotspot\share\prims\jni.cpp, line 520]
Event: 5.195 Thread 0x00000239eaaa65b0 Implicit null exception at 0x00000239d7893003 to 0x00000239d7893284
Event: 5.224 Thread 0x00000239eaaa65b0 Exception <a 'sun/nio/fs/WindowsException'{0x00000000eb0b5e98}> (0x00000000eb0b5e98) 
thrown [s\src\hotspot\share\prims\jni.cpp, line 520]
Event: 5.224 Thread 0x00000239eaaa65b0 Exception <a 'sun/nio/fs/WindowsException'{0x00000000eb0b6560}> (0x00000000eb0b6560) 
thrown [s\src\hotspot\share\prims\jni.cpp, line 520]
Event: 5.969 Thread 0x00000239eaaa65b0 Exception <a 'java/lang/NoSuchMethodError'{0x00000000eaf25aa8}: 'int java.lang.invoke.DirectMethodHandle$Holder.invokeSpecialIFC(java.lang.Object, java.lang.Object, java.lang.Object)'> (0x00000000eaf25aa8) 
thrown [s\src\hotspot\share\interpreter\linkResolver.cpp, line 773]

ZGC Phase Switch (0 events):
No events

VM Operations (20 events):
Event: 5.802 Executing VM operation: ParallelGCFailedAllocation (Allocation Failure)
Event: 5.804 Executing VM operation: ParallelGCFailedAllocation (Allocation Failure) done
Event: 5.842 Executing VM operation: ParallelGCFailedAllocation (Allocation Failure)
Event: 5.844 Executing VM operation: ParallelGCFailedAllocation (Allocation Failure) done
Event: 5.876 Executing VM operation: ParallelGCFailedAllocation (Allocation Failure)
Event: 5.878 Executing VM operation: ParallelGCFailedAllocation (Allocation Failure) done
Event: 5.889 Executing VM operation: HandshakeAllThreads (Deoptimize)
Event: 5.889 Executing VM operation: HandshakeAllThreads (Deoptimize) done
Event: 5.917 Executing VM operation: ParallelGCFailedAllocation (Allocation Failure)
Event: 5.919 Executing VM operation: ParallelGCFailedAllocation (Allocation Failure) done
Event: 5.953 Executing VM operation: ParallelGCFailedAllocation (Allocation Failure)
Event: 5.957 Executing VM operation: ParallelGCFailedAllocation (Allocation Failure) done
Event: 5.991 Executing VM operation: ParallelGCFailedAllocation (Allocation Failure)
Event: 5.994 Executing VM operation: ParallelGCFailedAllocation (Allocation Failure) done
Event: 6.024 Executing VM operation: ParallelGCFailedAllocation (Allocation Failure)
Event: 6.027 Executing VM operation: ParallelGCFailedAllocation (Allocation Failure) done
Event: 6.055 Executing VM operation: ParallelGCFailedAllocation (Allocation Failure)
Event: 6.059 Executing VM operation: ParallelGCFailedAllocation (Allocation Failure) done
Event: 6.081 Executing VM operation: ParallelGCFailedAllocation (Allocation Failure)
Event: 6.084 Executing VM operation: ParallelGCFailedAllocation (Allocation Failure) done

Memory protections (0 events):
No events

Nmethod flushes (20 events):
Event: 3.535 Thread 0x00000239e0ce79e0 flushing  nmethod 0x00000239d016cb10
Event: 3.535 Thread 0x00000239e0ce79e0 flushing  nmethod 0x00000239d016e090
Event: 3.535 Thread 0x00000239e0ce79e0 flushing  nmethod 0x00000239d016e590
Event: 3.535 Thread 0x00000239e0ce79e0 flushing  nmethod 0x00000239d016fe90
Event: 3.535 Thread 0x00000239e0ce79e0 flushing  nmethod 0x00000239d0170290
Event: 3.535 Thread 0x00000239e0ce79e0 flushing  nmethod 0x00000239d0170710
Event: 3.535 Thread 0x00000239e0ce79e0 flushing  nmethod 0x00000239d0170c10
Event: 3.535 Thread 0x00000239e0ce79e0 flushing  nmethod 0x00000239d017a790
Event: 3.535 Thread 0x00000239e0ce79e0 flushing  nmethod 0x00000239d017ac90
Event: 3.535 Thread 0x00000239e0ce79e0 flushing  nmethod 0x00000239d017b210
Event: 3.535 Thread 0x00000239e0ce79e0 flushing  nmethod 0x00000239d017bc90
Event: 3.535 Thread 0x00000239e0ce79e0 flushing  nmethod 0x00000239d017bf90
Event: 3.535 Thread 0x00000239e0ce79e0 flushing  nmethod 0x00000239d0191690
Event: 3.535 Thread 0x00000239e0ce79e0 flushing  nmethod 0x00000239d0197f10
Event: 3.535 Thread 0x00000239e0ce79e0 flushing  nmethod 0x00000239d019dd10
Event: 3.535 Thread 0x00000239e0ce79e0 flushing  nmethod 0x00000239d019ff90
Event: 3.535 Thread 0x00000239e0ce79e0 flushing  nmethod 0x00000239d01d5310
Event: 3.535 Thread 0x00000239e0ce79e0 flushing  nmethod 0x00000239d01e9490
Event: 3.535 Thread 0x00000239e0ce79e0 flushing  nmethod 0x00000239d0236c10
Event: 3.535 Thread 0x00000239e0ce79e0 flushing  nmethod 0x00000239d0258810

Events (20 events):
Event: 3.350 Thread 0x00000239ca5a6920 Thread added: 0x00000239e9b59980
Event: 3.351 Thread 0x00000239ca5a6920 Thread added: 0x00000239e9b57220
Event: 3.351 Thread 0x00000239ca5a6920 Thread added: 0x00000239e9b592f0
Event: 3.351 Thread 0x00000239ca5a6920 Thread added: 0x00000239eaaa1d80
Event: 3.351 Thread 0x00000239ca5a6920 Thread added: 0x00000239eaaa5f20
Event: 3.372 Thread 0x00000239ca5a6920 Thread added: 0x00000239eaaa2410
Event: 3.503 Thread 0x00000239ca5a6920 Thread added: 0x00000239eaaa37c0
Event: 3.503 Thread 0x00000239ca5a6920 Thread added: 0x00000239eaaa44e0
Event: 3.869 Thread 0x00000239e88bc7d0 Thread added: 0x00000239eaaa65b0
Event: 5.258 Thread 0x00000239eaaa65b0 Thread added: 0x00000239eaaa8680
Event: 5.259 Thread 0x00000239eaaa65b0 Thread added: 0x00000239eaaa72d0
Event: 5.259 Thread 0x00000239eaaa65b0 Thread added: 0x00000239eaaa7960
Event: 5.259 Thread 0x00000239eaaa65b0 Thread added: 0x00000239eaaa3130
Event: 5.259 Thread 0x00000239eaaa65b0 Thread added: 0x00000239eaaa16f0
Event: 5.259 Thread 0x00000239eaaa65b0 Thread added: 0x00000239eaaa8d10
Event: 5.263 Thread 0x00000239eaaa3130 Thread added: 0x00000239eaaa5200
Event: 5.263 Thread 0x00000239eaaa7960 Thread added: 0x00000239eaaa7ff0
Event: 5.263 Thread 0x00000239eaaa72d0 Thread added: 0x00000239eaaa3e50
Event: 5.263 Thread 0x00000239eaaa8680 Thread added: 0x00000239eaaa2aa0
Event: 6.011 Thread 0x00000239eaaa65b0 Thread added: 0x00000239eaaa4b70


Dynamic libraries:
0x00007ff6d7eb0000 - 0x00007ff6d7ebe000 	c:\Users\Sathishkumar\.vscode\extensions\redhat.java-1.41.1-win32-x64\jre\21.0.6-win32-x86_64\bin\java.exe
0x00007ffaf81f0000 - 0x00007ffaf8407000 	C:\WINDOWS\SYSTEM32\ntdll.dll
0x00007ffaf7040000 - 0x00007ffaf7104000 	C:\WINDOWS\System32\KERNEL32.DLL
0x00007ffaf57e0000 - 0x00007ffaf5bb3000 	C:\WINDOWS\System32\KERNELBASE.dll
0x00007ffaf54d0000 - 0x00007ffaf55e1000 	C:\WINDOWS\System32\ucrtbase.dll
0x00007ffaca560000 - 0x00007ffaca578000 	c:\Users\Sathishkumar\.vscode\extensions\redhat.java-1.41.1-win32-x64\jre\21.0.6-win32-x86_64\bin\jli.dll
0x00007ffaccda0000 - 0x00007ffaccdbe000 	c:\Users\Sathishkumar\.vscode\extensions\redhat.java-1.41.1-win32-x64\jre\21.0.6-win32-x86_64\bin\VCRUNTIME140.dll
0x00007ffaf62a0000 - 0x00007ffaf6451000 	C:\WINDOWS\System32\USER32.dll
0x00007ffaf5300000 - 0x00007ffaf5326000 	C:\WINDOWS\System32\win32u.dll
0x00007ffaf6f10000 - 0x00007ffaf6f39000 	C:\WINDOWS\System32\GDI32.dll
0x00007ffad99e0000 - 0x00007ffad9c78000 	C:\WINDOWS\WinSxS\amd64_microsoft.windows.common-controls_6595b64144ccf1df_6.0.22621.5124_none_270e8f4f7386d69d\COMCTL32.dll
0x00007ffaf5330000 - 0x00007ffaf544b000 	C:\WINDOWS\System32\gdi32full.dll
0x00007ffaf6d00000 - 0x00007ffaf6da7000 	C:\WINDOWS\System32\msvcrt.dll
0x00007ffaf5d30000 - 0x00007ffaf5dca000 	C:\WINDOWS\System32\msvcp_win.dll
0x00007ffaf7a80000 - 0x00007ffaf7ab1000 	C:\WINDOWS\System32\IMM32.DLL
0x00007ffacd120000 - 0x00007ffacd12c000 	c:\Users\Sathishkumar\.vscode\extensions\redhat.java-1.41.1-win32-x64\jre\21.0.6-win32-x86_64\bin\vcruntime140_1.dll
0x00007ffab2300000 - 0x00007ffab238d000 	c:\Users\Sathishkumar\.vscode\extensions\redhat.java-1.41.1-win32-x64\jre\21.0.6-win32-x86_64\bin\msvcp140.dll
0x00007ffa99200000 - 0x00007ffa99f90000 	c:\Users\Sathishkumar\.vscode\extensions\redhat.java-1.41.1-win32-x64\jre\21.0.6-win32-x86_64\bin\server\jvm.dll
0x00007ffaf6020000 - 0x00007ffaf60d1000 	C:\WINDOWS\System32\ADVAPI32.dll
0x00007ffaf78f0000 - 0x00007ffaf7998000 	C:\WINDOWS\System32\sechost.dll
0x00007ffaf5d00000 - 0x00007ffaf5d28000 	C:\WINDOWS\System32\bcrypt.dll
0x00007ffaf7260000 - 0x00007ffaf7374000 	C:\WINDOWS\System32\RPCRT4.dll
0x00007ffaf7110000 - 0x00007ffaf7181000 	C:\WINDOWS\System32\WS2_32.dll
0x00007ffaef8c0000 - 0x00007ffaef8f4000 	C:\WINDOWS\SYSTEM32\WINMM.dll
0x00007ffaf51d0000 - 0x00007ffaf521d000 	C:\WINDOWS\SYSTEM32\POWRPROF.dll
0x00007ffaebcf0000 - 0x00007ffaebcfa000 	C:\WINDOWS\SYSTEM32\VERSION.dll
0x00007ffaf51b0000 - 0x00007ffaf51c3000 	C:\WINDOWS\SYSTEM32\UMPDC.dll
0x00007ffaf4330000 - 0x00007ffaf4348000 	C:\WINDOWS\SYSTEM32\kernel.appcore.dll
0x00007ffae4d30000 - 0x00007ffae4d3a000 	c:\Users\Sathishkumar\.vscode\extensions\redhat.java-1.41.1-win32-x64\jre\21.0.6-win32-x86_64\bin\jimage.dll
0x00007ffaf2e00000 - 0x00007ffaf3032000 	C:\WINDOWS\SYSTEM32\DBGHELP.DLL
0x00007ffaf7430000 - 0x00007ffaf77c2000 	C:\WINDOWS\System32\combase.dll
0x00007ffaf79a0000 - 0x00007ffaf7a77000 	C:\WINDOWS\System32\OLEAUT32.dll
0x00007ffaeaef0000 - 0x00007ffaeaf22000 	C:\WINDOWS\SYSTEM32\dbgcore.DLL
0x00007ffaf5450000 - 0x00007ffaf54cb000 	C:\WINDOWS\System32\bcryptPrimitives.dll
0x00007ffae4d20000 - 0x00007ffae4d2f000 	c:\Users\Sathishkumar\.vscode\extensions\redhat.java-1.41.1-win32-x64\jre\21.0.6-win32-x86_64\bin\instrument.dll
0x00007ffaccf40000 - 0x00007ffaccf5f000 	c:\Users\Sathishkumar\.vscode\extensions\redhat.java-1.41.1-win32-x64\jre\21.0.6-win32-x86_64\bin\java.dll
0x00007ffaf6460000 - 0x00007ffaf6cf6000 	C:\WINDOWS\System32\SHELL32.dll
0x00007ffaf5bc0000 - 0x00007ffaf5cff000 	C:\WINDOWS\System32\wintypes.dll
0x00007ffaf3220000 - 0x00007ffaf3b3a000 	C:\WINDOWS\SYSTEM32\windows.storage.dll
0x00007ffaf5f10000 - 0x00007ffaf601a000 	C:\WINDOWS\System32\SHCORE.dll
0x00007ffaf6f40000 - 0x00007ffaf6fa3000 	C:\WINDOWS\System32\shlwapi.dll
0x00007ffaf5230000 - 0x00007ffaf525b000 	C:\WINDOWS\SYSTEM32\profapi.dll
0x00007ffac8450000 - 0x00007ffac8468000 	c:\Users\Sathishkumar\.vscode\extensions\redhat.java-1.41.1-win32-x64\jre\21.0.6-win32-x86_64\bin\zip.dll
0x00007ffae3830000 - 0x00007ffae3840000 	C:\Users\Sathishkumar\.vscode\extensions\redhat.java-1.41.1-win32-x64\jre\21.0.6-win32-x86_64\bin\net.dll
0x00007ffaf0410000 - 0x00007ffaf053c000 	C:\WINDOWS\SYSTEM32\WINHTTP.dll
0x00007ffaf47b0000 - 0x00007ffaf481a000 	C:\WINDOWS\system32\mswsock.dll
0x00007ffac8430000 - 0x00007ffac8446000 	C:\Users\Sathishkumar\.vscode\extensions\redhat.java-1.41.1-win32-x64\jre\21.0.6-win32-x86_64\bin\nio.dll
0x00007ffaccd60000 - 0x00007ffaccd70000 	c:\Users\Sathishkumar\.vscode\extensions\redhat.java-1.41.1-win32-x64\jre\21.0.6-win32-x86_64\bin\verify.dll
0x00007ffac0830000 - 0x00007ffac0875000 	C:\Users\Sathishkumar\AppData\Roaming\Code\User\globalStorage\redhat.java\1.41.1\config_win\org.eclipse.equinox.launcher\org.eclipse.equinox.launcher.win32.win32.x86_64_1.2.1300.v20250331-1702\eclipse_11911.dll
0x00007ffaf60f0000 - 0x00007ffaf6291000 	C:\WINDOWS\System32\ole32.dll
0x00007ffaf4a10000 - 0x00007ffaf4a2b000 	C:\WINDOWS\SYSTEM32\CRYPTSP.dll
0x00007ffaf4290000 - 0x00007ffaf42c7000 	C:\WINDOWS\system32\rsaenh.dll
0x00007ffaf48a0000 - 0x00007ffaf48c8000 	C:\WINDOWS\SYSTEM32\USERENV.dll
0x00007ffaf4a00000 - 0x00007ffaf4a0c000 	C:\WINDOWS\SYSTEM32\CRYPTBASE.dll
0x00007ffaf3da0000 - 0x00007ffaf3dcd000 	C:\WINDOWS\SYSTEM32\IPHLPAPI.DLL
0x00007ffaf60e0000 - 0x00007ffaf60e9000 	C:\WINDOWS\System32\NSI.dll
0x00007ffac07e0000 - 0x00007ffac0829000 	C:\Users\Sathishkumar\AppData\Local\Temp\jna--324050600\jna1187998148954206718.dll
0x00007ffaf77d0000 - 0x00007ffaf77d8000 	C:\WINDOWS\System32\PSAPI.DLL
0x00007ffaf0140000 - 0x00007ffaf0159000 	C:\WINDOWS\SYSTEM32\dhcpcsvc6.DLL
0x00007ffaeff00000 - 0x00007ffaeff1f000 	C:\WINDOWS\SYSTEM32\dhcpcsvc.DLL

dbghelp: loaded successfully - version: 4.0.5 - missing functions: none
symbol engine: initialized successfully - sym options: 0x614 - pdb path: .;c:\Users\Sathishkumar\.vscode\extensions\redhat.java-1.41.1-win32-x64\jre\21.0.6-win32-x86_64\bin;C:\WINDOWS\SYSTEM32;C:\WINDOWS\WinSxS\amd64_microsoft.windows.common-controls_6595b64144ccf1df_6.0.22621.5124_none_270e8f4f7386d69d;c:\Users\Sathishkumar\.vscode\extensions\redhat.java-1.41.1-win32-x64\jre\21.0.6-win32-x86_64\bin\server;C:\Users\Sathishkumar\AppData\Roaming\Code\User\globalStorage\redhat.java\1.41.1\config_win\org.eclipse.equinox.launcher\org.eclipse.equinox.launcher.win32.win32.x86_64_1.2.1300.v20250331-1702;C:\Users\Sathishkumar\AppData\Local\Temp\jna--324050600

VM Arguments:
jvm_args: --add-modules=ALL-SYSTEM --add-opens=java.base/java.util=ALL-UNNAMED --add-opens=java.base/java.lang=ALL-UNNAMED --add-opens=java.base/sun.nio.fs=ALL-UNNAMED -Declipse.application=org.eclipse.jdt.ls.core.id1 -Dosgi.bundles.defaultStartLevel=4 -Declipse.product=org.eclipse.jdt.ls.core.product -Djava.import.generatesMetadataFilesAtProjectRoot=false -DDetectVMInstallationsJob.disabled=true -Dfile.encoding=utf8 -XX:+UseParallelGC -XX:GCTimeRatio=4 -XX:AdaptiveSizePolicyWeight=90 -Dsun.zip.disableMemoryMapping=true -Xmx1G -Xms100m -Xlog:disable -javaagent:c:\Users\Sathishkumar\.vscode\extensions\redhat.java-1.41.1-win32-x64\lombok\lombok-1.18.36.jar -XX:+HeapDumpOnOutOfMemoryError -XX:HeapDumpPath=c:\Users\Sathishkumar\AppData\Roaming\Code\User\workspaceStorage\c89724eef4cea2055b3623321f8559ac\redhat.java -Daether.dependencyCollector.impl=bf 
java_command: c:\Users\Sathishkumar\.vscode\extensions\redhat.java-1.41.1-win32-x64\server\plugins\org.eclipse.equinox.launcher_1.7.0.v20250331-1702.jar -configuration c:\Users\Sathishkumar\AppData\Roaming\Code\User\globalStorage\redhat.java\1.41.1\config_win -data c:\Users\Sathishkumar\AppData\Roaming\Code\User\workspaceStorage\c89724eef4cea2055b3623321f8559ac\redhat.java\jdt_ws --pipe=\\.\pipe\lsp-aea635d0337033c62692d0f734ba8abb-sock
java_class_path (initial): c:\Users\Sathishkumar\.vscode\extensions\redhat.java-1.41.1-win32-x64\server\plugins\org.eclipse.equinox.launcher_1.7.0.v20250331-1702.jar
Launcher Type: SUN_STANDARD

[Global flags]
    uintx AdaptiveSizePolicyWeight                 = 90                                        {product} {command line}
     intx CICompilerCount                          = 4                                         {product} {ergonomic}
    uintx GCTimeRatio                              = 4                                         {product} {command line}
     bool HeapDumpOnOutOfMemoryError               = true                                   {manageable} {command line}
    ccstr HeapDumpPath                             = c:\Users\Sathishkumar\AppData\Roaming\Code\User\workspaceStorage\c89724eef4cea2055b3623321f8559ac\redhat.java         {manageable} {command line}
   size_t InitialHeapSize                          = 104857600                                 {product} {command line}
   size_t MaxHeapSize                              = 1073741824                                {product} {command line}
   size_t MaxNewSize                               = 357564416                                 {product} {ergonomic}
   size_t MinHeapDeltaBytes                        = 524288                                    {product} {ergonomic}
   size_t MinHeapSize                              = 104857600                                 {product} {command line}
   size_t NewSize                                  = 34603008                                  {product} {ergonomic}
    uintx NonNMethodCodeHeapSize                   = 5839372                                {pd product} {ergonomic}
    uintx NonProfiledCodeHeapSize                  = 122909434                              {pd product} {ergonomic}
   size_t OldSize                                  = 70254592                                  {product} {ergonomic}
    uintx ProfiledCodeHeapSize                     = 122909434                              {pd product} {ergonomic}
    uintx ReservedCodeCacheSize                    = 251658240                              {pd product} {ergonomic}
     bool SegmentedCodeCache                       = true                                      {product} {ergonomic}
   size_t SoftMaxHeapSize                          = 1073741824                             {manageable} {ergonomic}
     bool UseCompressedOops                        = true                           {product lp64_product} {ergonomic}
     bool UseLargePagesIndividualAllocation        = false                                  {pd product} {ergonomic}
     bool UseParallelGC                            = true                                      {product} {command line}

Logging:
Log output configuration:
 #0: stdout all=off uptime,level,tags foldmultilines=false
 #1: stderr all=off uptime,level,tags foldmultilines=false

Environment Variables:
JAVA_HOME=C:\Program Files\Java\jre1.8.0_251\jre1.8.0_251
PATH=C:\Python312\Scripts\;C:\Python312\;D:\BUS TRACKING\flutter;C:\Users\Sathishkumar\AppData\Roaming\Microsoft\Windows\Start Menu\Programs\Python 3.7;C:\Users\Sathishkumar\anaconda3\Scripts;C:\Program Files\Common Files\Oracle\Java\javapath;C:\Program Files (x86)\Common Files\Oracle\Java\java8path;C:\Program Files (x86)\Common Files\Oracle\Java\javapath;C:\WINDOWS\system32;C:\WINDOWS;C:\WINDOWS\System32\Wbem;C:\WINDOWS\System32\WindowsPowerShell\v1.0\;C:\WINDOWS\System32\OpenSSH\;C:\MinGW\bin;C:\Users\Sathishkumar\AppData\Local\Microsoft\WindowsApps;C:\Users\Sathishkumar\AppData\Local\Programs\Microsoft VS Code\bin;C:\Users\Sathishkumar\AppData\Roaming\npm;C:\adb;C:\WINDOWS\system32;C:\WINDOWS;C:\WINDOWS\System32\Wbem;C:\WINDOWS\System32\WindowsPowerShell\v1.0\;C:\WINDOWS\System32\OpenSSH\;C:\Program Files\Git\cmd;C:\Program Files\dotnet\;C:\Program Files\nodejs\;C:\ProgramData\chocolatey\bin;C:\Program Files\CMake\bin;E:\tttt\runtime\win64;E:\tttt\bin;C:\Program Files\Microsoft SQL Server\150\Tools\Binn\;C:\Program Files\Microsoft SQL Server\Client SDK\ODBC\170\Tools\Binn\;C:\Program Files (x86)\Microsoft SQL Server\160\Tools\Binn\;C:\Program Files\Microsoft SQL Server\160\Tools\Binn\;C:\Program Files\Microsoft SQL Server\160\DTS\Binn\;C:\Program Files (x86)\Microsoft SQL Server\160\DTS\Binn\;e:\CODESPACES\New folder (2)\Trae\bin;C:\Users\Sathishkumar\AppData\Local\Programs\Python\Python37\Scripts\;C:\Users\Sathishkumar\AppData\Local\Programs\Python\Python37\;C:\Program Files\MySQL\MySQL Shell 8.0\bin\;C:\MinGW\bin;C:\Users\Sathishkumar\AppData\Local\Microsoft\WindowsApps;C:\Users\Sathishkumar\AppData\Local\Programs\Microsoft VS Code\bin;C:\Program Files\Tesseract-OCR;C:\Program Files\poppler-24.02.0\Library\bin;C:\Users\Sathishkumar\AppData\Roaming\npm;C:\Users\Sathishkumar\.dotnet\tools;
USERNAME=Sathishkumar
OS=Windows_NT
PROCESSOR_IDENTIFIER=AMD64 Family 23 Model 104 Stepping 1, AuthenticAMD
TMP=C:\Users\SATHIS~1\AppData\Local\Temp
TEMP=C:\Users\SATHIS~1\AppData\Local\Temp




Periodic native trim disabled

---------------  S Y S T E M  ---------------

OS:
 Windows 11 , 64 bit Build 22621 (10.0.22621.5124)
OS uptime: 0 days 0:48 hours

CPU: total 12 (initial active 12) (12 cores per cpu, 2 threads per core) family 23 model 104 stepping 1 microcode 0x0, cx8, cmov, fxsr, ht, mmx, 3dnowpref, sse, sse2, sse3, ssse3, sse4a, sse4.1, sse4.2, popcnt, lzcnt, tsc, tscinvbit, avx, avx2, aes, clmul, bmi1, bmi2, adx, sha, fma, vzeroupper, clflush, clflushopt, rdtscp, rdpid, f16c
Processor Information for processor 0
  Max Mhz: 2100, Current Mhz: 2100, Mhz Limit: 2100
Processor Information for processor 1
  Max Mhz: 2100, Current Mhz: 2100, Mhz Limit: 2100
Processor Information for processor 2
  Max Mhz: 2100, Current Mhz: 2100, Mhz Limit: 2100
Processor Information for processor 3
  Max Mhz: 2100, Current Mhz: 2100, Mhz Limit: 2100
Processor Information for processor 4
  Max Mhz: 2100, Current Mhz: 2100, Mhz Limit: 2100
Processor Information for processor 5
  Max Mhz: 2100, Current Mhz: 2100, Mhz Limit: 2100
Processor Information for processor 6
  Max Mhz: 2100, Current Mhz: 2100, Mhz Limit: 2100
Processor Information for processor 7
  Max Mhz: 2100, Current Mhz: 1988, Mhz Limit: 2100
Processor Information for processor 8
  Max Mhz: 2100, Current Mhz: 2100, Mhz Limit: 2100
Processor Information for processor 9
  Max Mhz: 2100, Current Mhz: 1988, Mhz Limit: 2100
Processor Information for processor 10
  Max Mhz: 2100, Current Mhz: 2100, Mhz Limit: 2100
Processor Information for processor 11
  Max Mhz: 2100, Current Mhz: 1988, Mhz Limit: 2100

Memory: 4k page, system-wide physical 5989M (558M free)
TotalPageFile size 10611M (AvailPageFile size 4M)
current process WorkingSet (physical memory assigned to process): 293M, peak: 293M
current process commit charge ("private bytes"): 341M, peak: 344M

vm_info: OpenJDK 64-Bit Server VM (21.0.6+7-LTS) for windows-amd64 JRE (21.0.6+7-LTS), built on 2025-01-21T00:00:00Z by "admin" with MS VC++ 17.7 (VS2022)

END.
