#
# There is insufficient memory for the Java Runtime Environment to continue.
# Native memory allocation (malloc) failed to allocate 1611120 bytes. Error detail: Chunk::new
# Possible reasons:
#   The system is out of physical RAM or swap space
#   This process is running with CompressedOops enabled, and the Java Heap may be blocking the growth of the native heap
# Possible solutions:
#   Reduce memory load on the system
#   Increase physical memory or swap space
#   Check if swap backing store is full
#   Decrease Java heap size (-Xmx/-Xms)
#   Decrease number of Java threads
#   Decrease Java thread stack sizes (-Xss)
#   Set larger code cache with -XX:ReservedCodeCacheSize=
#   JVM is running with Unscaled Compressed Oops mode in which the Java heap is
#     placed in the first 4GB address space. The Java Heap base address is the
#     maximum limit for the native heap growth. Please use -XX:HeapBaseMinAddress
#     to set the Java Heap base and to place the Java Heap above 4GB virtual address.
# This output file may be truncated or incomplete.
#
#  Out of Memory Error (arena.cpp:168), pid=14384, tid=10496
#
# JRE version: OpenJDK Runtime Environment Temurin-21.0.6+7 (21.0.6+7) (build 21.0.6+7-LTS)
# Java VM: OpenJDK 64-Bit Server VM Temurin-21.0.6+7 (21.0.6+7-LTS, mixed mode, sharing, tiered, compressed oops, compressed class ptrs, parallel gc, windows-amd64)
# No core dump will be written. Minidumps are not enabled by default on client versions of Windows
#

---------------  S U M M A R Y ------------

Command Line: --add-modules=ALL-SYSTEM --add-opens=java.base/java.util=ALL-UNNAMED --add-opens=java.base/java.lang=ALL-UNNAMED --add-opens=java.base/sun.nio.fs=ALL-UNNAMED -Declipse.application=org.eclipse.jdt.ls.core.id1 -Dosgi.bundles.defaultStartLevel=4 -Declipse.product=org.eclipse.jdt.ls.core.product -Djava.import.generatesMetadataFilesAtProjectRoot=false -DDetectVMInstallationsJob.disabled=true -Dfile.encoding=utf8 -XX:+UseParallelGC -XX:GCTimeRatio=4 -XX:AdaptiveSizePolicyWeight=90 -Dsun.zip.disableMemoryMapping=true -Xmx1G -Xms100m -Xlog:disable -javaagent:c:\Users\Sathishkumar\.vscode\extensions\redhat.java-1.41.1-win32-x64\lombok\lombok-1.18.36.jar -XX:+HeapDumpOnOutOfMemoryError -XX:HeapDumpPath=c:\Users\Sathishkumar\AppData\Roaming\Code\User\workspaceStorage\c89724eef4cea2055b3623321f8559ac\redhat.java -Daether.dependencyCollector.impl=bf c:\Users\Sathishkumar\.vscode\extensions\redhat.java-1.41.1-win32-x64\server\plugins\org.eclipse.equinox.launcher_1.7.0.v20250331-1702.jar -configuration c:\Users\Sathishkumar\AppData\Roaming\Code\User\globalStorage\redhat.java\1.41.1\config_win -data c:\Users\Sathishkumar\AppData\Roaming\Code\User\workspaceStorage\c89724eef4cea2055b3623321f8559ac\redhat.java\jdt_ws --pipe=\\.\pipe\lsp-16146c942bc1207948700b25622854cd-sock

Host: AMD Ryzen 5 5500U with Radeon Graphics         , 12 cores, 5G,  Windows 11 , 64 bit Build 22621 (10.0.22621.5124)
Time: Sun Apr 20 01:29:57 2025 Malay Peninsula Standard Time elapsed time: 5.156846 seconds (0d 0h 0m 5s)

---------------  T H R E A D  ---------------

Current thread (0x000002e67e786010):  JavaThread "C2 CompilerThread2" daemon [_thread_in_native, id=10496, stack(0x000000fcef200000,0x000000fcef300000) (1024K)]


Current CompileTask:
C2:5156 5759   !   4       org.eclipse.osgi.internal.loader.BundleLoader::findClass0 (491 bytes)

Stack: [0x000000fcef200000,0x000000fcef300000]
Native frames: (J=compiled Java code, j=interpreted, Vv=VM code, C=native code)
V  [jvm.dll+0x6cdee9]
V  [jvm.dll+0x8a83d1]
V  [jvm.dll+0x8aa8fe]
V  [jvm.dll+0x8aafe3]
V  [jvm.dll+0x27f706]
V  [jvm.dll+0xc500d]
V  [jvm.dll+0xc5543]
V  [jvm.dll+0x3b678c]
V  [jvm.dll+0x1e0009]
V  [jvm.dll+0x247b42]
V  [jvm.dll+0x246fcf]
V  [jvm.dll+0x1c75ee]
V  [jvm.dll+0x25685a]
V  [jvm.dll+0x254dfa]
V  [jvm.dll+0x3f0256]
V  [jvm.dll+0x851f8b]
V  [jvm.dll+0x6cc5ed]
C  [ucrtbase.dll+0x29333]
C  [KERNEL32.DLL+0x1259d]
C  [ntdll.dll+0x5af38]


---------------  P R O C E S S  ---------------

Threads class SMR info:
_java_thread_list=0x000002e67f82f8d0, length=44, elements={
0x000002e6757de530, 0x000002e67cbc44b0, 0x000002e67cbc52c0, 0x000002e67cbc79f0,
0x000002e67cbca9b0, 0x000002e67cbc9fe0, 0x000002e67cbd0560, 0x000002e67cbd1740,
0x000002e67cbe1530, 0x000002e67ccb6070, 0x000002e67ccddce0, 0x000002e67cfca0b0,
0x000002e67d3d1fb0, 0x000002e67daef190, 0x000002e67d838790, 0x000002e67d83f0b0,
0x000002e67df28de0, 0x000002e67e172090, 0x000002e67e293470, 0x000002e67dfead40,
0x000002e67dfeba60, 0x000002e67dfe9300, 0x000002e67dfe8c70, 0x000002e67dfe9990,
0x000002e67e786010, 0x000002e67dfea020, 0x000002e67dfec0f0, 0x000002e67dfea6b0,
0x000002e67f7407a0, 0x000002e67f740e30, 0x000002e67f741b50, 0x000002e67f7414c0,
0x000002e67f740110, 0x000002e67f744fd0, 0x000002e67f7421e0, 0x000002e67f744940,
0x000002e67f742870, 0x000002e67f742f00, 0x000002e67f743590, 0x000002e67f746a10,
0x000002e67f747730, 0x000002e67f7470a0, 0x000002e67f743c20, 0x000002e67f7442b0
}

Java Threads: ( => current thread )
  0x000002e6757de530 JavaThread "main"                              [_thread_blocked, id=13236, stack(0x000000fcece00000,0x000000fcecf00000) (1024K)]
  0x000002e67cbc44b0 JavaThread "Reference Handler"          daemon [_thread_blocked, id=14772, stack(0x000000fced200000,0x000000fced300000) (1024K)]
  0x000002e67cbc52c0 JavaThread "Finalizer"                  daemon [_thread_blocked, id=15164, stack(0x000000fced300000,0x000000fced400000) (1024K)]
  0x000002e67cbc79f0 JavaThread "Signal Dispatcher"          daemon [_thread_blocked, id=14360, stack(0x000000fced400000,0x000000fced500000) (1024K)]
  0x000002e67cbca9b0 JavaThread "Attach Listener"            daemon [_thread_blocked, id=14052, stack(0x000000fced500000,0x000000fced600000) (1024K)]
  0x000002e67cbc9fe0 JavaThread "Service Thread"             daemon [_thread_blocked, id=21076, stack(0x000000fced600000,0x000000fced700000) (1024K)]
  0x000002e67cbd0560 JavaThread "Monitor Deflation Thread"   daemon [_thread_blocked, id=11344, stack(0x000000fced700000,0x000000fced800000) (1024K)]
  0x000002e67cbd1740 JavaThread "C2 CompilerThread0"         daemon [_thread_in_native, id=22328, stack(0x000000fced800000,0x000000fced900000) (1024K)]
  0x000002e67cbe1530 JavaThread "C1 CompilerThread0"         daemon [_thread_in_native, id=20308, stack(0x000000fced900000,0x000000fceda00000) (1024K)]
  0x000002e67ccb6070 JavaThread "Common-Cleaner"             daemon [_thread_blocked, id=10980, stack(0x000000fceda00000,0x000000fcedb00000) (1024K)]
  0x000002e67ccddce0 JavaThread "C2 CompilerThread1"         daemon [_thread_in_native, id=6036, stack(0x000000fcedb00000,0x000000fcedc00000) (1024K)]
  0x000002e67cfca0b0 JavaThread "Notification Thread"        daemon [_thread_blocked, id=19468, stack(0x000000fcedc00000,0x000000fcedd00000) (1024K)]
  0x000002e67d3d1fb0 JavaThread "Active Thread: Equinox Container: acc3d2cb-6159-40a2-a836-0468cbe287f9"        [_thread_blocked, id=4572, stack(0x000000fcee400000,0x000000fcee500000) (1024K)]
  0x000002e67daef190 JavaThread "Refresh Thread: Equinox Container: acc3d2cb-6159-40a2-a836-0468cbe287f9" daemon [_thread_blocked, id=19108, stack(0x000000fcee500000,0x000000fcee600000) (1024K)]
  0x000002e67d838790 JavaThread "Framework Event Dispatcher: Equinox Container: acc3d2cb-6159-40a2-a836-0468cbe287f9" daemon [_thread_blocked, id=18916, stack(0x000000fcee700000,0x000000fcee800000) (1024K)]
  0x000002e67d83f0b0 JavaThread "Start Level: Equinox Container: acc3d2cb-6159-40a2-a836-0468cbe287f9" daemon [_thread_blocked, id=19284, stack(0x000000fcee800000,0x000000fcee900000) (1024K)]
  0x000002e67df28de0 JavaThread "Bundle File Closer"         daemon [_thread_blocked, id=16360, stack(0x000000fcee900000,0x000000fceea00000) (1024K)]
  0x000002e67e172090 JavaThread "SCR Component Actor"        daemon [_thread_blocked, id=18896, stack(0x000000fceec00000,0x000000fceed00000) (1024K)]
  0x000002e67e293470 JavaThread "SCR Component Registry"     daemon [_thread_blocked, id=19612, stack(0x000000fceed00000,0x000000fceee00000) (1024K)]
  0x000002e67dfead40 JavaThread "Worker-JM"                         [_thread_blocked, id=8660, stack(0x000000fceee00000,0x000000fceef00000) (1024K)]
  0x000002e67dfeba60 JavaThread "JNA Cleaner"                daemon [_thread_blocked, id=17832, stack(0x000000fceef00000,0x000000fcef000000) (1024K)]
  0x000002e67dfe9300 JavaThread "Worker-0"                          [_thread_blocked, id=19252, stack(0x000000fcef000000,0x000000fcef100000) (1024K)]
  0x000002e67dfe8c70 JavaThread "Worker-1"                          [_thread_blocked, id=19268, stack(0x000000fcef100000,0x000000fcef200000) (1024K)]
  0x000002e67dfe9990 JavaThread "Java indexing"              daemon [_thread_in_Java, id=3784, stack(0x000000fcedd00000,0x000000fcede00000) (1024K)]
=>0x000002e67e786010 JavaThread "C2 CompilerThread2"         daemon [_thread_in_native, id=10496, stack(0x000000fcef200000,0x000000fcef300000) (1024K)]
  0x000002e67dfea020 JavaThread "Worker-2: Java indexing... "        [_thread_blocked, id=18880, stack(0x000000fcef300000,0x000000fcef400000) (1024K)]
  0x000002e67dfec0f0 JavaThread "Worker-3"                          [_thread_blocked, id=19684, stack(0x000000fcef400000,0x000000fcef500000) (1024K)]
  0x000002e67dfea6b0 JavaThread "Thread-2"                   daemon [_thread_in_native, id=19332, stack(0x000000fcef500000,0x000000fcef600000) (1024K)]
  0x000002e67f7407a0 JavaThread "Thread-3"                   daemon [_thread_in_native, id=4784, stack(0x000000fcef600000,0x000000fcef700000) (1024K)]
  0x000002e67f740e30 JavaThread "Thread-4"                   daemon [_thread_in_native, id=11484, stack(0x000000fcef700000,0x000000fcef800000) (1024K)]
  0x000002e67f741b50 JavaThread "Thread-5"                   daemon [_thread_in_native, id=8916, stack(0x000000fcef800000,0x000000fcef900000) (1024K)]
  0x000002e67f7414c0 JavaThread "Thread-6"                   daemon [_thread_in_native, id=16732, stack(0x000000fcef900000,0x000000fcefa00000) (1024K)]
  0x000002e67f740110 JavaThread "Thread-7"                   daemon [_thread_in_native, id=18812, stack(0x000000fcefa00000,0x000000fcefb00000) (1024K)]
  0x000002e67f744fd0 JavaThread "Thread-8"                   daemon [_thread_in_native, id=17672, stack(0x000000fcefb00000,0x000000fcefc00000) (1024K)]
  0x000002e67f7421e0 JavaThread "Thread-9"                   daemon [_thread_in_native, id=19156, stack(0x000000fcefc00000,0x000000fcefd00000) (1024K)]
  0x000002e67f744940 JavaThread "Thread-10"                  daemon [_thread_in_native, id=10444, stack(0x000000fcefd00000,0x000000fcefe00000) (1024K)]
  0x000002e67f742870 JavaThread "Thread-11"                  daemon [_thread_in_native, id=18888, stack(0x000000fcefe00000,0x000000fceff00000) (1024K)]
  0x000002e67f742f00 JavaThread "Thread-12"                  daemon [_thread_in_native, id=19264, stack(0x000000fceff00000,0x000000fcf0000000) (1024K)]
  0x000002e67f743590 JavaThread "Thread-13"                  daemon [_thread_in_native, id=18872, stack(0x000000fcf0000000,0x000000fcf0100000) (1024K)]
  0x000002e67f746a10 JavaThread "Thread-14"                  daemon [_thread_in_native, id=8652, stack(0x000000fcf0100000,0x000000fcf0200000) (1024K)]
  0x000002e67f747730 JavaThread "pool-2-thread-1"                   [_thread_blocked, id=8668, stack(0x000000fcf0200000,0x000000fcf0300000) (1024K)]
  0x000002e67f7470a0 JavaThread "WorkspaceEventsHandler"            [_thread_blocked, id=19164, stack(0x000000fcf0300000,0x000000fcf0400000) (1024K)]
  0x000002e67f743c20 JavaThread "pool-1-thread-1"                   [_thread_in_native, id=15032, stack(0x000000fcf0400000,0x000000fcf0500000) (1024K)]
  0x000002e67f7442b0 JavaThread "Worker-4"                          [_thread_blocked, id=9552, stack(0x000000fcf0500000,0x000000fcf0600000) (1024K)]
Total: 44

Other Threads:
  0x000002e67abb5800 VMThread "VM Thread"                           [id=10744, stack(0x000000fced100000,0x000000fced200000) (1024K)]
  0x000002e675849af0 WatcherThread "VM Periodic Task Thread"        [id=9776, stack(0x000000fced000000,0x000000fced100000) (1024K)]
  0x000002e6757fcfe0 WorkerThread "GC Thread#0"                     [id=3344, stack(0x000000fcecf00000,0x000000fced000000) (1024K)]
  0x000002e67da3e6f0 WorkerThread "GC Thread#1"                     [id=4340, stack(0x000000fcede00000,0x000000fcedf00000) (1024K)]
  0x000002e67da3ea90 WorkerThread "GC Thread#2"                     [id=14576, stack(0x000000fcedf00000,0x000000fcee000000) (1024K)]
  0x000002e67d7cf0a0 WorkerThread "GC Thread#3"                     [id=15876, stack(0x000000fcee000000,0x000000fcee100000) (1024K)]
  0x000002e67d7cf440 WorkerThread "GC Thread#4"                     [id=19148, stack(0x000000fcee100000,0x000000fcee200000) (1024K)]
  0x000002e67d7cf7e0 WorkerThread "GC Thread#5"                     [id=18948, stack(0x000000fcee200000,0x000000fcee300000) (1024K)]
  0x000002e67d882e60 WorkerThread "GC Thread#6"                     [id=2740, stack(0x000000fcee300000,0x000000fcee400000) (1024K)]
  0x000002e67dab6620 WorkerThread "GC Thread#7"                     [id=19120, stack(0x000000fcee600000,0x000000fcee700000) (1024K)]
  0x000002e67e0779c0 WorkerThread "GC Thread#8"                     [id=19620, stack(0x000000fceea00000,0x000000fceeb00000) (1024K)]
  0x000002e67db833c0 WorkerThread "GC Thread#9"                     [id=19112, stack(0x000000fceeb00000,0x000000fceec00000) (1024K)]
Total: 12

Threads with active compile tasks:
C2 CompilerThread0  5182 5992 %     4       java.io.WinNTFileSystem::normalize @ 22 (143 bytes)
C1 CompilerThread0  5182 6148       3       org.eclipse.jdt.internal.compiler.util.CharDeduplication::sharedCopyOfRange (190 bytes)
C2 CompilerThread1  5182 5805       4       java.lang.invoke.MemberName::getMethodOrFieldType (72 bytes)
C2 CompilerThread2  5182 5759   !   4       org.eclipse.osgi.internal.loader.BundleLoader::findClass0 (491 bytes)
Total: 4

VM state: not at safepoint (normal execution)

VM Mutex/Monitor currently owned by a thread: None

Heap address: 0x00000000c0000000, size: 1024 MB, Compressed Oops mode: 32-bit

CDS archive(s) mapped at: [0x000002e60f000000-0x000002e60fba0000-0x000002e60fba0000), size 12189696, SharedBaseAddress: 0x000002e60f000000, ArchiveRelocationMode: 1.
Compressed class space mapped at: 0x000002e610000000-0x000002e650000000, reserved size: 1073741824
Narrow klass base: 0x000002e60f000000, Narrow klass shift: 0, Narrow klass range: 0x100000000

GC Precious Log:
 CardTable entry size: 512
 CPUs: 12 total, 12 available
 Memory: 5989M
 Large Page Support: Disabled
 NUMA Support: Disabled
 Compressed Oops: Enabled (32-bit)
 Alignments: Space 512K, Generation 512K, Heap 2M
 Heap Min Capacity: 100M
 Heap Initial Capacity: 100M
 Heap Max Capacity: 1G
 Pre-touch: Disabled
 Parallel Workers: 10

Heap:
 PSYoungGen      total 24576K, used 3806K [0x00000000eab00000, 0x00000000ec580000, 0x0000000100000000)
  eden space 22016K, 5% used [0x00000000eab00000,0x00000000eac3d4f8,0x00000000ec080000)
  from space 2560K, 99% used [0x00000000ec080000,0x00000000ec2fa330,0x00000000ec300000)
  to   space 1024K, 0% used [0x00000000ec480000,0x00000000ec480000,0x00000000ec580000)
 ParOldGen       total 68608K, used 23963K [0x00000000c0000000, 0x00000000c4300000, 0x00000000eab00000)
  object space 68608K, 34% used [0x00000000c0000000,0x00000000c1766ec8,0x00000000c4300000)
 Metaspace       used 45596K, committed 46656K, reserved 1114112K
  class space    used 4822K, committed 5248K, reserved 1048576K

Card table byte_map: [0x000002e675180000,0x000002e675390000] _byte_map_base: 0x000002e674b80000

Marking Bits: (ParMarkBitMap*) 0x00007ffa99eb3260
 Begin Bits: [0x000002e6789d0000, 0x000002e6799d0000)
 End Bits:   [0x000002e6799d0000, 0x000002e67a9d0000)

Polling page: 0x000002e6737c0000

Metaspace:

Usage:
  Non-class:     39.82 MB used.
      Class:      4.71 MB used.
       Both:     44.53 MB used.

Virtual space:
  Non-class space:       64.00 MB reserved,      40.44 MB ( 63%) committed,  1 nodes.
      Class space:        1.00 GB reserved,       5.12 MB ( <1%) committed,  1 nodes.
             Both:        1.06 GB reserved,      45.56 MB (  4%) committed. 

Chunk freelists:
   Non-Class:  7.55 MB
       Class:  10.83 MB
        Both:  18.38 MB

MaxMetaspaceSize: unlimited
CompressedClassSpaceSize: 1.00 GB
Initial GC threshold: 21.00 MB
Current GC threshold: 58.38 MB
CDS: on
 - commit_granule_bytes: 65536.
 - commit_granule_words: 8192.
 - virtual_space_node_default_size: 8388608.
 - enlarge_chunks_in_place: 1.
 - use_allocation_guard: 0.


Internal statistics:

num_allocs_failed_limit: 6.
num_arena_births: 752.
num_arena_deaths: 14.
num_vsnodes_births: 2.
num_vsnodes_deaths: 0.
num_space_committed: 729.
num_space_uncommitted: 0.
num_chunks_returned_to_freelist: 20.
num_chunks_taken_from_freelist: 2694.
num_chunk_merges: 12.
num_chunk_splits: 1734.
num_chunks_enlarged: 1071.
num_inconsistent_stats: 0.

CodeHeap 'non-profiled nmethods': size=120000Kb used=2856Kb max_used=2856Kb free=117143Kb
 bounds [0x000002e607ad0000, 0x000002e607da0000, 0x000002e60f000000]
CodeHeap 'profiled nmethods': size=120000Kb used=11343Kb max_used=11343Kb free=108656Kb
 bounds [0x000002e600000000, 0x000002e600b20000, 0x000002e607530000]
CodeHeap 'non-nmethods': size=5760Kb used=1371Kb max_used=1410Kb free=4388Kb
 bounds [0x000002e607530000, 0x000002e6077a0000, 0x000002e607ad0000]
 total_blobs=6217 nmethods=5545 adapters=578
 compilation: enabled
              stopped_count=0, restarted_count=0
 full_count=0

Compilation events (20 events):
Event: 5.148 Thread 0x000002e67cbe1530 6092       3       org.eclipse.jdt.core.compiler.CharOperation::lastIndexOf (24 bytes)
Event: 5.148 Thread 0x000002e67cbe1530 nmethod 6092 0x000002e600ae7990 code [0x000002e600ae7b40, 0x000002e600ae7d68]
Event: 5.148 Thread 0x000002e67cbe1530 6093       3       org.eclipse.jdt.internal.compiler.util.HashtableOfObject::get (56 bytes)
Event: 5.149 Thread 0x000002e67cbe1530 nmethod 6093 0x000002e600ae7e90 code [0x000002e600ae8080, 0x000002e600ae84b0]
Event: 5.149 Thread 0x000002e67cbe1530 6094       3       org.eclipse.jdt.internal.core.search.indexing.AbstractIndexer::addIndexEntry (10 bytes)
Event: 5.149 Thread 0x000002e67cbe1530 nmethod 6094 0x000002e600ae8710 code [0x000002e600ae8900, 0x000002e600ae8d50]
Event: 5.149 Thread 0x000002e67cbe1530 6095       3       org.eclipse.jdt.core.search.SearchDocument::addIndexEntry (21 bytes)
Event: 5.150 Thread 0x000002e67cbe1530 nmethod 6095 0x000002e600ae8f90 code [0x000002e600ae9160, 0x000002e600ae9498]
Event: 5.150 Thread 0x000002e67cbe1530 6100       3       jdk.internal.util.ArraysSupport::mismatch (72 bytes)
Event: 5.150 Thread 0x000002e67cbe1530 nmethod 6100 0x000002e600ae9690 code [0x000002e600ae9880, 0x000002e600ae9c70]
Event: 5.150 Thread 0x000002e67cbe1530 6096       3       org.eclipse.jdt.internal.core.index.Index::addIndexEntry (11 bytes)
Event: 5.151 Thread 0x000002e67cbe1530 nmethod 6096 0x000002e600ae9e90 code [0x000002e600aea040, 0x000002e600aea188]
Event: 5.151 Thread 0x000002e67cbe1530 6097       3       org.eclipse.jdt.internal.core.index.MemoryIndex::addIndexEntry (118 bytes)
Event: 5.151 Thread 0x000002e67cbe1530 nmethod 6097 0x000002e600aea290 code [0x000002e600aea4e0, 0x000002e600aeac28]
Event: 5.154 Thread 0x000002e67cbe1530 6101       3       com.google.gson.internal.LinkedTreeMap::get (19 bytes)
Event: 5.155 Thread 0x000002e67cbe1530 nmethod 6101 0x000002e600aeaf10 code [0x000002e600aeb0e0, 0x000002e600aeb378]
Event: 5.155 Thread 0x000002e67cbe1530 6102   !   3       com.google.gson.internal.LinkedTreeMap::findByObject (18 bytes)
Event: 5.155 Thread 0x000002e67cbe1530 nmethod 6102 0x000002e600aeb490 code [0x000002e600aeb660, 0x000002e600aeb860]
Event: 5.155 Thread 0x000002e67cbe1530 6103       3       org.eclipse.osgi.internal.framework.FilterImpl$Item::matches0 (15 bytes)
Event: 5.155 Thread 0x000002e67cbe1530 nmethod 6103 0x000002e600aeb910 code [0x000002e600aebac0, 0x000002e600aebce8]

GC Heap History (20 events):
Event: 2.955 GC heap before
{Heap before GC invocations=9 (full 1):
 PSYoungGen      total 29696K, used 25088K [0x00000000eab00000, 0x00000000ecd80000, 0x0000000100000000)
  eden space 25088K, 100% used [0x00000000eab00000,0x00000000ec380000,0x00000000ec380000)
  from space 4608K, 0% used [0x00000000ec480000,0x00000000ec480000,0x00000000ec900000)
  to   space 4608K, 0% used [0x00000000ec900000,0x00000000ec900000,0x00000000ecd80000)
 ParOldGen       total 68608K, used 12893K [0x00000000c0000000, 0x00000000c4300000, 0x00000000eab00000)
  object space 68608K, 18% used [0x00000000c0000000,0x00000000c0c975b8,0x00000000c4300000)
 Metaspace       used 23509K, committed 24320K, reserved 1114112K
  class space    used 2262K, committed 2624K, reserved 1048576K
}
Event: 2.956 GC heap after
{Heap after GC invocations=9 (full 1):
 PSYoungGen      total 25088K, used 256K [0x00000000eab00000, 0x00000000ec980000, 0x0000000100000000)
  eden space 24576K, 0% used [0x00000000eab00000,0x00000000eab00000,0x00000000ec300000)
  from space 512K, 50% used [0x00000000ec900000,0x00000000ec940000,0x00000000ec980000)
  to   space 2048K, 0% used [0x00000000ec580000,0x00000000ec580000,0x00000000ec780000)
 ParOldGen       total 68608K, used 12901K [0x00000000c0000000, 0x00000000c4300000, 0x00000000eab00000)
  object space 68608K, 18% used [0x00000000c0000000,0x00000000c0c995b8,0x00000000c4300000)
 Metaspace       used 23509K, committed 24320K, reserved 1114112K
  class space    used 2262K, committed 2624K, reserved 1048576K
}
Event: 3.109 GC heap before
{Heap before GC invocations=10 (full 1):
 PSYoungGen      total 25088K, used 24832K [0x00000000eab00000, 0x00000000ec980000, 0x0000000100000000)
  eden space 24576K, 100% used [0x00000000eab00000,0x00000000ec300000,0x00000000ec300000)
  from space 512K, 50% used [0x00000000ec900000,0x00000000ec940000,0x00000000ec980000)
  to   space 2048K, 0% used [0x00000000ec580000,0x00000000ec580000,0x00000000ec780000)
 ParOldGen       total 68608K, used 12901K [0x00000000c0000000, 0x00000000c4300000, 0x00000000eab00000)
  object space 68608K, 18% used [0x00000000c0000000,0x00000000c0c995b8,0x00000000c4300000)
 Metaspace       used 26134K, committed 27008K, reserved 1114112K
  class space    used 2468K, committed 2816K, reserved 1048576K
}
Event: 3.111 GC heap after
{Heap after GC invocations=10 (full 1):
 PSYoungGen      total 26112K, used 1435K [0x00000000eab00000, 0x00000000ec980000, 0x0000000100000000)
  eden space 24064K, 0% used [0x00000000eab00000,0x00000000eab00000,0x00000000ec280000)
  from space 2048K, 70% used [0x00000000ec580000,0x00000000ec6e6da0,0x00000000ec780000)
  to   space 2048K, 0% used [0x00000000ec780000,0x00000000ec780000,0x00000000ec980000)
 ParOldGen       total 68608K, used 13682K [0x00000000c0000000, 0x00000000c4300000, 0x00000000eab00000)
  object space 68608K, 19% used [0x00000000c0000000,0x00000000c0d5cac8,0x00000000c4300000)
 Metaspace       used 26134K, committed 27008K, reserved 1114112K
  class space    used 2468K, committed 2816K, reserved 1048576K
}
Event: 3.415 GC heap before
{Heap before GC invocations=11 (full 1):
 PSYoungGen      total 26112K, used 25499K [0x00000000eab00000, 0x00000000ec980000, 0x0000000100000000)
  eden space 24064K, 100% used [0x00000000eab00000,0x00000000ec280000,0x00000000ec280000)
  from space 2048K, 70% used [0x00000000ec580000,0x00000000ec6e6da0,0x00000000ec780000)
  to   space 2048K, 0% used [0x00000000ec780000,0x00000000ec780000,0x00000000ec980000)
 ParOldGen       total 68608K, used 13682K [0x00000000c0000000, 0x00000000c4300000, 0x00000000eab00000)
  object space 68608K, 19% used [0x00000000c0000000,0x00000000c0d5cac8,0x00000000c4300000)
 Metaspace       used 28907K, committed 29824K, reserved 1114112K
  class space    used 2735K, committed 3136K, reserved 1048576K
}
Event: 3.418 GC heap after
{Heap after GC invocations=11 (full 1):
 PSYoungGen      total 25600K, used 2025K [0x00000000eab00000, 0x00000000ec980000, 0x0000000100000000)
  eden space 23552K, 0% used [0x00000000eab00000,0x00000000eab00000,0x00000000ec200000)
  from space 2048K, 98% used [0x00000000ec780000,0x00000000ec97a7e0,0x00000000ec980000)
  to   space 3072K, 0% used [0x00000000ec380000,0x00000000ec380000,0x00000000ec680000)
 ParOldGen       total 68608K, used 14114K [0x00000000c0000000, 0x00000000c4300000, 0x00000000eab00000)
  object space 68608K, 20% used [0x00000000c0000000,0x00000000c0dc8ac8,0x00000000c4300000)
 Metaspace       used 28907K, committed 29824K, reserved 1114112K
  class space    used 2735K, committed 3136K, reserved 1048576K
}
Event: 3.570 GC heap before
{Heap before GC invocations=12 (full 1):
 PSYoungGen      total 25600K, used 25577K [0x00000000eab00000, 0x00000000ec980000, 0x0000000100000000)
  eden space 23552K, 100% used [0x00000000eab00000,0x00000000ec200000,0x00000000ec200000)
  from space 2048K, 98% used [0x00000000ec780000,0x00000000ec97a7e0,0x00000000ec980000)
  to   space 3072K, 0% used [0x00000000ec380000,0x00000000ec380000,0x00000000ec680000)
 ParOldGen       total 68608K, used 14114K [0x00000000c0000000, 0x00000000c4300000, 0x00000000eab00000)
  object space 68608K, 20% used [0x00000000c0000000,0x00000000c0dc8ac8,0x00000000c4300000)
 Metaspace       used 32015K, committed 33024K, reserved 1114112K
  class space    used 3108K, committed 3584K, reserved 1048576K
}
Event: 3.573 GC heap after
{Heap after GC invocations=12 (full 1):
 PSYoungGen      total 25088K, used 1862K [0x00000000eab00000, 0x00000000ec800000, 0x0000000100000000)
  eden space 23040K, 0% used [0x00000000eab00000,0x00000000eab00000,0x00000000ec180000)
  from space 2048K, 90% used [0x00000000ec380000,0x00000000ec551bf0,0x00000000ec580000)
  to   space 2560K, 0% used [0x00000000ec580000,0x00000000ec580000,0x00000000ec800000)
 ParOldGen       total 68608K, used 16120K [0x00000000c0000000, 0x00000000c4300000, 0x00000000eab00000)
  object space 68608K, 23% used [0x00000000c0000000,0x00000000c0fbe038,0x00000000c4300000)
 Metaspace       used 32015K, committed 33024K, reserved 1114112K
  class space    used 3108K, committed 3584K, reserved 1048576K
}
Event: 3.722 GC heap before
{Heap before GC invocations=13 (full 1):
 PSYoungGen      total 25088K, used 24736K [0x00000000eab00000, 0x00000000ec800000, 0x0000000100000000)
  eden space 23040K, 99% used [0x00000000eab00000,0x00000000ec1566b0,0x00000000ec180000)
  from space 2048K, 90% used [0x00000000ec380000,0x00000000ec551bf0,0x00000000ec580000)
  to   space 2560K, 0% used [0x00000000ec580000,0x00000000ec580000,0x00000000ec800000)
 ParOldGen       total 68608K, used 16120K [0x00000000c0000000, 0x00000000c4300000, 0x00000000eab00000)
  object space 68608K, 23% used [0x00000000c0000000,0x00000000c0fbe038,0x00000000c4300000)
 Metaspace       used 34869K, committed 35840K, reserved 1114112K
  class space    used 3497K, committed 3904K, reserved 1048576K
}
Event: 3.724 GC heap after
{Heap after GC invocations=13 (full 1):
 PSYoungGen      total 24576K, used 1504K [0x00000000eab00000, 0x00000000ec700000, 0x0000000100000000)
  eden space 23040K, 0% used [0x00000000eab00000,0x00000000eab00000,0x00000000ec180000)
  from space 1536K, 97% used [0x00000000ec580000,0x00000000ec6f8000,0x00000000ec700000)
  to   space 2048K, 0% used [0x00000000ec300000,0x00000000ec300000,0x00000000ec500000)
 ParOldGen       total 68608K, used 17563K [0x00000000c0000000, 0x00000000c4300000, 0x00000000eab00000)
  object space 68608K, 25% used [0x00000000c0000000,0x00000000c1126d60,0x00000000c4300000)
 Metaspace       used 34869K, committed 35840K, reserved 1114112K
  class space    used 3497K, committed 3904K, reserved 1048576K
}
Event: 3.724 GC heap before
{Heap before GC invocations=14 (full 2):
 PSYoungGen      total 24576K, used 1504K [0x00000000eab00000, 0x00000000ec700000, 0x0000000100000000)
  eden space 23040K, 0% used [0x00000000eab00000,0x00000000eab00000,0x00000000ec180000)
  from space 1536K, 97% used [0x00000000ec580000,0x00000000ec6f8000,0x00000000ec700000)
  to   space 2048K, 0% used [0x00000000ec300000,0x00000000ec300000,0x00000000ec500000)
 ParOldGen       total 68608K, used 17563K [0x00000000c0000000, 0x00000000c4300000, 0x00000000eab00000)
  object space 68608K, 25% used [0x00000000c0000000,0x00000000c1126d60,0x00000000c4300000)
 Metaspace       used 34869K, committed 35840K, reserved 1114112K
  class space    used 3497K, committed 3904K, reserved 1048576K
}
Event: 3.751 GC heap after
{Heap after GC invocations=14 (full 2):
 PSYoungGen      total 24576K, used 0K [0x00000000eab00000, 0x00000000ec700000, 0x0000000100000000)
  eden space 23040K, 0% used [0x00000000eab00000,0x00000000eab00000,0x00000000ec180000)
  from space 1536K, 0% used [0x00000000ec580000,0x00000000ec580000,0x00000000ec700000)
  to   space 2048K, 0% used [0x00000000ec300000,0x00000000ec300000,0x00000000ec500000)
 ParOldGen       total 68608K, used 18322K [0x00000000c0000000, 0x00000000c4300000, 0x00000000eab00000)
  object space 68608K, 26% used [0x00000000c0000000,0x00000000c11e4a60,0x00000000c4300000)
 Metaspace       used 34869K, committed 35840K, reserved 1114112K
  class space    used 3497K, committed 3904K, reserved 1048576K
}
Event: 3.908 GC heap before
{Heap before GC invocations=15 (full 2):
 PSYoungGen      total 24576K, used 23040K [0x00000000eab00000, 0x00000000ec700000, 0x0000000100000000)
  eden space 23040K, 100% used [0x00000000eab00000,0x00000000ec180000,0x00000000ec180000)
  from space 1536K, 0% used [0x00000000ec580000,0x00000000ec580000,0x00000000ec700000)
  to   space 2048K, 0% used [0x00000000ec300000,0x00000000ec300000,0x00000000ec500000)
 ParOldGen       total 68608K, used 18322K [0x00000000c0000000, 0x00000000c4300000, 0x00000000eab00000)
  object space 68608K, 26% used [0x00000000c0000000,0x00000000c11e4a60,0x00000000c4300000)
 Metaspace       used 36140K, committed 37184K, reserved 1114112K
  class space    used 3669K, committed 4096K, reserved 1048576K
}
Event: 3.910 GC heap after
{Heap after GC invocations=15 (full 2):
 PSYoungGen      total 24576K, used 1805K [0x00000000eab00000, 0x00000000ec600000, 0x0000000100000000)
  eden space 22528K, 0% used [0x00000000eab00000,0x00000000eab00000,0x00000000ec100000)
  from space 2048K, 88% used [0x00000000ec300000,0x00000000ec4c3780,0x00000000ec500000)
  to   space 1024K, 0% used [0x00000000ec500000,0x00000000ec500000,0x00000000ec600000)
 ParOldGen       total 68608K, used 18330K [0x00000000c0000000, 0x00000000c4300000, 0x00000000eab00000)
  object space 68608K, 26% used [0x00000000c0000000,0x00000000c11e6a60,0x00000000c4300000)
 Metaspace       used 36140K, committed 37184K, reserved 1114112K
  class space    used 3669K, committed 4096K, reserved 1048576K
}
Event: 4.214 GC heap before
{Heap before GC invocations=16 (full 2):
 PSYoungGen      total 24576K, used 24333K [0x00000000eab00000, 0x00000000ec600000, 0x0000000100000000)
  eden space 22528K, 100% used [0x00000000eab00000,0x00000000ec100000,0x00000000ec100000)
  from space 2048K, 88% used [0x00000000ec300000,0x00000000ec4c3780,0x00000000ec500000)
  to   space 1024K, 0% used [0x00000000ec500000,0x00000000ec500000,0x00000000ec600000)
 ParOldGen       total 68608K, used 18330K [0x00000000c0000000, 0x00000000c4300000, 0x00000000eab00000)
  object space 68608K, 26% used [0x00000000c0000000,0x00000000c11e6a60,0x00000000c4300000)
 Metaspace       used 37930K, committed 38976K, reserved 1114112K
  class space    used 3896K, committed 4352K, reserved 1048576K
}
Event: 4.217 GC heap after
{Heap after GC invocations=16 (full 2):
 PSYoungGen      total 23040K, used 768K [0x00000000eab00000, 0x00000000ec600000, 0x0000000100000000)
  eden space 22016K, 0% used [0x00000000eab00000,0x00000000eab00000,0x00000000ec080000)
  from space 1024K, 75% used [0x00000000ec500000,0x00000000ec5c0000,0x00000000ec600000)
  to   space 1536K, 0% used [0x00000000ec300000,0x00000000ec300000,0x00000000ec480000)
 ParOldGen       total 68608K, used 19786K [0x00000000c0000000, 0x00000000c4300000, 0x00000000eab00000)
  object space 68608K, 28% used [0x00000000c0000000,0x00000000c1352b80,0x00000000c4300000)
 Metaspace       used 37930K, committed 38976K, reserved 1114112K
  class space    used 3896K, committed 4352K, reserved 1048576K
}
Event: 4.556 GC heap before
{Heap before GC invocations=17 (full 2):
 PSYoungGen      total 23040K, used 22784K [0x00000000eab00000, 0x00000000ec600000, 0x0000000100000000)
  eden space 22016K, 100% used [0x00000000eab00000,0x00000000ec080000,0x00000000ec080000)
  from space 1024K, 75% used [0x00000000ec500000,0x00000000ec5c0000,0x00000000ec600000)
  to   space 1536K, 0% used [0x00000000ec300000,0x00000000ec300000,0x00000000ec480000)
 ParOldGen       total 68608K, used 19786K [0x00000000c0000000, 0x00000000c4300000, 0x00000000eab00000)
  object space 68608K, 28% used [0x00000000c0000000,0x00000000c1352b80,0x00000000c4300000)
 Metaspace       used 40516K, committed 41600K, reserved 1114112K
  class space    used 4219K, committed 4672K, reserved 1048576K
}
Event: 4.557 GC heap after
{Heap after GC invocations=17 (full 2):
 PSYoungGen      total 23552K, used 1216K [0x00000000eab00000, 0x00000000ec580000, 0x0000000100000000)
  eden space 22016K, 0% used [0x00000000eab00000,0x00000000eab00000,0x00000000ec080000)
  from space 1536K, 79% used [0x00000000ec300000,0x00000000ec430000,0x00000000ec480000)
  to   space 1024K, 0% used [0x00000000ec480000,0x00000000ec480000,0x00000000ec580000)
 ParOldGen       total 68608K, used 20346K [0x00000000c0000000, 0x00000000c4300000, 0x00000000eab00000)
  object space 68608K, 29% used [0x00000000c0000000,0x00000000c13deb80,0x00000000c4300000)
 Metaspace       used 40516K, committed 41600K, reserved 1114112K
  class space    used 4219K, committed 4672K, reserved 1048576K
}
Event: 4.958 GC heap before
{Heap before GC invocations=18 (full 2):
 PSYoungGen      total 23552K, used 23232K [0x00000000eab00000, 0x00000000ec580000, 0x0000000100000000)
  eden space 22016K, 100% used [0x00000000eab00000,0x00000000ec080000,0x00000000ec080000)
  from space 1536K, 79% used [0x00000000ec300000,0x00000000ec430000,0x00000000ec480000)
  to   space 1024K, 0% used [0x00000000ec480000,0x00000000ec480000,0x00000000ec580000)
 ParOldGen       total 68608K, used 20346K [0x00000000c0000000, 0x00000000c4300000, 0x00000000eab00000)
  object space 68608K, 29% used [0x00000000c0000000,0x00000000c13deb80,0x00000000c4300000)
 Metaspace       used 43060K, committed 44160K, reserved 1114112K
  class space    used 4555K, committed 4992K, reserved 1048576K
}
Event: 4.961 GC heap after
{Heap after GC invocations=18 (full 2):
 PSYoungGen      total 23040K, used 1024K [0x00000000eab00000, 0x00000000ec580000, 0x0000000100000000)
  eden space 22016K, 0% used [0x00000000eab00000,0x00000000eab00000,0x00000000ec080000)
  from space 1024K, 100% used [0x00000000ec480000,0x00000000ec580000,0x00000000ec580000)
  to   space 2560K, 0% used [0x00000000ec080000,0x00000000ec080000,0x00000000ec300000)
 ParOldGen       total 68608K, used 21658K [0x00000000c0000000, 0x00000000c4300000, 0x00000000eab00000)
  object space 68608K, 31% used [0x00000000c0000000,0x00000000c15268a0,0x00000000c4300000)
 Metaspace       used 43060K, committed 44160K, reserved 1114112K
  class space    used 4555K, committed 4992K, reserved 1048576K
}

Dll operation events (10 events):
Event: 0.009 Loaded shared library c:\Users\Sathishkumar\.vscode\extensions\redhat.java-1.41.1-win32-x64\jre\21.0.6-win32-x86_64\bin\java.dll
Event: 0.065 Loaded shared library c:\Users\Sathishkumar\.vscode\extensions\redhat.java-1.41.1-win32-x64\jre\21.0.6-win32-x86_64\bin\zip.dll
Event: 0.083 Loaded shared library C:\Users\Sathishkumar\.vscode\extensions\redhat.java-1.41.1-win32-x64\jre\21.0.6-win32-x86_64\bin\instrument.dll
Event: 0.087 Loaded shared library C:\Users\Sathishkumar\.vscode\extensions\redhat.java-1.41.1-win32-x64\jre\21.0.6-win32-x86_64\bin\net.dll
Event: 0.089 Loaded shared library C:\Users\Sathishkumar\.vscode\extensions\redhat.java-1.41.1-win32-x64\jre\21.0.6-win32-x86_64\bin\nio.dll
Event: 0.091 Loaded shared library C:\Users\Sathishkumar\.vscode\extensions\redhat.java-1.41.1-win32-x64\jre\21.0.6-win32-x86_64\bin\zip.dll
Event: 0.105 Loaded shared library C:\Users\Sathishkumar\.vscode\extensions\redhat.java-1.41.1-win32-x64\jre\21.0.6-win32-x86_64\bin\jimage.dll
Event: 0.172 Loaded shared library c:\Users\Sathishkumar\.vscode\extensions\redhat.java-1.41.1-win32-x64\jre\21.0.6-win32-x86_64\bin\verify.dll
Event: 1.181 Loaded shared library C:\Users\Sathishkumar\AppData\Roaming\Code\User\globalStorage\redhat.java\1.41.1\config_win\org.eclipse.equinox.launcher\org.eclipse.equinox.launcher.win32.win32.x86_64_1.2.1300.v20250331-1702\eclipse_11911.dll
Event: 2.298 Loaded shared library C:\Users\Sathishkumar\AppData\Local\Temp\jna--324050600\jna12511864355721200624.dll

Deoptimization events (20 events):
Event: 4.984 Thread 0x000002e67dfea020 DEOPT PACKING pc=0x000002e607b15900 sp=0x000000fcef3feaa0
Event: 4.984 Thread 0x000002e67dfea020 DEOPT UNPACKING pc=0x000002e607583aa2 sp=0x000000fcef3fe938 mode 2
Event: 4.994 Thread 0x000002e67dfe9300 Uncommon trap: trap_request=0xffffff45 fr.pc=0x000002e607d004b4 relative=0x00000000000023b4
Event: 4.994 Thread 0x000002e67dfe9300 Uncommon trap: reason=unstable_if action=reinterpret pc=0x000002e607d004b4 method=sun.nio.cs.StreamDecoder.lockedRead([CII)I @ 165 c2
Event: 4.994 Thread 0x000002e67dfe9300 DEOPT PACKING pc=0x000002e607d004b4 sp=0x000000fcef0fdff0
Event: 4.994 Thread 0x000002e67dfe9300 DEOPT UNPACKING pc=0x000002e607583aa2 sp=0x000000fcef0fdf50 mode 2
Event: 4.994 Thread 0x000002e67dfe9300 Uncommon trap: trap_request=0xffffff45 fr.pc=0x000002e607af726c relative=0x000000000000010c
Event: 4.994 Thread 0x000002e67dfe9300 Uncommon trap: reason=unstable_if action=reinterpret pc=0x000002e607af726c method=sun.nio.cs.StreamDecoder.lockedRead([CII)I @ 165 c2
Event: 4.994 Thread 0x000002e67dfe9300 DEOPT PACKING pc=0x000002e607af726c sp=0x000000fcef0fdfa0
Event: 4.994 Thread 0x000002e67dfe9300 DEOPT UNPACKING pc=0x000002e607583aa2 sp=0x000000fcef0fdf50 mode 2
Event: 5.002 Thread 0x000002e67dfe9300 Uncommon trap: trap_request=0xffffff45 fr.pc=0x000002e607c5bb08 relative=0x0000000000001ba8
Event: 5.002 Thread 0x000002e67dfe9300 Uncommon trap: reason=unstable_if action=reinterpret pc=0x000002e607c5bb08 method=sun.nio.fs.WindowsPathParser.nextNonSlash(Ljava/lang/String;II)I @ 2 c2
Event: 5.002 Thread 0x000002e67dfe9300 DEOPT PACKING pc=0x000002e607c5bb08 sp=0x000000fcef0fde30
Event: 5.002 Thread 0x000002e67dfe9300 DEOPT UNPACKING pc=0x000002e607583aa2 sp=0x000000fcef0fddc0 mode 2
Event: 5.050 Thread 0x000002e67dfe9300 DEOPT PACKING pc=0x000002e600947c55 sp=0x000000fcef0fc940
Event: 5.050 Thread 0x000002e67dfe9300 DEOPT UNPACKING pc=0x000002e607584242 sp=0x000000fcef0fbe48 mode 0
Event: 5.112 Thread 0x000002e67dfe9990 DEOPT PACKING pc=0x000002e600947c55 sp=0x000000fceddfc550
Event: 5.112 Thread 0x000002e67dfe9990 DEOPT UNPACKING pc=0x000002e607584242 sp=0x000000fceddfba58 mode 0
Event: 5.141 Thread 0x000002e67dfe9990 DEOPT PACKING pc=0x000002e600947c55 sp=0x000000fceddf9de0
Event: 5.141 Thread 0x000002e67dfe9990 DEOPT UNPACKING pc=0x000002e607584242 sp=0x000000fceddf92e8 mode 0

Classes loaded (20 events):
Event: 5.016 Loading class sun/net/www/protocol/https/Handler
Event: 5.016 Loading class sun/net/www/protocol/http/Handler
Event: 5.017 Loading class sun/net/www/protocol/http/Handler done
Event: 5.017 Loading class sun/net/www/protocol/https/Handler done
Event: 5.046 Loading class sun/nio/cs/ThreadLocalCoders
Event: 5.046 Loading class sun/nio/cs/ThreadLocalCoders done
Event: 5.046 Loading class sun/nio/cs/ThreadLocalCoders$1
Event: 5.046 Loading class sun/nio/cs/ThreadLocalCoders$Cache
Event: 5.046 Loading class sun/nio/cs/ThreadLocalCoders$Cache done
Event: 5.046 Loading class sun/nio/cs/ThreadLocalCoders$1 done
Event: 5.046 Loading class sun/nio/cs/ThreadLocalCoders$2
Event: 5.046 Loading class sun/nio/cs/ThreadLocalCoders$2 done
Event: 5.052 Loading class java/io/UTFDataFormatException
Event: 5.052 Loading class java/io/UTFDataFormatException done
Event: 5.056 Loading class java/util/zip/ZipError
Event: 5.056 Loading class java/util/zip/ZipError done
Event: 5.088 Loading class sun/nio/fs/WindowsFileCopy
Event: 5.088 Loading class sun/nio/fs/WindowsFileCopy done
Event: 5.103 Loading class java/util/WeakHashMap$KeyIterator
Event: 5.103 Loading class java/util/WeakHashMap$KeyIterator done

Classes unloaded (7 events):
Event: 2.775 Thread 0x000002e67abb5800 Unloading class 0x000002e610198c00 'java/lang/invoke/LambdaForm$MH+0x000002e610198c00'
Event: 2.775 Thread 0x000002e67abb5800 Unloading class 0x000002e610198800 'java/lang/invoke/LambdaForm$MH+0x000002e610198800'
Event: 2.775 Thread 0x000002e67abb5800 Unloading class 0x000002e610198400 'java/lang/invoke/LambdaForm$MH+0x000002e610198400'
Event: 2.775 Thread 0x000002e67abb5800 Unloading class 0x000002e610198000 'java/lang/invoke/LambdaForm$MH+0x000002e610198000'
Event: 2.775 Thread 0x000002e67abb5800 Unloading class 0x000002e610197c00 'java/lang/invoke/LambdaForm$BMH+0x000002e610197c00'
Event: 2.775 Thread 0x000002e67abb5800 Unloading class 0x000002e610197800 'java/lang/invoke/LambdaForm$DMH+0x000002e610197800'
Event: 2.775 Thread 0x000002e67abb5800 Unloading class 0x000002e610196400 'java/lang/invoke/LambdaForm$DMH+0x000002e610196400'

Classes redefined (0 events):
No events

Internal exceptions (20 events):
Event: 5.032 Thread 0x000002e67dfe9300 Exception <a 'sun/nio/fs/WindowsException'{0x00000000eaf670d8}> (0x00000000eaf670d8) 
thrown [s\src\hotspot\share\prims\jni.cpp, line 520]
Event: 5.032 Thread 0x000002e67dfe9300 Exception <a 'sun/nio/fs/WindowsException'{0x00000000eaf67c40}> (0x00000000eaf67c40) 
thrown [s\src\hotspot\share\prims\jni.cpp, line 520]
Event: 5.032 Thread 0x000002e67dfe9300 Exception <a 'sun/nio/fs/WindowsException'{0x00000000eaf68270}> (0x00000000eaf68270) 
thrown [s\src\hotspot\share\prims\jni.cpp, line 520]
Event: 5.032 Thread 0x000002e67dfe9300 Exception <a 'sun/nio/fs/WindowsException'{0x00000000eaf68e38}> (0x00000000eaf68e38) 
thrown [s\src\hotspot\share\prims\jni.cpp, line 520]
Event: 5.032 Thread 0x000002e67dfe9300 Exception <a 'sun/nio/fs/WindowsException'{0x00000000eaf69468}> (0x00000000eaf69468) 
thrown [s\src\hotspot\share\prims\jni.cpp, line 520]
Event: 5.033 Thread 0x000002e67dfe9300 Exception <a 'sun/nio/fs/WindowsException'{0x00000000eaf6abb0}> (0x00000000eaf6abb0) 
thrown [s\src\hotspot\share\prims\jni.cpp, line 520]
Event: 5.033 Thread 0x000002e67dfe9300 Exception <a 'sun/nio/fs/WindowsException'{0x00000000eaf6b1e0}> (0x00000000eaf6b1e0) 
thrown [s\src\hotspot\share\prims\jni.cpp, line 520]
Event: 5.035 Thread 0x000002e67dfe9300 Exception <a 'java/lang/NoSuchMethodError'{0x00000000eaf81e68}: 'void java.lang.invoke.DirectMethodHandle$Holder.invokeVirtual(java.lang.Object, java.lang.Object, java.lang.Object, java.lang.Object)'> (0x00000000eaf81e68) 
thrown [s\src\hotspot\share\interpreter\linkResolver.cpp, line 773]
Event: 5.045 Thread 0x000002e67dfe9300 Exception <a 'java/io/FileNotFoundException'{0x00000000eaff2518}> (0x00000000eaff2518) 
thrown [s\src\hotspot\share\prims\jni.cpp, line 520]
Event: 5.047 Thread 0x000002e67dfe9300 Exception <a 'sun/nio/fs/WindowsException'{0x00000000eb010760}> (0x00000000eb010760) 
thrown [s\src\hotspot\share\prims\jni.cpp, line 520]
Event: 5.074 Thread 0x000002e67dfe9990 Exception <a 'java/io/FileNotFoundException'{0x00000000eb20fb08}> (0x00000000eb20fb08) 
thrown [s\src\hotspot\share\prims\jni.cpp, line 520]
Event: 5.074 Thread 0x000002e67dfe9990 Exception <a 'java/io/FileNotFoundException'{0x00000000eb210db0}> (0x00000000eb210db0) 
thrown [s\src\hotspot\share\prims\jni.cpp, line 520]
Event: 5.076 Thread 0x000002e67dfe9990 Exception <a 'java/lang/NoSuchMethodError'{0x00000000eb237db8}: 'java.lang.Object java.lang.invoke.DirectMethodHandle$Holder.newInvokeSpecial(java.lang.Object, java.lang.Object, java.lang.Object, int)'> (0x00000000eb237db8) 
thrown [s\src\hotspot\share\interpreter\linkResolver.cpp, line 773]
Event: 5.076 Thread 0x000002e67dfe9990 Exception <a 'java/lang/NoSuchMethodError'{0x00000000eb2421a0}: 'java.lang.Object java.lang.invoke.DirectMethodHandle$Holder.invokeSpecial(java.lang.Object, java.lang.Object, java.lang.Object, java.lang.Object, int)'> (0x00000000eb2421a0) 
thrown [s\src\hotspot\share\interpreter\linkResolver.cpp, line 773]
Event: 5.076 Thread 0x000002e67dfe9990 Exception <a 'java/lang/NoSuchMethodError'{0x00000000eb245648}: 'java.lang.Object java.lang.invoke.Invokers$Holder.linkToTargetMethod(java.lang.Object, java.lang.Object, int, java.lang.Object)'> (0x00000000eb245648) 
thrown [s\src\hotspot\share\interpreter\linkResolver.cpp, line 773]
Event: 5.089 Thread 0x000002e67dfe9990 Exception <a 'sun/nio/fs/WindowsException'{0x00000000eb3ee5d0}> (0x00000000eb3ee5d0) 
thrown [s\src\hotspot\share\prims\jni.cpp, line 520]
Event: 5.105 Thread 0x000002e67dfe9300 Exception <a 'java/io/FileNotFoundException'{0x00000000eb7e0828}> (0x00000000eb7e0828) 
thrown [s\src\hotspot\share\prims\jni.cpp, line 520]
Event: 5.105 Thread 0x000002e67dfe9300 Exception <a 'java/io/FileNotFoundException'{0x00000000eb7e1ab0}> (0x00000000eb7e1ab0) 
thrown [s\src\hotspot\share\prims\jni.cpp, line 520]
Event: 5.105 Thread 0x000002e67dfe9300 Exception <a 'java/io/FileNotFoundException'{0x00000000eb7e2aa0}> (0x00000000eb7e2aa0) 
thrown [s\src\hotspot\share\prims\jni.cpp, line 520]
Event: 5.146 Thread 0x000002e67f743c20 Exception <a 'java/io/FileNotFoundException'{0x00000000ebd90590}> (0x00000000ebd90590) 
thrown [s\src\hotspot\share\prims\jni.cpp, line 520]

ZGC Phase Switch (0 events):
No events

VM Operations (20 events):
Event: 4.214 Executing VM operation: ParallelGCFailedAllocation (Allocation Failure)
Event: 4.217 Executing VM operation: ParallelGCFailedAllocation (Allocation Failure) done
Event: 4.225 Executing VM operation: HandshakeAllThreads (Deoptimize)
Event: 4.226 Executing VM operation: HandshakeAllThreads (Deoptimize) done
Event: 4.419 Executing VM operation: HandshakeAllThreads (Deoptimize)
Event: 4.419 Executing VM operation: HandshakeAllThreads (Deoptimize) done
Event: 4.556 Executing VM operation: ParallelGCFailedAllocation (Allocation Failure)
Event: 4.557 Executing VM operation: ParallelGCFailedAllocation (Allocation Failure) done
Event: 4.619 Executing VM operation: HandshakeAllThreads (Deoptimize)
Event: 4.619 Executing VM operation: HandshakeAllThreads (Deoptimize) done
Event: 4.871 Executing VM operation: ICBufferFull
Event: 4.871 Executing VM operation: ICBufferFull done
Event: 4.885 Executing VM operation: HandshakeAllThreads (Deoptimize)
Event: 4.886 Executing VM operation: HandshakeAllThreads (Deoptimize) done
Event: 4.887 Executing VM operation: HandshakeAllThreads (Deoptimize)
Event: 4.887 Executing VM operation: HandshakeAllThreads (Deoptimize) done
Event: 4.958 Executing VM operation: ParallelGCFailedAllocation (Allocation Failure)
Event: 4.961 Executing VM operation: ParallelGCFailedAllocation (Allocation Failure) done
Event: 5.137 Executing VM operation: HandshakeAllThreads (Deoptimize)
Event: 5.138 Executing VM operation: HandshakeAllThreads (Deoptimize) done

Memory protections (0 events):
No events

Nmethod flushes (20 events):
Event: 3.739 Thread 0x000002e67abb5800 flushing  nmethod 0x000002e60066cc10
Event: 3.739 Thread 0x000002e67abb5800 flushing  nmethod 0x000002e60066d410
Event: 3.739 Thread 0x000002e67abb5800 flushing  nmethod 0x000002e60066db90
Event: 3.739 Thread 0x000002e67abb5800 flushing  nmethod 0x000002e60066f110
Event: 3.739 Thread 0x000002e67abb5800 flushing  nmethod 0x000002e60066f610
Event: 3.739 Thread 0x000002e67abb5800 flushing  nmethod 0x000002e60066fb10
Event: 3.739 Thread 0x000002e67abb5800 flushing  nmethod 0x000002e600671010
Event: 3.739 Thread 0x000002e67abb5800 flushing  nmethod 0x000002e600671c90
Event: 3.739 Thread 0x000002e67abb5800 flushing  nmethod 0x000002e60067b810
Event: 3.739 Thread 0x000002e67abb5800 flushing  nmethod 0x000002e60067bd10
Event: 3.739 Thread 0x000002e67abb5800 flushing  nmethod 0x000002e60067ce10
Event: 3.739 Thread 0x000002e67abb5800 flushing  nmethod 0x000002e60067d390
Event: 3.739 Thread 0x000002e67abb5800 flushing  nmethod 0x000002e60067d790
Event: 3.739 Thread 0x000002e67abb5800 flushing  nmethod 0x000002e60068ce10
Event: 3.739 Thread 0x000002e67abb5800 flushing  nmethod 0x000002e60069dc90
Event: 3.739 Thread 0x000002e67abb5800 flushing  nmethod 0x000002e6006a0d90
Event: 3.739 Thread 0x000002e67abb5800 flushing  nmethod 0x000002e6006b8690
Event: 3.739 Thread 0x000002e67abb5800 flushing  nmethod 0x000002e6006f3110
Event: 3.739 Thread 0x000002e67abb5800 flushing  nmethod 0x000002e600739b10
Event: 3.739 Thread 0x000002e67abb5800 flushing  nmethod 0x000002e60075e310

Events (20 events):
Event: 3.348 Thread 0x000002e67cbe1530 Thread added: 0x000002e67e786010
Event: 3.479 Thread 0x000002e67dfe8c70 Thread added: 0x000002e67dfea020
Event: 3.513 Thread 0x000002e67dfea020 Thread added: 0x000002e67dfec0f0
Event: 3.531 Thread 0x000002e6757de530 Thread added: 0x000002e67dfea6b0
Event: 3.531 Thread 0x000002e6757de530 Thread added: 0x000002e67f7407a0
Event: 3.531 Thread 0x000002e6757de530 Thread added: 0x000002e67f740e30
Event: 3.531 Thread 0x000002e6757de530 Thread added: 0x000002e67f741b50
Event: 3.531 Thread 0x000002e6757de530 Thread added: 0x000002e67f7414c0
Event: 3.532 Thread 0x000002e6757de530 Thread added: 0x000002e67f740110
Event: 3.532 Thread 0x000002e6757de530 Thread added: 0x000002e67f744fd0
Event: 3.532 Thread 0x000002e6757de530 Thread added: 0x000002e67f7421e0
Event: 3.532 Thread 0x000002e6757de530 Thread added: 0x000002e67f744940
Event: 3.532 Thread 0x000002e6757de530 Thread added: 0x000002e67f742870
Event: 3.532 Thread 0x000002e6757de530 Thread added: 0x000002e67f742f00
Event: 3.532 Thread 0x000002e6757de530 Thread added: 0x000002e67f743590
Event: 3.532 Thread 0x000002e6757de530 Thread added: 0x000002e67f746a10
Event: 3.556 Thread 0x000002e6757de530 Thread added: 0x000002e67f747730
Event: 3.696 Thread 0x000002e6757de530 Thread added: 0x000002e67f7470a0
Event: 3.696 Thread 0x000002e6757de530 Thread added: 0x000002e67f743c20
Event: 3.752 Thread 0x000002e67dfea020 Thread added: 0x000002e67f7442b0


Dynamic libraries:
0x00007ff6d7eb0000 - 0x00007ff6d7ebe000 	c:\Users\Sathishkumar\.vscode\extensions\redhat.java-1.41.1-win32-x64\jre\21.0.6-win32-x86_64\bin\java.exe
0x00007ffaf81f0000 - 0x00007ffaf8407000 	C:\WINDOWS\SYSTEM32\ntdll.dll
0x00007ffaf7040000 - 0x00007ffaf7104000 	C:\WINDOWS\System32\KERNEL32.DLL
0x00007ffaf57e0000 - 0x00007ffaf5bb3000 	C:\WINDOWS\System32\KERNELBASE.dll
0x00007ffaf54d0000 - 0x00007ffaf55e1000 	C:\WINDOWS\System32\ucrtbase.dll
0x00007ffaccda0000 - 0x00007ffaccdbe000 	c:\Users\Sathishkumar\.vscode\extensions\redhat.java-1.41.1-win32-x64\jre\21.0.6-win32-x86_64\bin\VCRUNTIME140.dll
0x00007ffaca560000 - 0x00007ffaca578000 	c:\Users\Sathishkumar\.vscode\extensions\redhat.java-1.41.1-win32-x64\jre\21.0.6-win32-x86_64\bin\jli.dll
0x00007ffaf62a0000 - 0x00007ffaf6451000 	C:\WINDOWS\System32\USER32.dll
0x00007ffaf5300000 - 0x00007ffaf5326000 	C:\WINDOWS\System32\win32u.dll
0x00007ffad99e0000 - 0x00007ffad9c78000 	C:\WINDOWS\WinSxS\amd64_microsoft.windows.common-controls_6595b64144ccf1df_6.0.22621.5124_none_270e8f4f7386d69d\COMCTL32.dll
0x00007ffaf6f10000 - 0x00007ffaf6f39000 	C:\WINDOWS\System32\GDI32.dll
0x00007ffaf6d00000 - 0x00007ffaf6da7000 	C:\WINDOWS\System32\msvcrt.dll
0x00007ffaf5330000 - 0x00007ffaf544b000 	C:\WINDOWS\System32\gdi32full.dll
0x00007ffaf5d30000 - 0x00007ffaf5dca000 	C:\WINDOWS\System32\msvcp_win.dll
0x00007ffaf7a80000 - 0x00007ffaf7ab1000 	C:\WINDOWS\System32\IMM32.DLL
0x00007ffacd120000 - 0x00007ffacd12c000 	c:\Users\Sathishkumar\.vscode\extensions\redhat.java-1.41.1-win32-x64\jre\21.0.6-win32-x86_64\bin\vcruntime140_1.dll
0x00007ffab2300000 - 0x00007ffab238d000 	c:\Users\Sathishkumar\.vscode\extensions\redhat.java-1.41.1-win32-x64\jre\21.0.6-win32-x86_64\bin\msvcp140.dll
0x00007ffa99200000 - 0x00007ffa99f90000 	c:\Users\Sathishkumar\.vscode\extensions\redhat.java-1.41.1-win32-x64\jre\21.0.6-win32-x86_64\bin\server\jvm.dll
0x00007ffaf6020000 - 0x00007ffaf60d1000 	C:\WINDOWS\System32\ADVAPI32.dll
0x00007ffaf78f0000 - 0x00007ffaf7998000 	C:\WINDOWS\System32\sechost.dll
0x00007ffaf5d00000 - 0x00007ffaf5d28000 	C:\WINDOWS\System32\bcrypt.dll
0x00007ffaf7260000 - 0x00007ffaf7374000 	C:\WINDOWS\System32\RPCRT4.dll
0x00007ffaf7110000 - 0x00007ffaf7181000 	C:\WINDOWS\System32\WS2_32.dll
0x00007ffaf51d0000 - 0x00007ffaf521d000 	C:\WINDOWS\SYSTEM32\POWRPROF.dll
0x00007ffaebcf0000 - 0x00007ffaebcfa000 	C:\WINDOWS\SYSTEM32\VERSION.dll
0x00007ffaef8c0000 - 0x00007ffaef8f4000 	C:\WINDOWS\SYSTEM32\WINMM.dll
0x00007ffaf51b0000 - 0x00007ffaf51c3000 	C:\WINDOWS\SYSTEM32\UMPDC.dll
0x00007ffaf4330000 - 0x00007ffaf4348000 	C:\WINDOWS\SYSTEM32\kernel.appcore.dll
0x00007ffae4d30000 - 0x00007ffae4d3a000 	c:\Users\Sathishkumar\.vscode\extensions\redhat.java-1.41.1-win32-x64\jre\21.0.6-win32-x86_64\bin\jimage.dll
0x00007ffaf2e00000 - 0x00007ffaf3032000 	C:\WINDOWS\SYSTEM32\DBGHELP.DLL
0x00007ffaf7430000 - 0x00007ffaf77c2000 	C:\WINDOWS\System32\combase.dll
0x00007ffaf79a0000 - 0x00007ffaf7a77000 	C:\WINDOWS\System32\OLEAUT32.dll
0x00007ffaeaef0000 - 0x00007ffaeaf22000 	C:\WINDOWS\SYSTEM32\dbgcore.DLL
0x00007ffaf5450000 - 0x00007ffaf54cb000 	C:\WINDOWS\System32\bcryptPrimitives.dll
0x00007ffae4d20000 - 0x00007ffae4d2f000 	c:\Users\Sathishkumar\.vscode\extensions\redhat.java-1.41.1-win32-x64\jre\21.0.6-win32-x86_64\bin\instrument.dll
0x00007ffaccf40000 - 0x00007ffaccf5f000 	c:\Users\Sathishkumar\.vscode\extensions\redhat.java-1.41.1-win32-x64\jre\21.0.6-win32-x86_64\bin\java.dll
0x00007ffaf6460000 - 0x00007ffaf6cf6000 	C:\WINDOWS\System32\SHELL32.dll
0x00007ffaf5bc0000 - 0x00007ffaf5cff000 	C:\WINDOWS\System32\wintypes.dll
0x00007ffaf3220000 - 0x00007ffaf3b3a000 	C:\WINDOWS\SYSTEM32\windows.storage.dll
0x00007ffaf5f10000 - 0x00007ffaf601a000 	C:\WINDOWS\System32\SHCORE.dll
0x00007ffaf6f40000 - 0x00007ffaf6fa3000 	C:\WINDOWS\System32\shlwapi.dll
0x00007ffaf5230000 - 0x00007ffaf525b000 	C:\WINDOWS\SYSTEM32\profapi.dll
0x00007ffac8450000 - 0x00007ffac8468000 	c:\Users\Sathishkumar\.vscode\extensions\redhat.java-1.41.1-win32-x64\jre\21.0.6-win32-x86_64\bin\zip.dll
0x00007ffae3830000 - 0x00007ffae3840000 	C:\Users\Sathishkumar\.vscode\extensions\redhat.java-1.41.1-win32-x64\jre\21.0.6-win32-x86_64\bin\net.dll
0x00007ffaf0410000 - 0x00007ffaf053c000 	C:\WINDOWS\SYSTEM32\WINHTTP.dll
0x00007ffaf47b0000 - 0x00007ffaf481a000 	C:\WINDOWS\system32\mswsock.dll
0x00007ffac8430000 - 0x00007ffac8446000 	C:\Users\Sathishkumar\.vscode\extensions\redhat.java-1.41.1-win32-x64\jre\21.0.6-win32-x86_64\bin\nio.dll
0x00007ffaccd60000 - 0x00007ffaccd70000 	c:\Users\Sathishkumar\.vscode\extensions\redhat.java-1.41.1-win32-x64\jre\21.0.6-win32-x86_64\bin\verify.dll
0x00007ffac0830000 - 0x00007ffac0875000 	C:\Users\Sathishkumar\AppData\Roaming\Code\User\globalStorage\redhat.java\1.41.1\config_win\org.eclipse.equinox.launcher\org.eclipse.equinox.launcher.win32.win32.x86_64_1.2.1300.v20250331-1702\eclipse_11911.dll
0x00007ffaf60f0000 - 0x00007ffaf6291000 	C:\WINDOWS\System32\ole32.dll
0x00007ffaf4a10000 - 0x00007ffaf4a2b000 	C:\WINDOWS\SYSTEM32\CRYPTSP.dll
0x00007ffaf4290000 - 0x00007ffaf42c7000 	C:\WINDOWS\system32\rsaenh.dll
0x00007ffaf48a0000 - 0x00007ffaf48c8000 	C:\WINDOWS\SYSTEM32\USERENV.dll
0x00007ffaf4a00000 - 0x00007ffaf4a0c000 	C:\WINDOWS\SYSTEM32\CRYPTBASE.dll
0x00007ffaf3da0000 - 0x00007ffaf3dcd000 	C:\WINDOWS\SYSTEM32\IPHLPAPI.DLL
0x00007ffaf60e0000 - 0x00007ffaf60e9000 	C:\WINDOWS\System32\NSI.dll
0x00007ffac07e0000 - 0x00007ffac0829000 	C:\Users\Sathishkumar\AppData\Local\Temp\jna--324050600\jna12511864355721200624.dll
0x00007ffaf77d0000 - 0x00007ffaf77d8000 	C:\WINDOWS\System32\PSAPI.DLL
0x00007ffaf0140000 - 0x00007ffaf0159000 	C:\WINDOWS\SYSTEM32\dhcpcsvc6.DLL
0x00007ffaeff00000 - 0x00007ffaeff1f000 	C:\WINDOWS\SYSTEM32\dhcpcsvc.DLL

dbghelp: loaded successfully - version: 4.0.5 - missing functions: none
symbol engine: initialized successfully - sym options: 0x614 - pdb path: .;c:\Users\Sathishkumar\.vscode\extensions\redhat.java-1.41.1-win32-x64\jre\21.0.6-win32-x86_64\bin;C:\WINDOWS\SYSTEM32;C:\WINDOWS\WinSxS\amd64_microsoft.windows.common-controls_6595b64144ccf1df_6.0.22621.5124_none_270e8f4f7386d69d;c:\Users\Sathishkumar\.vscode\extensions\redhat.java-1.41.1-win32-x64\jre\21.0.6-win32-x86_64\bin\server;C:\Users\Sathishkumar\AppData\Roaming\Code\User\globalStorage\redhat.java\1.41.1\config_win\org.eclipse.equinox.launcher\org.eclipse.equinox.launcher.win32.win32.x86_64_1.2.1300.v20250331-1702;C:\Users\Sathishkumar\AppData\Local\Temp\jna--324050600

VM Arguments:
jvm_args: --add-modules=ALL-SYSTEM --add-opens=java.base/java.util=ALL-UNNAMED --add-opens=java.base/java.lang=ALL-UNNAMED --add-opens=java.base/sun.nio.fs=ALL-UNNAMED -Declipse.application=org.eclipse.jdt.ls.core.id1 -Dosgi.bundles.defaultStartLevel=4 -Declipse.product=org.eclipse.jdt.ls.core.product -Djava.import.generatesMetadataFilesAtProjectRoot=false -DDetectVMInstallationsJob.disabled=true -Dfile.encoding=utf8 -XX:+UseParallelGC -XX:GCTimeRatio=4 -XX:AdaptiveSizePolicyWeight=90 -Dsun.zip.disableMemoryMapping=true -Xmx1G -Xms100m -Xlog:disable -javaagent:c:\Users\Sathishkumar\.vscode\extensions\redhat.java-1.41.1-win32-x64\lombok\lombok-1.18.36.jar -XX:+HeapDumpOnOutOfMemoryError -XX:HeapDumpPath=c:\Users\Sathishkumar\AppData\Roaming\Code\User\workspaceStorage\c89724eef4cea2055b3623321f8559ac\redhat.java -Daether.dependencyCollector.impl=bf 
java_command: c:\Users\Sathishkumar\.vscode\extensions\redhat.java-1.41.1-win32-x64\server\plugins\org.eclipse.equinox.launcher_1.7.0.v20250331-1702.jar -configuration c:\Users\Sathishkumar\AppData\Roaming\Code\User\globalStorage\redhat.java\1.41.1\config_win -data c:\Users\Sathishkumar\AppData\Roaming\Code\User\workspaceStorage\c89724eef4cea2055b3623321f8559ac\redhat.java\jdt_ws --pipe=\\.\pipe\lsp-16146c942bc1207948700b25622854cd-sock
java_class_path (initial): c:\Users\Sathishkumar\.vscode\extensions\redhat.java-1.41.1-win32-x64\server\plugins\org.eclipse.equinox.launcher_1.7.0.v20250331-1702.jar
Launcher Type: SUN_STANDARD

[Global flags]
    uintx AdaptiveSizePolicyWeight                 = 90                                        {product} {command line}
     intx CICompilerCount                          = 4                                         {product} {ergonomic}
    uintx GCTimeRatio                              = 4                                         {product} {command line}
     bool HeapDumpOnOutOfMemoryError               = true                                   {manageable} {command line}
    ccstr HeapDumpPath                             = c:\Users\Sathishkumar\AppData\Roaming\Code\User\workspaceStorage\c89724eef4cea2055b3623321f8559ac\redhat.java         {manageable} {command line}
   size_t InitialHeapSize                          = 104857600                                 {product} {command line}
   size_t MaxHeapSize                              = 1073741824                                {product} {command line}
   size_t MaxNewSize                               = 357564416                                 {product} {ergonomic}
   size_t MinHeapDeltaBytes                        = 524288                                    {product} {ergonomic}
   size_t MinHeapSize                              = 104857600                                 {product} {command line}
   size_t NewSize                                  = 34603008                                  {product} {ergonomic}
    uintx NonNMethodCodeHeapSize                   = 5839372                                {pd product} {ergonomic}
    uintx NonProfiledCodeHeapSize                  = 122909434                              {pd product} {ergonomic}
   size_t OldSize                                  = 70254592                                  {product} {ergonomic}
    uintx ProfiledCodeHeapSize                     = 122909434                              {pd product} {ergonomic}
    uintx ReservedCodeCacheSize                    = 251658240                              {pd product} {ergonomic}
     bool SegmentedCodeCache                       = true                                      {product} {ergonomic}
   size_t SoftMaxHeapSize                          = 1073741824                             {manageable} {ergonomic}
     bool UseCompressedOops                        = true                           {product lp64_product} {ergonomic}
     bool UseLargePagesIndividualAllocation        = false                                  {pd product} {ergonomic}
     bool UseParallelGC                            = true                                      {product} {command line}

Logging:
Log output configuration:
 #0: stdout all=off uptime,level,tags foldmultilines=false
 #1: stderr all=off uptime,level,tags foldmultilines=false

Environment Variables:
JAVA_HOME=C:\Program Files\Java\jre1.8.0_251\jre1.8.0_251
PATH=C:\Python312\Scripts\;C:\Python312\;D:\BUS TRACKING\flutter;C:\Users\Sathishkumar\AppData\Roaming\Microsoft\Windows\Start Menu\Programs\Python 3.7;C:\Users\Sathishkumar\anaconda3\Scripts;C:\Program Files\Common Files\Oracle\Java\javapath;C:\Program Files (x86)\Common Files\Oracle\Java\java8path;C:\Program Files (x86)\Common Files\Oracle\Java\javapath;C:\WINDOWS\system32;C:\WINDOWS;C:\WINDOWS\System32\Wbem;C:\WINDOWS\System32\WindowsPowerShell\v1.0\;C:\WINDOWS\System32\OpenSSH\;C:\MinGW\bin;C:\Users\Sathishkumar\AppData\Local\Microsoft\WindowsApps;C:\Users\Sathishkumar\AppData\Local\Programs\Microsoft VS Code\bin;C:\Users\Sathishkumar\AppData\Roaming\npm;C:\adb;C:\WINDOWS\system32;C:\WINDOWS;C:\WINDOWS\System32\Wbem;C:\WINDOWS\System32\WindowsPowerShell\v1.0\;C:\WINDOWS\System32\OpenSSH\;C:\Program Files\Git\cmd;C:\Program Files\dotnet\;C:\Program Files\nodejs\;C:\ProgramData\chocolatey\bin;C:\Program Files\CMake\bin;E:\tttt\runtime\win64;E:\tttt\bin;C:\Program Files\Microsoft SQL Server\150\Tools\Binn\;C:\Program Files\Microsoft SQL Server\Client SDK\ODBC\170\Tools\Binn\;C:\Program Files (x86)\Microsoft SQL Server\160\Tools\Binn\;C:\Program Files\Microsoft SQL Server\160\Tools\Binn\;C:\Program Files\Microsoft SQL Server\160\DTS\Binn\;C:\Program Files (x86)\Microsoft SQL Server\160\DTS\Binn\;e:\CODESPACES\New folder (2)\Trae\bin;C:\Users\Sathishkumar\AppData\Local\Programs\Python\Python37\Scripts\;C:\Users\Sathishkumar\AppData\Local\Programs\Python\Python37\;C:\Program Files\MySQL\MySQL Shell 8.0\bin\;C:\MinGW\bin;C:\Users\Sathishkumar\AppData\Local\Microsoft\WindowsApps;C:\Users\Sathishkumar\AppData\Local\Programs\Microsoft VS Code\bin;C:\Program Files\Tesseract-OCR;C:\Program Files\poppler-24.02.0\Library\bin;C:\Users\Sathishkumar\AppData\Roaming\npm;C:\Users\Sathishkumar\.dotnet\tools;
USERNAME=Sathishkumar
OS=Windows_NT
PROCESSOR_IDENTIFIER=AMD64 Family 23 Model 104 Stepping 1, AuthenticAMD
TMP=C:\Users\SATHIS~1\AppData\Local\Temp
TEMP=C:\Users\SATHIS~1\AppData\Local\Temp




Periodic native trim disabled

---------------  S Y S T E M  ---------------

OS:
 Windows 11 , 64 bit Build 22621 (10.0.22621.5124)
OS uptime: 0 days 0:47 hours

CPU: total 12 (initial active 12) (12 cores per cpu, 2 threads per core) family 23 model 104 stepping 1 microcode 0x0, cx8, cmov, fxsr, ht, mmx, 3dnowpref, sse, sse2, sse3, ssse3, sse4a, sse4.1, sse4.2, popcnt, lzcnt, tsc, tscinvbit, avx, avx2, aes, clmul, bmi1, bmi2, adx, sha, fma, vzeroupper, clflush, clflushopt, rdtscp, rdpid, f16c
Processor Information for processor 0
  Max Mhz: 2100, Current Mhz: 1988, Mhz Limit: 2100
Processor Information for processor 1
  Max Mhz: 2100, Current Mhz: 2100, Mhz Limit: 2100
Processor Information for processor 2
  Max Mhz: 2100, Current Mhz: 2100, Mhz Limit: 2100
Processor Information for processor 3
  Max Mhz: 2100, Current Mhz: 1988, Mhz Limit: 2100
Processor Information for processor 4
  Max Mhz: 2100, Current Mhz: 1988, Mhz Limit: 2100
Processor Information for processor 5
  Max Mhz: 2100, Current Mhz: 2100, Mhz Limit: 2100
Processor Information for processor 6
  Max Mhz: 2100, Current Mhz: 2100, Mhz Limit: 2100
Processor Information for processor 7
  Max Mhz: 2100, Current Mhz: 2100, Mhz Limit: 2100
Processor Information for processor 8
  Max Mhz: 2100, Current Mhz: 1988, Mhz Limit: 2100
Processor Information for processor 9
  Max Mhz: 2100, Current Mhz: 2100, Mhz Limit: 2100
Processor Information for processor 10
  Max Mhz: 2100, Current Mhz: 2100, Mhz Limit: 2100
Processor Information for processor 11
  Max Mhz: 2100, Current Mhz: 1988, Mhz Limit: 2100

Memory: 4k page, system-wide physical 5989M (641M free)
TotalPageFile size 10611M (AvailPageFile size 6M)
current process WorkingSet (physical memory assigned to process): 232M, peak: 232M
current process commit charge ("private bytes"): 324M, peak: 330M

vm_info: OpenJDK 64-Bit Server VM (21.0.6+7-LTS) for windows-amd64 JRE (21.0.6+7-LTS), built on 2025-01-21T00:00:00Z by "admin" with MS VC++ 17.7 (VS2022)

END.
