#
# There is insufficient memory for the Java Runtime Environment to continue.
# Native memory allocation (malloc) failed to allocate 167568 bytes. Error detail: Chunk::new
# Possible reasons:
#   The system is out of physical RAM or swap space
#   This process is running with CompressedOops enabled, and the Java Heap may be blocking the growth of the native heap
# Possible solutions:
#   Reduce memory load on the system
#   Increase physical memory or swap space
#   Check if swap backing store is full
#   Decrease Java heap size (-Xmx/-Xms)
#   Decrease number of Java threads
#   Decrease Java thread stack sizes (-Xss)
#   Set larger code cache with -XX:ReservedCodeCacheSize=
#   JVM is running with Unscaled Compressed Oops mode in which the Java heap is
#     placed in the first 4GB address space. The Java Heap base address is the
#     maximum limit for the native heap growth. Please use -XX:HeapBaseMinAddress
#     to set the Java Heap base and to place the Java Heap above 4GB virtual address.
# This output file may be truncated or incomplete.
#
#  Out of Memory Error (arena.cpp:168), pid=7888, tid=13052
#
# JRE version: OpenJDK Runtime Environment Temurin-21.0.6+7 (21.0.6+7) (build 21.0.6+7-LTS)
# Java VM: OpenJDK 64-Bit Server VM Temurin-21.0.6+7 (21.0.6+7-LTS, mixed mode, sharing, tiered, compressed oops, compressed class ptrs, parallel gc, windows-amd64)
# No core dump will be written. Minidumps are not enabled by default on client versions of Windows
#

---------------  S U M M A R Y ------------

Command Line: --add-modules=ALL-SYSTEM --add-opens=java.base/java.util=ALL-UNNAMED --add-opens=java.base/java.lang=ALL-UNNAMED --add-opens=java.base/sun.nio.fs=ALL-UNNAMED -Declipse.application=org.eclipse.jdt.ls.core.id1 -Dosgi.bundles.defaultStartLevel=4 -Declipse.product=org.eclipse.jdt.ls.core.product -Djava.import.generatesMetadataFilesAtProjectRoot=false -DDetectVMInstallationsJob.disabled=true -Dfile.encoding=utf8 -XX:+UseParallelGC -XX:GCTimeRatio=4 -XX:AdaptiveSizePolicyWeight=90 -Dsun.zip.disableMemoryMapping=true -Xmx1G -Xms100m -Xlog:disable -javaagent:c:\Users\Sathishkumar\.vscode\extensions\redhat.java-1.41.1-win32-x64\lombok\lombok-1.18.36.jar c:\Users\Sathishkumar\.vscode\extensions\redhat.java-1.41.1-win32-x64\server\plugins\org.eclipse.equinox.launcher_1.7.0.v20250331-1702.jar -configuration c:\Users\Sathishkumar\AppData\Roaming\Code\User\globalStorage\redhat.java\1.41.1\config_ss_win -data c:\Users\Sathishkumar\AppData\Roaming\Code\User\workspaceStorage\c89724eef4cea2055b3623321f8559ac\redhat.java\ss_ws --pipe=\\.\pipe\lsp-891dd250ce6340b6fa596a827f44fa44-sock

Host: AMD Ryzen 5 5500U with Radeon Graphics         , 12 cores, 5G,  Windows 11 , 64 bit Build 22621 (10.0.22621.5124)
Time: Sun Apr 20 01:29:44 2025 Malay Peninsula Standard Time elapsed time: 1.857892 seconds (0d 0h 0m 1s)

---------------  T H R E A D  ---------------

Current thread (0x000001590a7df840):  JavaThread "C2 CompilerThread1" daemon [_thread_in_native, id=13052, stack(0x0000000d54700000,0x0000000d54800000) (1024K)]


Current CompileTask:
C2:1857 1868       4       java.lang.StringLatin1::toLowerCase (186 bytes)

Stack: [0x0000000d54700000,0x0000000d54800000]
Native frames: (J=compiled Java code, j=interpreted, Vv=VM code, C=native code)
V  [jvm.dll+0x6cdee9]
V  [jvm.dll+0x8a83d1]
V  [jvm.dll+0x8aa8fe]
V  [jvm.dll+0x8aafe3]
V  [jvm.dll+0x27f706]
V  [jvm.dll+0xc500d]
V  [jvm.dll+0xc5543]
V  [jvm.dll+0x3b678c]
V  [jvm.dll+0x382935]
V  [jvm.dll+0x381d9a]
V  [jvm.dll+0x2479f0]
V  [jvm.dll+0x246fcf]
V  [jvm.dll+0x1c75ee]
V  [jvm.dll+0x25685a]
V  [jvm.dll+0x254dfa]
V  [jvm.dll+0x3f0256]
V  [jvm.dll+0x851f8b]
V  [jvm.dll+0x6cc5ed]
C  [ucrtbase.dll+0x29333]
C  [KERNEL32.DLL+0x1259d]
C  [ntdll.dll+0x5af38]


---------------  P R O C E S S  ---------------

Threads class SMR info:
_java_thread_list=0x000001590bbf0e00, length=17, elements={
0x00000158b1906440, 0x00000158b3da4390, 0x00000159091fbe40, 0x00000158b3da4f40,
0x00000158b3da5990, 0x00000158b3da66a0, 0x00000158b3dab2a0, 0x00000158b3db5ee0,
0x00000158b3db6bd0, 0x00000158b3d6d190, 0x000001590a7df840, 0x000001590b5020d0,
0x000001590bc18700, 0x000001590bc05da0, 0x000001590bc06be0, 0x000001590bc2a6b0,
0x000001590bbcd650
}

Java Threads: ( => current thread )
  0x00000158b1906440 JavaThread "main"                              [_thread_blocked, id=21312, stack(0x0000000d53a00000,0x0000000d53b00000) (1024K)]
  0x00000158b3da4390 JavaThread "Reference Handler"          daemon [_thread_blocked, id=4208, stack(0x0000000d53e00000,0x0000000d53f00000) (1024K)]
  0x00000159091fbe40 JavaThread "Finalizer"                  daemon [_thread_blocked, id=5500, stack(0x0000000d53f00000,0x0000000d54000000) (1024K)]
  0x00000158b3da4f40 JavaThread "Signal Dispatcher"          daemon [_thread_blocked, id=13996, stack(0x0000000d54000000,0x0000000d54100000) (1024K)]
  0x00000158b3da5990 JavaThread "Attach Listener"            daemon [_thread_blocked, id=7248, stack(0x0000000d54100000,0x0000000d54200000) (1024K)]
  0x00000158b3da66a0 JavaThread "Service Thread"             daemon [_thread_blocked, id=2692, stack(0x0000000d54200000,0x0000000d54300000) (1024K)]
  0x00000158b3dab2a0 JavaThread "Monitor Deflation Thread"   daemon [_thread_blocked, id=8616, stack(0x0000000d54300000,0x0000000d54400000) (1024K)]
  0x00000158b3db5ee0 JavaThread "C2 CompilerThread0"         daemon [_thread_in_native, id=20032, stack(0x0000000d54400000,0x0000000d54500000) (1024K)]
  0x00000158b3db6bd0 JavaThread "C1 CompilerThread0"         daemon [_thread_blocked, id=13828, stack(0x0000000d54500000,0x0000000d54600000) (1024K)]
  0x00000158b3d6d190 JavaThread "Common-Cleaner"             daemon [_thread_blocked, id=13568, stack(0x0000000d54600000,0x0000000d54700000) (1024K)]
=>0x000001590a7df840 JavaThread "C2 CompilerThread1"         daemon [_thread_in_native, id=13052, stack(0x0000000d54700000,0x0000000d54800000) (1024K)]
  0x000001590b5020d0 JavaThread "Notification Thread"        daemon [_thread_blocked, id=17668, stack(0x0000000d54800000,0x0000000d54900000) (1024K)]
  0x000001590bc18700 JavaThread "Active Thread: Equinox Container: 2e9cb20b-f5e7-4246-909a-effee196da01"        [_thread_blocked, id=19372, stack(0x0000000d54f00000,0x0000000d55000000) (1024K)]
  0x000001590bc05da0 JavaThread "Framework Event Dispatcher: Equinox Container: 2e9cb20b-f5e7-4246-909a-effee196da01" daemon [_thread_blocked, id=18364, stack(0x0000000d55000000,0x0000000d55100000) (1024K)]
  0x000001590bc06be0 JavaThread "Start Level: Equinox Container: 2e9cb20b-f5e7-4246-909a-effee196da01" daemon [_thread_in_native, id=13044, stack(0x0000000d55100000,0x0000000d55200000) (1024K)]
  0x000001590bc2a6b0 JavaThread "SCR Component Actor"        daemon [_thread_blocked, id=22412, stack(0x0000000d55200000,0x0000000d55300000) (1024K)]
  0x000001590bbcd650 JavaThread "SCR Component Registry"     daemon [_thread_blocked, id=20864, stack(0x0000000d55400000,0x0000000d55500000) (1024K)]
Total: 17

Other Threads:
  0x000001590a550090 VMThread "VM Thread"                           [id=6784, stack(0x0000000d53d00000,0x0000000d53e00000) (1024K)]
  0x00000159090dca00 WatcherThread "VM Periodic Task Thread"        [id=18568, stack(0x0000000d53c00000,0x0000000d53d00000) (1024K)]
  0x00000158b3d1d020 WorkerThread "GC Thread#0"                     [id=6892, stack(0x0000000d53b00000,0x0000000d53c00000) (1024K)]
  0x000001590b6bbdd0 WorkerThread "GC Thread#1"                     [id=13728, stack(0x0000000d54900000,0x0000000d54a00000) (1024K)]
  0x000001590b6bc570 WorkerThread "GC Thread#2"                     [id=9156, stack(0x0000000d54a00000,0x0000000d54b00000) (1024K)]
  0x000001590b6bcd20 WorkerThread "GC Thread#3"                     [id=7272, stack(0x0000000d54b00000,0x0000000d54c00000) (1024K)]
  0x000001590b4fe0c0 WorkerThread "GC Thread#4"                     [id=2856, stack(0x0000000d54c00000,0x0000000d54d00000) (1024K)]
  0x000001590b4fe460 WorkerThread "GC Thread#5"                     [id=22048, stack(0x0000000d54d00000,0x0000000d54e00000) (1024K)]
  0x000001590b4fe800 WorkerThread "GC Thread#6"                     [id=18672, stack(0x0000000d54e00000,0x0000000d54f00000) (1024K)]
  0x000001590b9e2dd0 WorkerThread "GC Thread#7"                     [id=12792, stack(0x0000000d55300000,0x0000000d55400000) (1024K)]
Total: 10

Threads with active compile tasks:
C2 CompilerThread0  1898 1884 %     4       java.io.DataInputStream::readUTF @ 92 (501 bytes)
C1 CompilerThread0  1898 1910   !   3       org.eclipse.osgi.internal.loader.BundleLoader::findRequiredSource (283 bytes)
C2 CompilerThread1  1899 1868       4       java.lang.StringLatin1::toLowerCase (186 bytes)
Total: 3

VM state: not at safepoint (normal execution)

VM Mutex/Monitor currently owned by a thread: None

Heap address: 0x00000000c0000000, size: 1024 MB, Compressed Oops mode: 32-bit

CDS archive(s) mapped at: [0x00000158c8000000-0x00000158c8ba0000-0x00000158c8ba0000), size 12189696, SharedBaseAddress: 0x00000158c8000000, ArchiveRelocationMode: 1.
Compressed class space mapped at: 0x00000158c9000000-0x0000015909000000, reserved size: 1073741824
Narrow klass base: 0x00000158c8000000, Narrow klass shift: 0, Narrow klass range: 0x100000000

GC Precious Log:
 CardTable entry size: 512
 CPUs: 12 total, 12 available
 Memory: 5989M
 Large Page Support: Disabled
 NUMA Support: Disabled
 Compressed Oops: Enabled (32-bit)
 Alignments: Space 512K, Generation 512K, Heap 2M
 Heap Min Capacity: 100M
 Heap Initial Capacity: 100M
 Heap Max Capacity: 1G
 Pre-touch: Disabled
 Parallel Workers: 10

Heap:
 PSYoungGen      total 29696K, used 16031K [0x00000000eab00000, 0x00000000ecc00000, 0x0000000100000000)
  eden space 25600K, 46% used [0x00000000eab00000,0x00000000eb6accf0,0x00000000ec400000)
  from space 4096K, 99% used [0x00000000ec800000,0x00000000ecbfafc0,0x00000000ecc00000)
  to   space 4096K, 0% used [0x00000000ec400000,0x00000000ec400000,0x00000000ec800000)
 ParOldGen       total 68608K, used 896K [0x00000000c0000000, 0x00000000c4300000, 0x00000000eab00000)
  object space 68608K, 1% used [0x00000000c0000000,0x00000000c00e0040,0x00000000c4300000)
 Metaspace       used 10675K, committed 11072K, reserved 1114112K
  class space    used 1084K, committed 1280K, reserved 1048576K

Card table byte_map: [0x00000158b36d0000,0x00000158b38e0000] _byte_map_base: 0x00000158b30d0000

Marking Bits: (ParMarkBitMap*) 0x00007ffa99eb3260
 Begin Bits: [0x00000158c5ef0000, 0x00000158c6ef0000)
 End Bits:   [0x00000158c6ef0000, 0x00000158c7ef0000)

Polling page: 0x00000158b34c0000

Metaspace:

Usage:
  Non-class:      9.37 MB used.
      Class:      1.06 MB used.
       Both:     10.43 MB used.

Virtual space:
  Non-class space:       64.00 MB reserved,       9.56 MB ( 15%) committed,  1 nodes.
      Class space:        1.00 GB reserved,       1.25 MB ( <1%) committed,  1 nodes.
             Both:        1.06 GB reserved,      10.81 MB ( <1%) committed. 

Chunk freelists:
   Non-Class:  5.88 MB
       Class:  14.73 MB
        Both:  20.60 MB

MaxMetaspaceSize: unlimited
CompressedClassSpaceSize: 1.00 GB
Initial GC threshold: 21.00 MB
Current GC threshold: 21.00 MB
CDS: on
 - commit_granule_bytes: 65536.
 - commit_granule_words: 8192.
 - virtual_space_node_default_size: 8388608.
 - enlarge_chunks_in_place: 1.
 - use_allocation_guard: 0.


Internal statistics:

num_allocs_failed_limit: 0.
num_arena_births: 248.
num_arena_deaths: 0.
num_vsnodes_births: 2.
num_vsnodes_deaths: 0.
num_space_committed: 173.
num_space_uncommitted: 0.
num_chunks_returned_to_freelist: 0.
num_chunks_taken_from_freelist: 541.
num_chunk_merges: 0.
num_chunk_splits: 367.
num_chunks_enlarged: 250.
num_inconsistent_stats: 0.

CodeHeap 'non-profiled nmethods': size=120000Kb used=792Kb max_used=792Kb free=119208Kb
 bounds [0x00000158be9c0000, 0x00000158bec30000, 0x00000158c5ef0000]
CodeHeap 'profiled nmethods': size=120000Kb used=3519Kb max_used=3519Kb free=116480Kb
 bounds [0x00000158b6ef0000, 0x00000158b7260000, 0x00000158be420000]
CodeHeap 'non-nmethods': size=5760Kb used=1224Kb max_used=1255Kb free=4535Kb
 bounds [0x00000158be420000, 0x00000158be690000, 0x00000158be9c0000]
 total_blobs=2392 nmethods=1900 adapters=399
 compilation: enabled
              stopped_count=0, restarted_count=0
 full_count=0

Compilation events (20 events):
Event: 1.833 Thread 0x00000158b3db6bd0 nmethod 1865 0x00000158b7247510 code [0x00000158b72476c0, 0x00000158b72478e8]
Event: 1.837 Thread 0x00000158b3db6bd0 1866       3       java.util.concurrent.locks.ReentrantReadWriteLock$Sync::tryReleaseShared (146 bytes)
Event: 1.838 Thread 0x00000158b3db6bd0 nmethod 1866 0x00000158b7247990 code [0x00000158b7247c00, 0x00000158b72487b8]
Event: 1.842 Thread 0x00000158b3db6bd0 1867       3       java.lang.System::getProperty (25 bytes)
Event: 1.843 Thread 0x00000158b3db6bd0 nmethod 1867 0x00000158b7248c90 code [0x00000158b7248ea0, 0x00000158b7249488]
Event: 1.844 Thread 0x000001590a7df840 1868       4       java.lang.StringLatin1::toLowerCase (186 bytes)
Event: 1.845 Thread 0x00000158b3db6bd0 1869       3       java.lang.String::<init> (10 bytes)
Event: 1.845 Thread 0x00000158b3db6bd0 nmethod 1869 0x00000158b7249690 code [0x00000158b7249840, 0x00000158b7249990]
Event: 1.845 Thread 0x00000158b3db6bd0 1870       3       java.io.WinNTFileSystem::normalize (143 bytes)
Event: 1.846 Thread 0x00000158b3db6bd0 nmethod 1870 0x00000158b7249a90 code [0x00000158b7249d20, 0x00000158b724a780]
Event: 1.850 Thread 0x00000158b3db6bd0 1871       3       java.io.DataInputStream::readLong (20 bytes)
Event: 1.850 Thread 0x00000158b3db6bd0 nmethod 1871 0x00000158b724ab90 code [0x00000158b724ada0, 0x00000158b724b3b0]
Event: 1.850 Thread 0x00000158b3db6bd0 1876       3       jdk.internal.misc.Unsafe::getLongUnaligned (12 bytes)
Event: 1.851 Thread 0x00000158b3db6bd0 nmethod 1876 0x00000158b724b690 code [0x00000158b724b840, 0x00000158b724ba20]
Event: 1.851 Thread 0x00000158b3db6bd0 1877       3       java.net.URLStreamHandler::setURL (159 bytes)
Event: 1.852 Thread 0x00000158b3db6bd0 nmethod 1877 0x00000158b724bb10 code [0x00000158b724bea0, 0x00000158b724d310]
Event: 1.852 Thread 0x00000158b3db6bd0 1872       3       jdk.internal.util.ByteArray::getLong (9 bytes)
Event: 1.853 Thread 0x00000158b3db6bd0 nmethod 1872 0x00000158b724dc10 code [0x00000158b724de00, 0x00000158b724e330]
Event: 1.853 Thread 0x00000158b3db6bd0 1873       3       java.lang.invoke.VarHandleGuards::guard_LI_J (78 bytes)
Event: 1.854 Thread 0x00000158b3db5ee0 1880       4       java.io.DataInputStream::readFully (59 bytes)

GC Heap History (4 events):
Event: 0.915 GC heap before
{Heap before GC invocations=1 (full 0):
 PSYoungGen      total 29696K, used 25600K [0x00000000eab00000, 0x00000000ecc00000, 0x0000000100000000)
  eden space 25600K, 100% used [0x00000000eab00000,0x00000000ec400000,0x00000000ec400000)
  from space 4096K, 0% used [0x00000000ec800000,0x00000000ec800000,0x00000000ecc00000)
  to   space 4096K, 0% used [0x00000000ec400000,0x00000000ec400000,0x00000000ec800000)
 ParOldGen       total 68608K, used 0K [0x00000000c0000000, 0x00000000c4300000, 0x00000000eab00000)
  object space 68608K, 0% used [0x00000000c0000000,0x00000000c0000000,0x00000000c4300000)
 Metaspace       used 4326K, committed 4480K, reserved 1114112K
  class space    used 438K, committed 512K, reserved 1048576K
}
Event: 0.923 GC heap after
{Heap after GC invocations=1 (full 0):
 PSYoungGen      total 29696K, used 3198K [0x00000000eab00000, 0x00000000ecc00000, 0x0000000100000000)
  eden space 25600K, 0% used [0x00000000eab00000,0x00000000eab00000,0x00000000ec400000)
  from space 4096K, 78% used [0x00000000ec400000,0x00000000ec71fab0,0x00000000ec800000)
  to   space 4096K, 0% used [0x00000000ec800000,0x00000000ec800000,0x00000000ecc00000)
 ParOldGen       total 68608K, used 16K [0x00000000c0000000, 0x00000000c4300000, 0x00000000eab00000)
  object space 68608K, 0% used [0x00000000c0000000,0x00000000c0004000,0x00000000c4300000)
 Metaspace       used 4326K, committed 4480K, reserved 1114112K
  class space    used 438K, committed 512K, reserved 1048576K
}
Event: 1.621 GC heap before
{Heap before GC invocations=2 (full 0):
 PSYoungGen      total 29696K, used 28798K [0x00000000eab00000, 0x00000000ecc00000, 0x0000000100000000)
  eden space 25600K, 100% used [0x00000000eab00000,0x00000000ec400000,0x00000000ec400000)
  from space 4096K, 78% used [0x00000000ec400000,0x00000000ec71fab0,0x00000000ec800000)
  to   space 4096K, 0% used [0x00000000ec800000,0x00000000ec800000,0x00000000ecc00000)
 ParOldGen       total 68608K, used 16K [0x00000000c0000000, 0x00000000c4300000, 0x00000000eab00000)
  object space 68608K, 0% used [0x00000000c0000000,0x00000000c0004000,0x00000000c4300000)
 Metaspace       used 8199K, committed 8512K, reserved 1114112K
  class space    used 815K, committed 960K, reserved 1048576K
}
Event: 1.627 GC heap after
{Heap after GC invocations=2 (full 0):
 PSYoungGen      total 29696K, used 4075K [0x00000000eab00000, 0x00000000ecc00000, 0x0000000100000000)
  eden space 25600K, 0% used [0x00000000eab00000,0x00000000eab00000,0x00000000ec400000)
  from space 4096K, 99% used [0x00000000ec800000,0x00000000ecbfafc0,0x00000000ecc00000)
  to   space 4096K, 0% used [0x00000000ec400000,0x00000000ec400000,0x00000000ec800000)
 ParOldGen       total 68608K, used 896K [0x00000000c0000000, 0x00000000c4300000, 0x00000000eab00000)
  object space 68608K, 1% used [0x00000000c0000000,0x00000000c00e0040,0x00000000c4300000)
 Metaspace       used 8199K, committed 8512K, reserved 1114112K
  class space    used 815K, committed 960K, reserved 1048576K
}

Dll operation events (9 events):
Event: 0.036 Loaded shared library c:\Users\Sathishkumar\.vscode\extensions\redhat.java-1.41.1-win32-x64\jre\21.0.6-win32-x86_64\bin\java.dll
Event: 0.166 Loaded shared library c:\Users\Sathishkumar\.vscode\extensions\redhat.java-1.41.1-win32-x64\jre\21.0.6-win32-x86_64\bin\zip.dll
Event: 0.192 Loaded shared library C:\Users\Sathishkumar\.vscode\extensions\redhat.java-1.41.1-win32-x64\jre\21.0.6-win32-x86_64\bin\instrument.dll
Event: 0.198 Loaded shared library C:\Users\Sathishkumar\.vscode\extensions\redhat.java-1.41.1-win32-x64\jre\21.0.6-win32-x86_64\bin\net.dll
Event: 0.202 Loaded shared library C:\Users\Sathishkumar\.vscode\extensions\redhat.java-1.41.1-win32-x64\jre\21.0.6-win32-x86_64\bin\nio.dll
Event: 0.205 Loaded shared library C:\Users\Sathishkumar\.vscode\extensions\redhat.java-1.41.1-win32-x64\jre\21.0.6-win32-x86_64\bin\zip.dll
Event: 0.230 Loaded shared library C:\Users\Sathishkumar\.vscode\extensions\redhat.java-1.41.1-win32-x64\jre\21.0.6-win32-x86_64\bin\jimage.dll
Event: 0.312 Loaded shared library c:\Users\Sathishkumar\.vscode\extensions\redhat.java-1.41.1-win32-x64\jre\21.0.6-win32-x86_64\bin\verify.dll
Event: 1.559 Loaded shared library C:\Users\Sathishkumar\AppData\Roaming\Code\User\globalStorage\redhat.java\1.41.1\config_ss_win\org.eclipse.equinox.launcher\org.eclipse.equinox.launcher.win32.win32.x86_64_1.2.1300.v20250331-1702\eclipse_11911.dll

Deoptimization events (20 events):
Event: 1.434 Thread 0x00000158b1906440 DEOPT PACKING pc=0x00000158b7056108 sp=0x0000000d53afc660
Event: 1.434 Thread 0x00000158b1906440 DEOPT UNPACKING pc=0x00000158be474242 sp=0x0000000d53afbae0 mode 0
Event: 1.436 Thread 0x00000158b1906440 DEOPT PACKING pc=0x00000158b7056108 sp=0x0000000d53afc970
Event: 1.436 Thread 0x00000158b1906440 DEOPT UNPACKING pc=0x00000158be474242 sp=0x0000000d53afbdf0 mode 0
Event: 1.437 Thread 0x00000158b1906440 DEOPT PACKING pc=0x00000158b7056108 sp=0x0000000d53afc8c0
Event: 1.437 Thread 0x00000158b1906440 DEOPT UNPACKING pc=0x00000158be474242 sp=0x0000000d53afbd40 mode 0
Event: 1.438 Thread 0x00000158b1906440 DEOPT PACKING pc=0x00000158b7056108 sp=0x0000000d53afcbc0
Event: 1.438 Thread 0x00000158b1906440 DEOPT UNPACKING pc=0x00000158be474242 sp=0x0000000d53afc040 mode 0
Event: 1.572 Thread 0x000001590bc06be0 Uncommon trap: trap_request=0xffffff6e fr.pc=0x00000158bea29c00 relative=0x0000000000000340
Event: 1.572 Thread 0x000001590bc06be0 Uncommon trap: reason=loop_limit_check action=maybe_recompile pc=0x00000158bea29c00 method=java.lang.StringLatin1.indexOf([BI[BII)I @ 37 c2
Event: 1.572 Thread 0x000001590bc06be0 DEOPT PACKING pc=0x00000158bea29c00 sp=0x0000000d551f88f0
Event: 1.572 Thread 0x000001590bc06be0 DEOPT UNPACKING pc=0x00000158be473aa2 sp=0x0000000d551f8850 mode 2
Event: 1.807 Thread 0x000001590bc06be0 Uncommon trap: trap_request=0xffffff45 fr.pc=0x00000158bea71644 relative=0x0000000000001444
Event: 1.807 Thread 0x000001590bc06be0 Uncommon trap: reason=unstable_if action=reinterpret pc=0x00000158bea71644 method=java.io.WinNTFileSystem.normalize(Ljava/lang/String;II)Ljava/lang/String; @ 100 c2
Event: 1.807 Thread 0x000001590bc06be0 DEOPT PACKING pc=0x00000158bea71644 sp=0x0000000d551f8c70
Event: 1.807 Thread 0x000001590bc06be0 DEOPT UNPACKING pc=0x00000158be473aa2 sp=0x0000000d551f8bb0 mode 2
Event: 1.844 Thread 0x000001590bc06be0 Uncommon trap: trap_request=0xffffff45 fr.pc=0x00000158bea3abb4 relative=0x0000000000000094
Event: 1.844 Thread 0x000001590bc06be0 Uncommon trap: reason=unstable_if action=reinterpret pc=0x00000158bea3abb4 method=java.io.BufferedInputStream.getBufIfOpen(Z)[B @ 13 c2
Event: 1.844 Thread 0x000001590bc06be0 DEOPT PACKING pc=0x00000158bea3abb4 sp=0x0000000d551f8550
Event: 1.844 Thread 0x000001590bc06be0 DEOPT UNPACKING pc=0x00000158be473aa2 sp=0x0000000d551f84d0 mode 2

Classes loaded (20 events):
Event: 1.719 Loading class java/io/CharConversionException done
Event: 1.719 Loading class com/sun/org/apache/xerces/internal/impl/io/MalformedByteSequenceException done
Event: 1.735 Loading class java/util/concurrent/RejectedExecutionException
Event: 1.735 Loading class java/util/concurrent/RejectedExecutionException done
Event: 1.735 Loading class java/util/concurrent/CompletionStage
Event: 1.736 Loading class java/util/concurrent/CompletionStage done
Event: 1.739 Loading class java/util/Timer
Event: 1.739 Loading class java/util/Timer done
Event: 1.739 Loading class java/util/TaskQueue
Event: 1.739 Loading class java/util/TaskQueue done
Event: 1.739 Loading class java/util/TimerThread
Event: 1.739 Loading class java/util/TimerThread done
Event: 1.739 Loading class java/util/Timer$ThreadReaper
Event: 1.739 Loading class java/util/Timer$ThreadReaper done
Event: 1.758 Loading class java/util/concurrent/locks/ReentrantLock$FairSync
Event: 1.758 Loading class java/util/concurrent/locks/ReentrantLock$FairSync done
Event: 1.761 Loading class java/util/Collections$ReverseComparator
Event: 1.761 Loading class java/util/Collections$ReverseComparator done
Event: 1.840 Loading class java/lang/CloneNotSupportedException
Event: 1.840 Loading class java/lang/CloneNotSupportedException done

Classes unloaded (0 events):
No events

Classes redefined (0 events):
No events

Internal exceptions (20 events):
Event: 0.926 Thread 0x00000158b1906440 Exception <a 'java/lang/NoSuchMethodError'{0x00000000eab125c8}: 'void java.lang.invoke.DirectMethodHandle$Holder.invokeStatic(java.lang.Object, java.lang.Object, java.lang.Object, java.lang.Object)'> (0x00000000eab125c8) 
thrown [s\src\hotspot\share\interpreter\linkResolver.cpp, line 773]
Event: 0.927 Thread 0x00000158b1906440 Implicit null exception at 0x00000158bea1919a to 0x00000158bea193a4
Event: 0.927 Thread 0x00000158b1906440 Implicit null exception at 0x00000158bea1053d to 0x00000158bea105c1
Event: 0.972 Thread 0x00000158b1906440 Exception <a 'java/lang/NoSuchMethodError'{0x00000000ead4e800}: 'long java.lang.invoke.DirectMethodHandle$Holder.invokeStatic(java.lang.Object, java.lang.Object, int)'> (0x00000000ead4e800) 
thrown [s\src\hotspot\share\interpreter\linkResolver.cpp, line 773]
Event: 0.973 Thread 0x00000158b1906440 Exception <a 'java/lang/NoSuchMethodError'{0x00000000ead56308}: 'java.lang.Object java.lang.invoke.DirectMethodHandle$Holder.invokeSpecial(java.lang.Object, java.lang.Object, java.lang.Object, java.lang.Object, long)'> (0x00000000ead56308) 
thrown [s\src\hotspot\share\interpreter\linkResolver.cpp, line 773]
Event: 0.974 Thread 0x00000158b1906440 Exception <a 'java/lang/NoSuchMethodError'{0x00000000ead63f88}: 'java.lang.Object java.lang.invoke.DirectMethodHandle$Holder.invokeSpecial(java.lang.Object, java.lang.Object, java.lang.Object, int, java.lang.Object)'> (0x00000000ead63f88) 
thrown [s\src\hotspot\share\interpreter\linkResolver.cpp, line 773]
Event: 0.977 Thread 0x00000158b1906440 Exception <a 'java/lang/NoSuchMethodError'{0x00000000ead7b608}: 'java.lang.Object java.lang.invoke.Invokers$Holder.invokeExact_MT(java.lang.Object, java.lang.Object, java.lang.Object, java.lang.Object, java.lang.Object, java.lang.Object)'> (0x00000000ead7b608) 
thrown [s\src\hotspot\share\interpreter\linkResolver.cpp, line 773]
Event: 0.981 Thread 0x00000158b1906440 Exception <a 'java/lang/NoSuchMethodError'{0x00000000ead94ef8}: 'int java.lang.invoke.DirectMethodHandle$Holder.invokeStaticInit(java.lang.Object, java.lang.Object, java.lang.Object, java.lang.Object)'> (0x00000000ead94ef8) 
thrown [s\src\hotspot\share\interpreter\linkResolver.cpp, line 773]
Event: 0.983 Thread 0x00000158b1906440 Exception <a 'java/lang/NoSuchMethodError'{0x00000000ead9d6b0}: 'java.lang.Object java.lang.invoke.DirectMethodHandle$Holder.invokeInterface(java.lang.Object, java.lang.Object)'> (0x00000000ead9d6b0) 
thrown [s\src\hotspot\share\interpreter\linkResolver.cpp, line 773]
Event: 0.984 Thread 0x00000158b1906440 Exception <a 'java/lang/IncompatibleClassChangeError'{0x00000000eada0be8}: Found class java.lang.Object, but interface was expected> (0x00000000eada0be8) 
thrown [s\src\hotspot\share\interpreter\linkResolver.cpp, line 840]
Event: 0.985 Thread 0x00000158b1906440 Exception <a 'java/lang/NoSuchMethodError'{0x00000000eada4da0}: 'void java.lang.invoke.DirectMethodHandle$Holder.invokeStatic(java.lang.Object, java.lang.Object)'> (0x00000000eada4da0) 
thrown [s\src\hotspot\share\interpreter\linkResolver.cpp, line 773]
Event: 0.985 Thread 0x00000158b1906440 Exception <a 'java/lang/NoSuchMethodError'{0x00000000eada8148}: 'void java.lang.invoke.DirectMethodHandle$Holder.invokeStaticInit(java.lang.Object, java.lang.Object)'> (0x00000000eada8148) 
thrown [s\src\hotspot\share\interpreter\linkResolver.cpp, line 773]
Event: 0.986 Thread 0x00000158b1906440 Exception <a 'java/lang/NoSuchMethodError'{0x00000000eadaf388}: 'int java.lang.invoke.DirectMethodHandle$Holder.invokeStaticInit(java.lang.Object, java.lang.Object)'> (0x00000000eadaf388) 
thrown [s\src\hotspot\share\interpreter\linkResolver.cpp, line 773]
Event: 1.029 Thread 0x00000158b1906440 Exception <a 'java/lang/NoSuchMethodError'{0x00000000eaef04c8}: 'void java.lang.invoke.DirectMethodHandle$Holder.invokeSpecial(java.lang.Object, java.lang.Object, java.lang.Object)'> (0x00000000eaef04c8) 
thrown [s\src\hotspot\share\interpreter\linkResolver.cpp, line 773]
Event: 1.267 Thread 0x00000158b1906440 Exception <a 'java/lang/NoSuchMethodError'{0x00000000eb799810}: 'int java.lang.invoke.DirectMethodHandle$Holder.invokeVirtual(java.lang.Object, java.lang.Object)'> (0x00000000eb799810) 
thrown [s\src\hotspot\share\interpreter\linkResolver.cpp, line 773]
Event: 1.361 Thread 0x00000158b1906440 Exception <a 'java/lang/NoSuchMethodError'{0x00000000ebad3930}: 'java.lang.Object java.lang.invoke.DirectMethodHandle$Holder.newInvokeSpecial(java.lang.Object, int, java.lang.Object)'> (0x00000000ebad3930) 
thrown [s\src\hotspot\share\interpreter\linkResolver.cpp, line 773]
Event: 1.396 Thread 0x00000158b1906440 Exception <a 'java/lang/NoSuchMethodError'{0x00000000ebc675a0}: 'java.lang.Object java.lang.invoke.DirectMethodHandle$Holder.newInvokeSpecial(java.lang.Object, java.lang.Object, java.lang.Object, java.lang.Object, int, java.lang.Object)'> (0x00000000ebc675a0) 
thrown [s\src\hotspot\share\interpreter\linkResolver.cpp, line 773]
Event: 1.552 Thread 0x00000158b1906440 Exception <a 'java/lang/UnsatisfiedLinkError'{0x00000000ec0c6400}: 'void org.eclipse.equinox.launcher.JNIBridge._update_splash()'> (0x00000000ec0c6400) 
thrown [s\src\hotspot\share\prims\nativeLookup.cpp, line 415]
Event: 1.642 Thread 0x000001590bc06be0 Exception <a 'java/lang/NullPointerException'{0x00000000eac11d78}> (0x00000000eac11d78) 
thrown [s\src\hotspot\share\interpreter\linkResolver.cpp, line 1372]
Event: 1.642 Thread 0x000001590bc06be0 Exception <a 'java/lang/NullPointerException'{0x00000000eac12058}> (0x00000000eac12058) 
thrown [s\src\hotspot\share\interpreter\linkResolver.cpp, line 1372]

ZGC Phase Switch (0 events):
No events

VM Operations (20 events):
Event: 0.585 Executing VM operation: HandshakeAllThreads (Deoptimize)
Event: 0.585 Executing VM operation: HandshakeAllThreads (Deoptimize) done
Event: 0.600 Executing VM operation: HandshakeAllThreads (Deoptimize)
Event: 0.601 Executing VM operation: HandshakeAllThreads (Deoptimize) done
Event: 0.851 Executing VM operation: HandshakeAllThreads (Deoptimize)
Event: 0.851 Executing VM operation: HandshakeAllThreads (Deoptimize) done
Event: 0.915 Executing VM operation: ParallelGCFailedAllocation (Allocation Failure)
Event: 0.923 Executing VM operation: ParallelGCFailedAllocation (Allocation Failure) done
Event: 1.336 Executing VM operation: HandshakeAllThreads (Deoptimize)
Event: 1.336 Executing VM operation: HandshakeAllThreads (Deoptimize) done
Event: 1.346 Executing VM operation: HandshakeAllThreads (Deoptimize)
Event: 1.346 Executing VM operation: HandshakeAllThreads (Deoptimize) done
Event: 1.393 Executing VM operation: HandshakeAllThreads (Deoptimize)
Event: 1.393 Executing VM operation: HandshakeAllThreads (Deoptimize) done
Event: 1.621 Executing VM operation: ParallelGCFailedAllocation (Allocation Failure)
Event: 1.627 Executing VM operation: ParallelGCFailedAllocation (Allocation Failure) done
Event: 1.638 Executing VM operation: HandshakeAllThreads (Deoptimize)
Event: 1.638 Executing VM operation: HandshakeAllThreads (Deoptimize) done
Event: 1.759 Executing VM operation: HandshakeAllThreads (Deoptimize)
Event: 1.759 Executing VM operation: HandshakeAllThreads (Deoptimize) done

Memory protections (0 events):
No events

Nmethod flushes (0 events):
No events

Events (17 events):
Event: 0.090 Thread 0x00000158b1906440 Thread added: 0x00000158b1906440
Event: 0.121 Thread 0x00000158b1906440 Thread added: 0x00000158b3da4390
Event: 0.121 Thread 0x00000158b1906440 Thread added: 0x00000159091fbe40
Event: 0.122 Thread 0x00000158b1906440 Thread added: 0x00000158b3da4f40
Event: 0.122 Thread 0x00000158b1906440 Thread added: 0x00000158b3da5990
Event: 0.122 Thread 0x00000158b1906440 Thread added: 0x00000158b3da66a0
Event: 0.122 Thread 0x00000158b1906440 Thread added: 0x00000158b3dab2a0
Event: 0.123 Thread 0x00000158b1906440 Thread added: 0x00000158b3db5ee0
Event: 0.123 Thread 0x00000158b1906440 Thread added: 0x00000158b3db6bd0
Event: 0.145 Thread 0x00000158b1906440 Thread added: 0x00000158b3d6d190
Event: 0.306 Thread 0x00000158b3db5ee0 Thread added: 0x000001590a7df840
Event: 0.413 Thread 0x00000158b1906440 Thread added: 0x000001590b5020d0
Event: 1.322 Thread 0x00000158b1906440 Thread added: 0x000001590bc18700
Event: 1.542 Thread 0x00000158b1906440 Thread added: 0x000001590bc05da0
Event: 1.550 Thread 0x00000158b1906440 Thread added: 0x000001590bc06be0
Event: 1.594 Thread 0x000001590bc06be0 Thread added: 0x000001590bc2a6b0
Event: 1.740 Thread 0x000001590bc06be0 Thread added: 0x000001590bbcd650


Dynamic libraries:
0x00007ff6d7eb0000 - 0x00007ff6d7ebe000 	c:\Users\Sathishkumar\.vscode\extensions\redhat.java-1.41.1-win32-x64\jre\21.0.6-win32-x86_64\bin\java.exe
0x00007ffaf81f0000 - 0x00007ffaf8407000 	C:\WINDOWS\SYSTEM32\ntdll.dll
0x00007ffaf7040000 - 0x00007ffaf7104000 	C:\WINDOWS\System32\KERNEL32.DLL
0x00007ffaf57e0000 - 0x00007ffaf5bb3000 	C:\WINDOWS\System32\KERNELBASE.dll
0x00007ffaf54d0000 - 0x00007ffaf55e1000 	C:\WINDOWS\System32\ucrtbase.dll
0x00007ffaccda0000 - 0x00007ffaccdbe000 	c:\Users\Sathishkumar\.vscode\extensions\redhat.java-1.41.1-win32-x64\jre\21.0.6-win32-x86_64\bin\VCRUNTIME140.dll
0x00007ffaca560000 - 0x00007ffaca578000 	c:\Users\Sathishkumar\.vscode\extensions\redhat.java-1.41.1-win32-x64\jre\21.0.6-win32-x86_64\bin\jli.dll
0x00007ffaf62a0000 - 0x00007ffaf6451000 	C:\WINDOWS\System32\USER32.dll
0x00007ffaf5300000 - 0x00007ffaf5326000 	C:\WINDOWS\System32\win32u.dll
0x00007ffad99e0000 - 0x00007ffad9c78000 	C:\WINDOWS\WinSxS\amd64_microsoft.windows.common-controls_6595b64144ccf1df_6.0.22621.5124_none_270e8f4f7386d69d\COMCTL32.dll
0x00007ffaf6f10000 - 0x00007ffaf6f39000 	C:\WINDOWS\System32\GDI32.dll
0x00007ffaf5330000 - 0x00007ffaf544b000 	C:\WINDOWS\System32\gdi32full.dll
0x00007ffaf6d00000 - 0x00007ffaf6da7000 	C:\WINDOWS\System32\msvcrt.dll
0x00007ffaf5d30000 - 0x00007ffaf5dca000 	C:\WINDOWS\System32\msvcp_win.dll
0x00007ffaf7a80000 - 0x00007ffaf7ab1000 	C:\WINDOWS\System32\IMM32.DLL
0x00007ffacd120000 - 0x00007ffacd12c000 	c:\Users\Sathishkumar\.vscode\extensions\redhat.java-1.41.1-win32-x64\jre\21.0.6-win32-x86_64\bin\vcruntime140_1.dll
0x00007ffab2300000 - 0x00007ffab238d000 	c:\Users\Sathishkumar\.vscode\extensions\redhat.java-1.41.1-win32-x64\jre\21.0.6-win32-x86_64\bin\msvcp140.dll
0x00007ffa99200000 - 0x00007ffa99f90000 	c:\Users\Sathishkumar\.vscode\extensions\redhat.java-1.41.1-win32-x64\jre\21.0.6-win32-x86_64\bin\server\jvm.dll
0x00007ffaf6020000 - 0x00007ffaf60d1000 	C:\WINDOWS\System32\ADVAPI32.dll
0x00007ffaf78f0000 - 0x00007ffaf7998000 	C:\WINDOWS\System32\sechost.dll
0x00007ffaf5d00000 - 0x00007ffaf5d28000 	C:\WINDOWS\System32\bcrypt.dll
0x00007ffaf7260000 - 0x00007ffaf7374000 	C:\WINDOWS\System32\RPCRT4.dll
0x00007ffaf7110000 - 0x00007ffaf7181000 	C:\WINDOWS\System32\WS2_32.dll
0x00007ffaf51d0000 - 0x00007ffaf521d000 	C:\WINDOWS\SYSTEM32\POWRPROF.dll
0x00007ffaef8c0000 - 0x00007ffaef8f4000 	C:\WINDOWS\SYSTEM32\WINMM.dll
0x00007ffaebcf0000 - 0x00007ffaebcfa000 	C:\WINDOWS\SYSTEM32\VERSION.dll
0x00007ffaf51b0000 - 0x00007ffaf51c3000 	C:\WINDOWS\SYSTEM32\UMPDC.dll
0x00007ffaf4330000 - 0x00007ffaf4348000 	C:\WINDOWS\SYSTEM32\kernel.appcore.dll
0x00007ffaccd60000 - 0x00007ffaccd6a000 	c:\Users\Sathishkumar\.vscode\extensions\redhat.java-1.41.1-win32-x64\jre\21.0.6-win32-x86_64\bin\jimage.dll
0x00007ffaf2e00000 - 0x00007ffaf3032000 	C:\WINDOWS\SYSTEM32\DBGHELP.DLL
0x00007ffaf7430000 - 0x00007ffaf77c2000 	C:\WINDOWS\System32\combase.dll
0x00007ffaf79a0000 - 0x00007ffaf7a77000 	C:\WINDOWS\System32\OLEAUT32.dll
0x00007ffaeaef0000 - 0x00007ffaeaf22000 	C:\WINDOWS\SYSTEM32\dbgcore.DLL
0x00007ffaf5450000 - 0x00007ffaf54cb000 	C:\WINDOWS\System32\bcryptPrimitives.dll
0x00007ffacb9f0000 - 0x00007ffacb9ff000 	c:\Users\Sathishkumar\.vscode\extensions\redhat.java-1.41.1-win32-x64\jre\21.0.6-win32-x86_64\bin\instrument.dll
0x00007ffac8260000 - 0x00007ffac827f000 	c:\Users\Sathishkumar\.vscode\extensions\redhat.java-1.41.1-win32-x64\jre\21.0.6-win32-x86_64\bin\java.dll
0x00007ffaf6460000 - 0x00007ffaf6cf6000 	C:\WINDOWS\System32\SHELL32.dll
0x00007ffaf5bc0000 - 0x00007ffaf5cff000 	C:\WINDOWS\System32\wintypes.dll
0x00007ffaf3220000 - 0x00007ffaf3b3a000 	C:\WINDOWS\SYSTEM32\windows.storage.dll
0x00007ffaf5f10000 - 0x00007ffaf601a000 	C:\WINDOWS\System32\SHCORE.dll
0x00007ffaf6f40000 - 0x00007ffaf6fa3000 	C:\WINDOWS\System32\shlwapi.dll
0x00007ffaf5230000 - 0x00007ffaf525b000 	C:\WINDOWS\SYSTEM32\profapi.dll
0x00007ffac3ee0000 - 0x00007ffac3ef8000 	c:\Users\Sathishkumar\.vscode\extensions\redhat.java-1.41.1-win32-x64\jre\21.0.6-win32-x86_64\bin\zip.dll
0x00007ffac9cc0000 - 0x00007ffac9cd0000 	C:\Users\Sathishkumar\.vscode\extensions\redhat.java-1.41.1-win32-x64\jre\21.0.6-win32-x86_64\bin\net.dll
0x00007ffaf0410000 - 0x00007ffaf053c000 	C:\WINDOWS\SYSTEM32\WINHTTP.dll
0x00007ffaf47b0000 - 0x00007ffaf481a000 	C:\WINDOWS\system32\mswsock.dll
0x00007ffac0a80000 - 0x00007ffac0a96000 	C:\Users\Sathishkumar\.vscode\extensions\redhat.java-1.41.1-win32-x64\jre\21.0.6-win32-x86_64\bin\nio.dll
0x00007ffac9830000 - 0x00007ffac9840000 	c:\Users\Sathishkumar\.vscode\extensions\redhat.java-1.41.1-win32-x64\jre\21.0.6-win32-x86_64\bin\verify.dll
0x00007ffab7100000 - 0x00007ffab7145000 	C:\Users\Sathishkumar\AppData\Roaming\Code\User\globalStorage\redhat.java\1.41.1\config_ss_win\org.eclipse.equinox.launcher\org.eclipse.equinox.launcher.win32.win32.x86_64_1.2.1300.v20250331-1702\eclipse_11911.dll
0x00007ffaf60f0000 - 0x00007ffaf6291000 	C:\WINDOWS\System32\ole32.dll

dbghelp: loaded successfully - version: 4.0.5 - missing functions: none
symbol engine: initialized successfully - sym options: 0x614 - pdb path: .;c:\Users\Sathishkumar\.vscode\extensions\redhat.java-1.41.1-win32-x64\jre\21.0.6-win32-x86_64\bin;C:\WINDOWS\SYSTEM32;C:\WINDOWS\WinSxS\amd64_microsoft.windows.common-controls_6595b64144ccf1df_6.0.22621.5124_none_270e8f4f7386d69d;c:\Users\Sathishkumar\.vscode\extensions\redhat.java-1.41.1-win32-x64\jre\21.0.6-win32-x86_64\bin\server;C:\Users\Sathishkumar\AppData\Roaming\Code\User\globalStorage\redhat.java\1.41.1\config_ss_win\org.eclipse.equinox.launcher\org.eclipse.equinox.launcher.win32.win32.x86_64_1.2.1300.v20250331-1702

VM Arguments:
jvm_args: --add-modules=ALL-SYSTEM --add-opens=java.base/java.util=ALL-UNNAMED --add-opens=java.base/java.lang=ALL-UNNAMED --add-opens=java.base/sun.nio.fs=ALL-UNNAMED -Declipse.application=org.eclipse.jdt.ls.core.id1 -Dosgi.bundles.defaultStartLevel=4 -Declipse.product=org.eclipse.jdt.ls.core.product -Djava.import.generatesMetadataFilesAtProjectRoot=false -DDetectVMInstallationsJob.disabled=true -Dfile.encoding=utf8 -XX:+UseParallelGC -XX:GCTimeRatio=4 -XX:AdaptiveSizePolicyWeight=90 -Dsun.zip.disableMemoryMapping=true -Xmx1G -Xms100m -Xlog:disable -javaagent:c:\Users\Sathishkumar\.vscode\extensions\redhat.java-1.41.1-win32-x64\lombok\lombok-1.18.36.jar 
java_command: c:\Users\Sathishkumar\.vscode\extensions\redhat.java-1.41.1-win32-x64\server\plugins\org.eclipse.equinox.launcher_1.7.0.v20250331-1702.jar -configuration c:\Users\Sathishkumar\AppData\Roaming\Code\User\globalStorage\redhat.java\1.41.1\config_ss_win -data c:\Users\Sathishkumar\AppData\Roaming\Code\User\workspaceStorage\c89724eef4cea2055b3623321f8559ac\redhat.java\ss_ws --pipe=\\.\pipe\lsp-891dd250ce6340b6fa596a827f44fa44-sock
java_class_path (initial): c:\Users\Sathishkumar\.vscode\extensions\redhat.java-1.41.1-win32-x64\server\plugins\org.eclipse.equinox.launcher_1.7.0.v20250331-1702.jar
Launcher Type: SUN_STANDARD

[Global flags]
    uintx AdaptiveSizePolicyWeight                 = 90                                        {product} {command line}
     intx CICompilerCount                          = 4                                         {product} {ergonomic}
    uintx GCTimeRatio                              = 4                                         {product} {command line}
   size_t InitialHeapSize                          = 104857600                                 {product} {command line}
   size_t MaxHeapSize                              = 1073741824                                {product} {command line}
   size_t MaxNewSize                               = 357564416                                 {product} {ergonomic}
   size_t MinHeapDeltaBytes                        = 524288                                    {product} {ergonomic}
   size_t MinHeapSize                              = 104857600                                 {product} {command line}
   size_t NewSize                                  = 34603008                                  {product} {ergonomic}
    uintx NonNMethodCodeHeapSize                   = 5839372                                {pd product} {ergonomic}
    uintx NonProfiledCodeHeapSize                  = 122909434                              {pd product} {ergonomic}
   size_t OldSize                                  = 70254592                                  {product} {ergonomic}
    uintx ProfiledCodeHeapSize                     = 122909434                              {pd product} {ergonomic}
    uintx ReservedCodeCacheSize                    = 251658240                              {pd product} {ergonomic}
     bool SegmentedCodeCache                       = true                                      {product} {ergonomic}
   size_t SoftMaxHeapSize                          = 1073741824                             {manageable} {ergonomic}
     bool UseCompressedOops                        = true                           {product lp64_product} {ergonomic}
     bool UseLargePagesIndividualAllocation        = false                                  {pd product} {ergonomic}
     bool UseParallelGC                            = true                                      {product} {command line}

Logging:
Log output configuration:
 #0: stdout all=off uptime,level,tags foldmultilines=false
 #1: stderr all=off uptime,level,tags foldmultilines=false

Environment Variables:
JAVA_HOME=C:\Program Files\Java\jre1.8.0_251\jre1.8.0_251
PATH=C:\Python312\Scripts\;C:\Python312\;D:\BUS TRACKING\flutter;C:\Users\Sathishkumar\AppData\Roaming\Microsoft\Windows\Start Menu\Programs\Python 3.7;C:\Users\Sathishkumar\anaconda3\Scripts;C:\Program Files\Common Files\Oracle\Java\javapath;C:\Program Files (x86)\Common Files\Oracle\Java\java8path;C:\Program Files (x86)\Common Files\Oracle\Java\javapath;C:\WINDOWS\system32;C:\WINDOWS;C:\WINDOWS\System32\Wbem;C:\WINDOWS\System32\WindowsPowerShell\v1.0\;C:\WINDOWS\System32\OpenSSH\;C:\MinGW\bin;C:\Users\Sathishkumar\AppData\Local\Microsoft\WindowsApps;C:\Users\Sathishkumar\AppData\Local\Programs\Microsoft VS Code\bin;C:\Users\Sathishkumar\AppData\Roaming\npm;C:\adb;C:\WINDOWS\system32;C:\WINDOWS;C:\WINDOWS\System32\Wbem;C:\WINDOWS\System32\WindowsPowerShell\v1.0\;C:\WINDOWS\System32\OpenSSH\;C:\Program Files\Git\cmd;C:\Program Files\dotnet\;C:\Program Files\nodejs\;C:\ProgramData\chocolatey\bin;C:\Program Files\CMake\bin;E:\tttt\runtime\win64;E:\tttt\bin;C:\Program Files\Microsoft SQL Server\150\Tools\Binn\;C:\Program Files\Microsoft SQL Server\Client SDK\ODBC\170\Tools\Binn\;C:\Program Files (x86)\Microsoft SQL Server\160\Tools\Binn\;C:\Program Files\Microsoft SQL Server\160\Tools\Binn\;C:\Program Files\Microsoft SQL Server\160\DTS\Binn\;C:\Program Files (x86)\Microsoft SQL Server\160\DTS\Binn\;e:\CODESPACES\New folder (2)\Trae\bin;C:\Users\Sathishkumar\AppData\Local\Programs\Python\Python37\Scripts\;C:\Users\Sathishkumar\AppData\Local\Programs\Python\Python37\;C:\Program Files\MySQL\MySQL Shell 8.0\bin\;C:\MinGW\bin;C:\Users\Sathishkumar\AppData\Local\Microsoft\WindowsApps;C:\Users\Sathishkumar\AppData\Local\Programs\Microsoft VS Code\bin;C:\Program Files\Tesseract-OCR;C:\Program Files\poppler-24.02.0\Library\bin;C:\Users\Sathishkumar\AppData\Roaming\npm;C:\Users\Sathishkumar\.dotnet\tools;
USERNAME=Sathishkumar
OS=Windows_NT
PROCESSOR_IDENTIFIER=AMD64 Family 23 Model 104 Stepping 1, AuthenticAMD
TMP=C:\Users\SATHIS~1\AppData\Local\Temp
TEMP=C:\Users\SATHIS~1\AppData\Local\Temp




Periodic native trim disabled

---------------  S Y S T E M  ---------------

OS:
 Windows 11 , 64 bit Build 22621 (10.0.22621.5124)
OS uptime: 0 days 0:47 hours

CPU: total 12 (initial active 12) (12 cores per cpu, 2 threads per core) family 23 model 104 stepping 1 microcode 0x0, cx8, cmov, fxsr, ht, mmx, 3dnowpref, sse, sse2, sse3, ssse3, sse4a, sse4.1, sse4.2, popcnt, lzcnt, tsc, tscinvbit, avx, avx2, aes, clmul, bmi1, bmi2, adx, sha, fma, vzeroupper, clflush, clflushopt, rdtscp, rdpid, f16c
Processor Information for processor 0
  Max Mhz: 2100, Current Mhz: 2100, Mhz Limit: 2100
Processor Information for processor 1
  Max Mhz: 2100, Current Mhz: 1988, Mhz Limit: 2100
Processor Information for processor 2
  Max Mhz: 2100, Current Mhz: 1988, Mhz Limit: 2100
Processor Information for processor 3
  Max Mhz: 2100, Current Mhz: 2100, Mhz Limit: 2100
Processor Information for processor 4
  Max Mhz: 2100, Current Mhz: 2100, Mhz Limit: 2100
Processor Information for processor 5
  Max Mhz: 2100, Current Mhz: 1988, Mhz Limit: 2100
Processor Information for processor 6
  Max Mhz: 2100, Current Mhz: 2100, Mhz Limit: 2100
Processor Information for processor 7
  Max Mhz: 2100, Current Mhz: 2100, Mhz Limit: 2100
Processor Information for processor 8
  Max Mhz: 2100, Current Mhz: 2100, Mhz Limit: 2100
Processor Information for processor 9
  Max Mhz: 2100, Current Mhz: 2100, Mhz Limit: 2100
Processor Information for processor 10
  Max Mhz: 2100, Current Mhz: 2100, Mhz Limit: 2100
Processor Information for processor 11
  Max Mhz: 2100, Current Mhz: 1988, Mhz Limit: 2100

Memory: 4k page, system-wide physical 5989M (378M free)
TotalPageFile size 10611M (AvailPageFile size 6M)
current process WorkingSet (physical memory assigned to process): 100M, peak: 100M
current process commit charge ("private bytes"): 219M, peak: 219M

vm_info: OpenJDK 64-Bit Server VM (21.0.6+7-LTS) for windows-amd64 JRE (21.0.6+7-LTS), built on 2025-01-21T00:00:00Z by "admin" with MS VC++ 17.7 (VS2022)

END.
